2020-06-30 10:22:38,170| FATAL 
Application startup exception
Method 'QueryMuchTable' in type 'Funeral.Core.Repository.PermissionRepository' from assembly 'Funeral.Core.Repository, Version=1.0.0.0, Culture=neutral, PublicKeyToken=null' does not have an implementation.
--------------------------------
System.Reflection.ReflectionTypeLoadException: Unable to load one or more of the requested types.
Method 'QueryMuchTable' in type 'Funeral.Core.Repository.PermissionRepository' from assembly 'Funeral.Core.Repository, Version=1.0.0.0, Culture=neutral, PublicKeyToken=null' does not have an implementation.
   at System.Reflection.RuntimeModule.GetTypes(RuntimeModule module)
   at System.Reflection.RuntimeModule.GetTypes()
   at System.Reflection.Assembly.GetTypes()
   at Funeral.Core.Extensions.AllServicesMildd.UseAllServicesMildd(IApplicationBuilder app, IServiceCollection _services) in D:\Projects\Funeral.Core\Funeral.Core\Funeral.Core\Middlewares\AllServicesMildd.cs:line 23
   at Funeral.Core.Startup.Configure(IApplicationBuilder app, IWebHostEnvironment env, MyContext myContext, ITasksQzServices tasksQzServices, ISchedulerCenter schedulerCenter, IHostApplicationLifetime lifetime) in D:\Projects\Funeral.Core\Funeral.Core\Funeral.Core\Startup.cs:line 120
   at System.RuntimeMethodHandle.InvokeMethod(Object target, Object[] arguments, Signature sig, Boolean constructor, Boolean wrapExceptions)
   at System.Reflection.RuntimeMethodInfo.Invoke(Object obj, BindingFlags invokeAttr, Binder binder, Object[] parameters, CultureInfo culture)
   at Microsoft.AspNetCore.Hosting.ConfigureBuilder.Invoke(Object instance, IApplicationBuilder builder)
   at Microsoft.AspNetCore.Hosting.ConfigureBuilder.<>c__DisplayClass4_0.<Build>b__0(IApplicationBuilder builder)
   at Microsoft.AspNetCore.Hosting.GenericWebHostBuilder.<>c__DisplayClass13_0.<UseStartup>b__2(IApplicationBuilder app)
   at Microsoft.AspNetCore.Mvc.Filters.MiddlewareFilterBuilderStartupFilter.<>c__DisplayClass0_0.<Configure>g__MiddlewareFilterBuilder|0(IApplicationBuilder builder)
   at Microsoft.AspNetCore.Server.IISIntegration.IISSetupFilter.<>c__DisplayClass4_0.<Configure>b__0(IApplicationBuilder app)
   at Microsoft.AspNetCore.HostFilteringStartupFilter.<>c__DisplayClass0_0.<Configure>b__0(IApplicationBuilder app)
   at Microsoft.AspNetCore.Hosting.GenericWebHostService.StartAsync(CancellationToken cancellationToken)
System.TypeLoadException: Method 'QueryMuchTable' in type 'Funeral.Core.Repository.PermissionRepository' from assembly 'Funeral.Core.Repository, Version=1.0.0.0, Culture=neutral, PublicKeyToken=null' does not have an implementation.
2020-06-30 10:24:45,550| FATAL 
Application startup exception
Method 'QueryMuchTable' in type 'Funeral.Core.Services.PermissionServices' from assembly 'Funeral.Core.Services, Version=1.0.0.0, Culture=neutral, PublicKeyToken=null' does not have an implementation.
--------------------------------
System.Reflection.ReflectionTypeLoadException: Unable to load one or more of the requested types.
Method 'QueryMuchTable' in type 'Funeral.Core.Services.PermissionServices' from assembly 'Funeral.Core.Services, Version=1.0.0.0, Culture=neutral, PublicKeyToken=null' does not have an implementation.
   at System.Reflection.RuntimeModule.GetTypes(RuntimeModule module)
   at System.Reflection.RuntimeModule.GetTypes()
   at System.Reflection.Assembly.GetTypes()
   at Funeral.Core.Extensions.AllServicesMildd.UseAllServicesMildd(IApplicationBuilder app, IServiceCollection _services) in D:\Projects\Funeral.Core\Funeral.Core\Funeral.Core\Middlewares\AllServicesMildd.cs:line 22
   at Funeral.Core.Startup.Configure(IApplicationBuilder app, IWebHostEnvironment env, MyContext myContext, ITasksQzServices tasksQzServices, ISchedulerCenter schedulerCenter, IHostApplicationLifetime lifetime) in D:\Projects\Funeral.Core\Funeral.Core\Funeral.Core\Startup.cs:line 120
   at System.RuntimeMethodHandle.InvokeMethod(Object target, Object[] arguments, Signature sig, Boolean constructor, Boolean wrapExceptions)
   at System.Reflection.RuntimeMethodInfo.Invoke(Object obj, BindingFlags invokeAttr, Binder binder, Object[] parameters, CultureInfo culture)
   at Microsoft.AspNetCore.Hosting.ConfigureBuilder.Invoke(Object instance, IApplicationBuilder builder)
   at Microsoft.AspNetCore.Hosting.ConfigureBuilder.<>c__DisplayClass4_0.<Build>b__0(IApplicationBuilder builder)
   at Microsoft.AspNetCore.Hosting.GenericWebHostBuilder.<>c__DisplayClass13_0.<UseStartup>b__2(IApplicationBuilder app)
   at Microsoft.AspNetCore.Mvc.Filters.MiddlewareFilterBuilderStartupFilter.<>c__DisplayClass0_0.<Configure>g__MiddlewareFilterBuilder|0(IApplicationBuilder builder)
   at Microsoft.AspNetCore.Server.IISIntegration.IISSetupFilter.<>c__DisplayClass4_0.<Configure>b__0(IApplicationBuilder app)
   at Microsoft.AspNetCore.HostFilteringStartupFilter.<>c__DisplayClass0_0.<Configure>b__0(IApplicationBuilder app)
   at Microsoft.AspNetCore.Hosting.GenericWebHostService.StartAsync(CancellationToken cancellationToken)
System.TypeLoadException: Method 'QueryMuchTable' in type 'Funeral.Core.Services.PermissionServices' from assembly 'Funeral.Core.Services, Version=1.0.0.0, Culture=neutral, PublicKeyToken=null' does not have an implementation.
2020-06-30 10:26:18,163| ERROR 
Method not found: 'System.Threading.Tasks.Task`1<System.Collections.Generic.List`1<Funeral.Core.Model.Models.Permission>> Funeral.Core.IServices.IPermissionServices.QueryMuchTable(System.Linq.Expressions.Expression`1<System.Func`3<Funeral.Core.Model.Models.Permission,Funeral.Core.Model.Models.Modules,Boolean>>)'.
【自定义错误】：Method not found: 'System.Threading.Tasks.Task`1<System.Collections.Generic.List`1<Funeral.Core.Model.Models.Permission>> Funeral.Core.IServices.IPermissionServices.QueryMuchTable(System.Linq.Expressions.Expression`1<System.Func`3<Funeral.Core.Model.Models.Permission,Funeral.Core.Model.Models.Modules,Boolean>>)'. 
【异常类型】：MissingMethodException 
【异常信息】：Method not found: 'System.Threading.Tasks.Task`1<System.Collections.Generic.List`1<Funeral.Core.Model.Models.Permission>> Funeral.Core.IServices.IPermissionServices.QueryMuchTable(System.Linq.Expressions.Expression`1<System.Func`3<Funeral.Core.Model.Models.Permission,Funeral.Core.Model.Models.Modules,Boolean>>)'. 
【堆栈调用】：   at Funeral.Core.Controllers.PermissionController.GetNavigationBar(Int32 uid)
   at System.Runtime.CompilerServices.AsyncMethodBuilderCore.Start[TStateMachine](TStateMachine& stateMachine)
   at Funeral.Core.Controllers.PermissionController.GetNavigationBar(Int32 uid)
   at lambda_method(Closure , Object , Object[] )
   at Microsoft.Extensions.Internal.ObjectMethodExecutor.ExecuteAsync(Object target, Object[] parameters)
   at Microsoft.AspNetCore.Mvc.Infrastructure.ActionMethodExecutor.AwaitableObjectResultExecutor.Execute(IActionResultTypeMapper mapper, ObjectMethodExecutor executor, Object controller, Object[] arguments)
   at Microsoft.AspNetCore.Mvc.Infrastructure.ControllerActionInvoker.<InvokeActionMethodAsync>g__Awaited|12_0(ControllerActionInvoker invoker, ValueTask`1 actionResultValueTask)
   at Microsoft.AspNetCore.Mvc.Infrastructure.ControllerActionInvoker.<InvokeNextActionFilterAsync>g__Awaited|10_0(ControllerActionInvoker invoker, Task lastTask, State next, Scope scope, Object state, Boolean isCompleted)
   at Microsoft.AspNetCore.Mvc.Infrastructure.ControllerActionInvoker.Rethrow(ActionExecutedContextSealed context)
   at Microsoft.AspNetCore.Mvc.Infrastructure.ControllerActionInvoker.Next(State& next, Scope& scope, Object& state, Boolean& isCompleted)
   at Microsoft.AspNetCore.Mvc.Infrastructure.ControllerActionInvoker.InvokeInnerFilterAsync()
--- End of stack trace from previous location where exception was thrown ---
   at Microsoft.AspNetCore.Mvc.Infrastructure.ResourceInvoker.<InvokeNextExceptionFilterAsync>g__Awaited|25_0(ResourceInvoker invoker, Task lastTask, State next, Scope scope, Object state, Boolean isCompleted)
--------------------------------
2020-06-30 10:26:28,870| ERROR 
Method not found: 'System.Threading.Tasks.Task`1<System.Collections.Generic.List`1<Funeral.Core.Model.Models.Permission>> Funeral.Core.IServices.IPermissionServices.QueryMuchTable(System.Linq.Expressions.Expression`1<System.Func`3<Funeral.Core.Model.Models.Permission,Funeral.Core.Model.Models.Modules,Boolean>>)'.
【自定义错误】：Method not found: 'System.Threading.Tasks.Task`1<System.Collections.Generic.List`1<Funeral.Core.Model.Models.Permission>> Funeral.Core.IServices.IPermissionServices.QueryMuchTable(System.Linq.Expressions.Expression`1<System.Func`3<Funeral.Core.Model.Models.Permission,Funeral.Core.Model.Models.Modules,Boolean>>)'. 
【异常类型】：MissingMethodException 
【异常信息】：Method not found: 'System.Threading.Tasks.Task`1<System.Collections.Generic.List`1<Funeral.Core.Model.Models.Permission>> Funeral.Core.IServices.IPermissionServices.QueryMuchTable(System.Linq.Expressions.Expression`1<System.Func`3<Funeral.Core.Model.Models.Permission,Funeral.Core.Model.Models.Modules,Boolean>>)'. 
【堆栈调用】：   at Funeral.Core.Controllers.PermissionController.GetNavigationBar(Int32 uid)
   at System.Runtime.CompilerServices.AsyncMethodBuilderCore.Start[TStateMachine](TStateMachine& stateMachine)
   at Funeral.Core.Controllers.PermissionController.GetNavigationBar(Int32 uid)
   at lambda_method(Closure , Object , Object[] )
   at Microsoft.Extensions.Internal.ObjectMethodExecutor.ExecuteAsync(Object target, Object[] parameters)
   at Microsoft.AspNetCore.Mvc.Infrastructure.ActionMethodExecutor.AwaitableObjectResultExecutor.Execute(IActionResultTypeMapper mapper, ObjectMethodExecutor executor, Object controller, Object[] arguments)
   at Microsoft.AspNetCore.Mvc.Infrastructure.ControllerActionInvoker.<InvokeActionMethodAsync>g__Awaited|12_0(ControllerActionInvoker invoker, ValueTask`1 actionResultValueTask)
   at Microsoft.AspNetCore.Mvc.Infrastructure.ControllerActionInvoker.<InvokeNextActionFilterAsync>g__Awaited|10_0(ControllerActionInvoker invoker, Task lastTask, State next, Scope scope, Object state, Boolean isCompleted)
   at Microsoft.AspNetCore.Mvc.Infrastructure.ControllerActionInvoker.Rethrow(ActionExecutedContextSealed context)
   at Microsoft.AspNetCore.Mvc.Infrastructure.ControllerActionInvoker.Next(State& next, Scope& scope, Object& state, Boolean& isCompleted)
   at Microsoft.AspNetCore.Mvc.Infrastructure.ControllerActionInvoker.InvokeInnerFilterAsync()
--- End of stack trace from previous location where exception was thrown ---
   at Microsoft.AspNetCore.Mvc.Infrastructure.ResourceInvoker.<InvokeNextExceptionFilterAsync>g__Awaited|25_0(ResourceInvoker invoker, Task lastTask, State next, Scope scope, Object state, Boolean isCompleted)
--------------------------------
2020-06-30 10:50:50,023| FATAL 
Application startup exception
Method 'QueryMuchTable' in type 'Funeral.Core.Repository.PermissionRepository' from assembly 'Funeral.Core.Repository, Version=1.0.0.0, Culture=neutral, PublicKeyToken=null' does not have an implementation.
--------------------------------
System.Reflection.ReflectionTypeLoadException: Unable to load one or more of the requested types.
Method 'QueryMuchTable' in type 'Funeral.Core.Repository.PermissionRepository' from assembly 'Funeral.Core.Repository, Version=1.0.0.0, Culture=neutral, PublicKeyToken=null' does not have an implementation.
   at System.Reflection.RuntimeModule.GetTypes(RuntimeModule module)
   at System.Reflection.RuntimeModule.GetTypes()
   at System.Reflection.Assembly.GetTypes()
   at Funeral.Core.Extensions.AllServicesMildd.UseAllServicesMildd(IApplicationBuilder app, IServiceCollection _services) in D:\Projects\Funeral.Core\Funeral.Core\Funeral.Core\Middlewares\AllServicesMildd.cs:line 23
   at Funeral.Core.Startup.Configure(IApplicationBuilder app, IWebHostEnvironment env, MyContext myContext, ITasksQzServices tasksQzServices, ISchedulerCenter schedulerCenter, IHostApplicationLifetime lifetime) in D:\Projects\Funeral.Core\Funeral.Core\Funeral.Core\Startup.cs:line 120
   at System.RuntimeMethodHandle.InvokeMethod(Object target, Object[] arguments, Signature sig, Boolean constructor, Boolean wrapExceptions)
   at System.Reflection.RuntimeMethodInfo.Invoke(Object obj, BindingFlags invokeAttr, Binder binder, Object[] parameters, CultureInfo culture)
   at Microsoft.AspNetCore.Hosting.ConfigureBuilder.Invoke(Object instance, IApplicationBuilder builder)
   at Microsoft.AspNetCore.Hosting.ConfigureBuilder.<>c__DisplayClass4_0.<Build>b__0(IApplicationBuilder builder)
   at Microsoft.AspNetCore.Hosting.GenericWebHostBuilder.<>c__DisplayClass13_0.<UseStartup>b__2(IApplicationBuilder app)
   at Microsoft.AspNetCore.Mvc.Filters.MiddlewareFilterBuilderStartupFilter.<>c__DisplayClass0_0.<Configure>g__MiddlewareFilterBuilder|0(IApplicationBuilder builder)
   at Microsoft.AspNetCore.Server.IISIntegration.IISSetupFilter.<>c__DisplayClass4_0.<Configure>b__0(IApplicationBuilder app)
   at Microsoft.AspNetCore.HostFilteringStartupFilter.<>c__DisplayClass0_0.<Configure>b__0(IApplicationBuilder app)
   at Microsoft.AspNetCore.Hosting.GenericWebHostService.StartAsync(CancellationToken cancellationToken)
System.TypeLoadException: Method 'QueryMuchTable' in type 'Funeral.Core.Repository.PermissionRepository' from assembly 'Funeral.Core.Repository, Version=1.0.0.0, Culture=neutral, PublicKeyToken=null' does not have an implementation.
2020-06-30 13:50:29,538| ERROR 
The CommandText property has not been properly initialized.
【自定义错误】：The CommandText property has not been properly initialized. 
【异常类型】：InvalidOperationException 
【异常信息】：The CommandText property has not been properly initialized. 
【堆栈调用】：   at SqlSugar.AdoProvider.GetDataReaderAsync(String sql, SugarParameter[] parameters)
   at SqlSugar.AdoProvider.SqlQueryAsync[T,T2,T3,T4,T5,T6,T7](String sql, Object parameters)
   at SqlSugar.AdoProvider.SqlQueryAsync[T](String sql, SugarParameter[] parameters)
   at Funeral.Core.Repository.Base.BaseRepository`1.QuerySql(String strSql, SugarParameter[] parameters)
   at Funeral.Core.Services.BASE.BaseServices`1.QuerySql(String strSql, SugarParameter[] parameters) in D:\Projects\Funeral.Core\Funeral.Core\Funeral.Core.Services\BASE\BaseServices.cs:line 200
   at Funeral.Core.AOP.InternalAsyncHelper.AwaitTaskWithPostActionAndFinallyAndGetResult[T](Task`1 actualReturnValue, Func`2 postAction, Action`1 finalAction) in D:\Projects\Funeral.Core\Funeral.Core\Funeral.Core\AOP\FuneralLogAOP.cs:line 208
   at Funeral.Core.Controllers.RoleController.Get(Int32 pageindex, Int32 pagesize, String key, Int32 id) in D:\Projects\Funeral.Core\Funeral.Core\Funeral.Core\Controllers\RoleController.cs:line 107
   at lambda_method(Closure , Object )
   at Microsoft.Extensions.Internal.ObjectMethodExecutorAwaitable.Awaiter.GetResult()
   at Microsoft.AspNetCore.Mvc.Infrastructure.ActionMethodExecutor.AwaitableObjectResultExecutor.Execute(IActionResultTypeMapper mapper, ObjectMethodExecutor executor, Object controller, Object[] arguments)
   at Microsoft.AspNetCore.Mvc.Infrastructure.ControllerActionInvoker.<InvokeActionMethodAsync>g__Awaited|12_0(ControllerActionInvoker invoker, ValueTask`1 actionResultValueTask)
   at Microsoft.AspNetCore.Mvc.Infrastructure.ControllerActionInvoker.<InvokeNextActionFilterAsync>g__Awaited|10_0(ControllerActionInvoker invoker, Task lastTask, State next, Scope scope, Object state, Boolean isCompleted)
   at Microsoft.AspNetCore.Mvc.Infrastructure.ControllerActionInvoker.Rethrow(ActionExecutedContextSealed context)
   at Microsoft.AspNetCore.Mvc.Infrastructure.ControllerActionInvoker.Next(State& next, Scope& scope, Object& state, Boolean& isCompleted)
   at Microsoft.AspNetCore.Mvc.Infrastructure.ControllerActionInvoker.InvokeInnerFilterAsync()
--- End of stack trace from previous location where exception was thrown ---
   at Microsoft.AspNetCore.Mvc.Infrastructure.ResourceInvoker.<InvokeNextExceptionFilterAsync>g__Awaited|25_0(ResourceInvoker invoker, Task lastTask, State next, Scope scope, Object state, Boolean isCompleted)
--------------------------------
2020-06-30 13:50:34,798| ERROR 
The CommandText property has not been properly initialized.
【自定义错误】：The CommandText property has not been properly initialized. 
【异常类型】：InvalidOperationException 
【异常信息】：The CommandText property has not been properly initialized. 
【堆栈调用】：   at SqlSugar.AdoProvider.GetDataReaderAsync(String sql, SugarParameter[] parameters)
   at SqlSugar.AdoProvider.SqlQueryAsync[T,T2,T3,T4,T5,T6,T7](String sql, Object parameters)
   at SqlSugar.AdoProvider.SqlQueryAsync[T](String sql, SugarParameter[] parameters)
   at Funeral.Core.Repository.Base.BaseRepository`1.QuerySql(String strSql, SugarParameter[] parameters)
   at Funeral.Core.Services.BASE.BaseServices`1.QuerySql(String strSql, SugarParameter[] parameters) in D:\Projects\Funeral.Core\Funeral.Core\Funeral.Core.Services\BASE\BaseServices.cs:line 200
   at Funeral.Core.AOP.InternalAsyncHelper.AwaitTaskWithPostActionAndFinallyAndGetResult[T](Task`1 actualReturnValue, Func`2 postAction, Action`1 finalAction) in D:\Projects\Funeral.Core\Funeral.Core\Funeral.Core\AOP\FuneralLogAOP.cs:line 208
   at Funeral.Core.Controllers.RoleController.Get(Int32 pageindex, Int32 pagesize, String key, Int32 id) in D:\Projects\Funeral.Core\Funeral.Core\Funeral.Core\Controllers\RoleController.cs:line 107
   at lambda_method(Closure , Object )
   at Microsoft.Extensions.Internal.ObjectMethodExecutorAwaitable.Awaiter.GetResult()
   at Microsoft.AspNetCore.Mvc.Infrastructure.ActionMethodExecutor.AwaitableObjectResultExecutor.Execute(IActionResultTypeMapper mapper, ObjectMethodExecutor executor, Object controller, Object[] arguments)
   at Microsoft.AspNetCore.Mvc.Infrastructure.ControllerActionInvoker.<InvokeActionMethodAsync>g__Awaited|12_0(ControllerActionInvoker invoker, ValueTask`1 actionResultValueTask)
   at Microsoft.AspNetCore.Mvc.Infrastructure.ControllerActionInvoker.<InvokeNextActionFilterAsync>g__Awaited|10_0(ControllerActionInvoker invoker, Task lastTask, State next, Scope scope, Object state, Boolean isCompleted)
   at Microsoft.AspNetCore.Mvc.Infrastructure.ControllerActionInvoker.Rethrow(ActionExecutedContextSealed context)
   at Microsoft.AspNetCore.Mvc.Infrastructure.ControllerActionInvoker.Next(State& next, Scope& scope, Object& state, Boolean& isCompleted)
   at Microsoft.AspNetCore.Mvc.Infrastructure.ControllerActionInvoker.InvokeInnerFilterAsync()
--- End of stack trace from previous location where exception was thrown ---
   at Microsoft.AspNetCore.Mvc.Infrastructure.ResourceInvoker.<InvokeNextExceptionFilterAsync>g__Awaited|25_0(ResourceInvoker invoker, Task lastTask, State next, Scope scope, Object state, Boolean isCompleted)
--------------------------------
2020-06-30 13:50:43,538| ERROR 
The CommandText property has not been properly initialized.
【自定义错误】：The CommandText property has not been properly initialized. 
【异常类型】：InvalidOperationException 
【异常信息】：The CommandText property has not been properly initialized. 
【堆栈调用】：   at SqlSugar.AdoProvider.GetDataReaderAsync(String sql, SugarParameter[] parameters)
   at SqlSugar.AdoProvider.SqlQueryAsync[T,T2,T3,T4,T5,T6,T7](String sql, Object parameters)
   at SqlSugar.AdoProvider.SqlQueryAsync[T](String sql, SugarParameter[] parameters)
   at Funeral.Core.Repository.Base.BaseRepository`1.QuerySql(String strSql, SugarParameter[] parameters)
   at Funeral.Core.Services.BASE.BaseServices`1.QuerySql(String strSql, SugarParameter[] parameters) in D:\Projects\Funeral.Core\Funeral.Core\Funeral.Core.Services\BASE\BaseServices.cs:line 200
   at Funeral.Core.AOP.InternalAsyncHelper.AwaitTaskWithPostActionAndFinallyAndGetResult[T](Task`1 actualReturnValue, Func`2 postAction, Action`1 finalAction) in D:\Projects\Funeral.Core\Funeral.Core\Funeral.Core\AOP\FuneralLogAOP.cs:line 208
   at Funeral.Core.Controllers.RoleController.Get(Int32 pageindex, Int32 pagesize, String key, Int32 id) in D:\Projects\Funeral.Core\Funeral.Core\Funeral.Core\Controllers\RoleController.cs:line 107
   at lambda_method(Closure , Object )
   at Microsoft.AspNetCore.Mvc.Infrastructure.ActionMethodExecutor.AwaitableObjectResultExecutor.Execute(IActionResultTypeMapper mapper, ObjectMethodExecutor executor, Object controller, Object[] arguments)
   at Microsoft.AspNetCore.Mvc.Infrastructure.ControllerActionInvoker.<InvokeActionMethodAsync>g__Awaited|12_0(ControllerActionInvoker invoker, ValueTask`1 actionResultValueTask)
   at Microsoft.AspNetCore.Mvc.Infrastructure.ControllerActionInvoker.<InvokeNextActionFilterAsync>g__Awaited|10_0(ControllerActionInvoker invoker, Task lastTask, State next, Scope scope, Object state, Boolean isCompleted)
   at Microsoft.AspNetCore.Mvc.Infrastructure.ControllerActionInvoker.Rethrow(ActionExecutedContextSealed context)
   at Microsoft.AspNetCore.Mvc.Infrastructure.ControllerActionInvoker.Next(State& next, Scope& scope, Object& state, Boolean& isCompleted)
   at Microsoft.AspNetCore.Mvc.Infrastructure.ControllerActionInvoker.InvokeInnerFilterAsync()
--- End of stack trace from previous location where exception was thrown ---
   at Microsoft.AspNetCore.Mvc.Infrastructure.ResourceInvoker.<InvokeNextExceptionFilterAsync>g__Awaited|25_0(ResourceInvoker invoker, Task lastTask, State next, Scope scope, Object state, Boolean isCompleted)
--------------------------------
2020-06-30 13:51:35,717| ERROR 
The CommandText property has not been properly initialized.
【自定义错误】：The CommandText property has not been properly initialized. 
【异常类型】：InvalidOperationException 
【异常信息】：The CommandText property has not been properly initialized. 
【堆栈调用】：   at SqlSugar.AdoProvider.GetDataReaderAsync(String sql, SugarParameter[] parameters)
   at SqlSugar.AdoProvider.SqlQueryAsync[T,T2,T3,T4,T5,T6,T7](String sql, Object parameters)
   at SqlSugar.AdoProvider.SqlQueryAsync[T](String sql, SugarParameter[] parameters)
   at Funeral.Core.Repository.Base.BaseRepository`1.QuerySql(String strSql, SugarParameter[] parameters)
   at Funeral.Core.Services.BASE.BaseServices`1.QuerySql(String strSql, SugarParameter[] parameters) in D:\Projects\Funeral.Core\Funeral.Core\Funeral.Core.Services\BASE\BaseServices.cs:line 200
   at Funeral.Core.AOP.InternalAsyncHelper.AwaitTaskWithPostActionAndFinallyAndGetResult[T](Task`1 actualReturnValue, Func`2 postAction, Action`1 finalAction) in D:\Projects\Funeral.Core\Funeral.Core\Funeral.Core\AOP\FuneralLogAOP.cs:line 208
   at Funeral.Core.Controllers.RoleController.Get(Int32 pageindex, Int32 pagesize, String key, Int32 id) in D:\Projects\Funeral.Core\Funeral.Core\Funeral.Core\Controllers\RoleController.cs:line 107
   at lambda_method(Closure , Object )
   at Microsoft.AspNetCore.Mvc.Infrastructure.ActionMethodExecutor.AwaitableObjectResultExecutor.Execute(IActionResultTypeMapper mapper, ObjectMethodExecutor executor, Object controller, Object[] arguments)
   at Microsoft.AspNetCore.Mvc.Infrastructure.ControllerActionInvoker.<InvokeActionMethodAsync>g__Awaited|12_0(ControllerActionInvoker invoker, ValueTask`1 actionResultValueTask)
   at Microsoft.AspNetCore.Mvc.Infrastructure.ControllerActionInvoker.<InvokeNextActionFilterAsync>g__Awaited|10_0(ControllerActionInvoker invoker, Task lastTask, State next, Scope scope, Object state, Boolean isCompleted)
   at Microsoft.AspNetCore.Mvc.Infrastructure.ControllerActionInvoker.Rethrow(ActionExecutedContextSealed context)
   at Microsoft.AspNetCore.Mvc.Infrastructure.ControllerActionInvoker.Next(State& next, Scope& scope, Object& state, Boolean& isCompleted)
   at Microsoft.AspNetCore.Mvc.Infrastructure.ControllerActionInvoker.InvokeInnerFilterAsync()
--- End of stack trace from previous location where exception was thrown ---
   at Microsoft.AspNetCore.Mvc.Infrastructure.ResourceInvoker.<InvokeNextExceptionFilterAsync>g__Awaited|25_0(ResourceInvoker invoker, Task lastTask, State next, Scope scope, Object state, Boolean isCompleted)
--------------------------------
2020-06-30 13:51:54,644| ERROR 
The CommandText property has not been properly initialized.
【自定义错误】：The CommandText property has not been properly initialized. 
【异常类型】：InvalidOperationException 
【异常信息】：The CommandText property has not been properly initialized. 
【堆栈调用】：   at SqlSugar.AdoProvider.GetDataReaderAsync(String sql, SugarParameter[] parameters)
   at SqlSugar.AdoProvider.SqlQueryAsync[T,T2,T3,T4,T5,T6,T7](String sql, Object parameters)
   at SqlSugar.AdoProvider.SqlQueryAsync[T](String sql, SugarParameter[] parameters)
   at Funeral.Core.Repository.Base.BaseRepository`1.QuerySql(String strSql, SugarParameter[] parameters)
   at Funeral.Core.Services.BASE.BaseServices`1.QuerySql(String strSql, SugarParameter[] parameters) in D:\Projects\Funeral.Core\Funeral.Core\Funeral.Core.Services\BASE\BaseServices.cs:line 200
   at Funeral.Core.AOP.InternalAsyncHelper.AwaitTaskWithPostActionAndFinallyAndGetResult[T](Task`1 actualReturnValue, Func`2 postAction, Action`1 finalAction) in D:\Projects\Funeral.Core\Funeral.Core\Funeral.Core\AOP\FuneralLogAOP.cs:line 208
   at Funeral.Core.Controllers.RoleController.Get(Int32 pageindex, Int32 pagesize, String key, Int32 id) in D:\Projects\Funeral.Core\Funeral.Core\Funeral.Core\Controllers\RoleController.cs:line 107
   at lambda_method(Closure , Object )
   at Microsoft.AspNetCore.Mvc.Infrastructure.ActionMethodExecutor.AwaitableObjectResultExecutor.Execute(IActionResultTypeMapper mapper, ObjectMethodExecutor executor, Object controller, Object[] arguments)
   at Microsoft.AspNetCore.Mvc.Infrastructure.ControllerActionInvoker.<InvokeActionMethodAsync>g__Awaited|12_0(ControllerActionInvoker invoker, ValueTask`1 actionResultValueTask)
   at Microsoft.AspNetCore.Mvc.Infrastructure.ControllerActionInvoker.<InvokeNextActionFilterAsync>g__Awaited|10_0(ControllerActionInvoker invoker, Task lastTask, State next, Scope scope, Object state, Boolean isCompleted)
   at Microsoft.AspNetCore.Mvc.Infrastructure.ControllerActionInvoker.Rethrow(ActionExecutedContextSealed context)
   at Microsoft.AspNetCore.Mvc.Infrastructure.ControllerActionInvoker.Next(State& next, Scope& scope, Object& state, Boolean& isCompleted)
   at Microsoft.AspNetCore.Mvc.Infrastructure.ControllerActionInvoker.InvokeInnerFilterAsync()
--- End of stack trace from previous location where exception was thrown ---
   at Microsoft.AspNetCore.Mvc.Infrastructure.ResourceInvoker.<InvokeNextExceptionFilterAsync>g__Awaited|25_0(ResourceInvoker invoker, Task lastTask, State next, Scope scope, Object state, Boolean isCompleted)
--------------------------------
2020-06-30 14:16:17,366| FATAL 
Application startup exception
--------------------------------
Autofac.Core.DependencyResolutionException: An exception was thrown while activating Microsoft.AspNetCore.Mvc.Routing.ControllerActionEndpointDataSource.
 ---> Autofac.Core.DependencyResolutionException: An exception was thrown while invoking the constructor 'Void .ctor(Microsoft.AspNetCore.Mvc.Infrastructure.IActionDescriptorCollectionProvider, Microsoft.AspNetCore.Mvc.Routing.ActionEndpointFactory)' on type 'ControllerActionEndpointDataSource'.
 ---> System.InvalidOperationException: The following errors occurred with attribute routing information:

Error 1:
For action: 'Funeral.Core.ContUsrlers.AchUsrContUsrler.GetAchUsrListByPage (Funeral.Core)'
Error: While processing template 'api/[contUsrler]/[action]', a replacement value for the token 'contUsrler' could not be found. Available tokens: 'action, controller'. To use a '[' or ']' as a literal string in a route or within a constraint, use '[[' or ']]' instead.

Error 2:
For action: 'Funeral.Core.ContUsrlers.AchUsrContUsrler.GetById (Funeral.Core)'
Error: While processing template 'api/[contUsrler]/[action]', a replacement value for the token 'contUsrler' could not be found. Available tokens: 'action, controller'. To use a '[' or ']' as a literal string in a route or within a constraint, use '[[' or ']]' instead.

Error 3:
For action: 'Funeral.Core.ContUsrlers.AchUsrContUsrler.Post (Funeral.Core)'
Error: While processing template 'api/[contUsrler]/[action]', a replacement value for the token 'contUsrler' could not be found. Available tokens: 'action, controller'. To use a '[' or ']' as a literal string in a route or within a constraint, use '[[' or ']]' instead.

Error 4:
For action: 'Funeral.Core.ContUsrlers.AchUsrContUsrler.Delete (Funeral.Core)'
Error: While processing template 'api/[contUsrler]/[action]', a replacement value for the token 'contUsrler' could not be found. Available tokens: 'action, controller'. To use a '[' or ']' as a literal string in a route or within a constraint, use '[[' or ']]' instead.

Error 5:
For action: 'Funeral.Core.ContUsrlers.AchUsrContUsrler.Export (Funeral.Core)'
Error: While processing template 'api/[contUsrler]/[action]', a replacement value for the token 'contUsrler' could not be found. Available tokens: 'action, controller'. To use a '[' or ']' as a literal string in a route or within a constraint, use '[[' or ']]' instead.
   at Microsoft.AspNetCore.Mvc.ApplicationModels.ApplicationModelFactory.Flatten[TResult](ApplicationModel application, Func`5 flattener)
   at Microsoft.AspNetCore.Mvc.ApplicationModels.ControllerActionDescriptorBuilder.Build(ApplicationModel application)
   at Microsoft.AspNetCore.Mvc.ApplicationModels.ControllerActionDescriptorProvider.GetDescriptors()
   at Microsoft.AspNetCore.Mvc.ApplicationModels.ControllerActionDescriptorProvider.OnProvidersExecuting(ActionDescriptorProviderContext context)
   at Microsoft.AspNetCore.Mvc.Infrastructure.DefaultActionDescriptorCollectionProvider.UpdateCollection()
   at Microsoft.AspNetCore.Mvc.Infrastructure.DefaultActionDescriptorCollectionProvider.Initialize()
   at Microsoft.AspNetCore.Mvc.Infrastructure.DefaultActionDescriptorCollectionProvider.GetChangeToken()
   at Microsoft.AspNetCore.Mvc.Routing.ActionEndpointDataSourceBase.<>c__DisplayClass11_0.<Subscribe>b__0()
   at Microsoft.Extensions.Primitives.ChangeToken.ChangeTokenRegistration`1..ctor(Func`1 changeTokenProducer, Action`1 changeTokenConsumer, TState state)
   at Microsoft.Extensions.Primitives.ChangeToken.OnChange(Func`1 changeTokenProducer, Action changeTokenConsumer)
   at Microsoft.AspNetCore.Mvc.Routing.ActionEndpointDataSourceBase.Subscribe()
   at Microsoft.AspNetCore.Mvc.Routing.ControllerActionEndpointDataSource..ctor(IActionDescriptorCollectionProvider actions, ActionEndpointFactory endpointFactory)
   at lambda_method(Closure , Object[] )
   at Autofac.Core.Activators.Reflection.ConstructorParameterBinding.Instantiate()
   --- End of inner exception stack trace ---
   at Autofac.Core.Activators.Reflection.ConstructorParameterBinding.Instantiate()
   at Autofac.Core.Activators.Reflection.ReflectionActivator.ActivateInstance(IComponentContext context, IEnumerable`1 parameters)
   at Autofac.Core.Resolving.InstanceLookup.CreateInstance(IEnumerable`1 parameters)
   --- End of inner exception stack trace ---
   at Autofac.Core.Resolving.InstanceLookup.CreateInstance(IEnumerable`1 parameters)
   at Autofac.Core.Resolving.InstanceLookup.<Execute>b__8_0()
   at Autofac.Core.Lifetime.LifetimeScope.CreateSharedInstance(Guid id, Func`1 creator)
   at Autofac.Core.Resolving.InstanceLookup.Execute()
   at Autofac.Core.Resolving.ResolveOperation.GetOrCreateInstance(ISharingLifetimeScope currentOperationScope, ResolveRequest request)
   at Autofac.Core.Resolving.ResolveOperation.ResolveComponent(ResolveRequest request)
   at Autofac.Core.Resolving.ResolveOperation.Execute(ResolveRequest request)
   at Autofac.Core.Lifetime.LifetimeScope.ResolveComponent(ResolveRequest request)
   at Autofac.ResolutionExtensions.TryResolveService(IComponentContext context, Service service, IEnumerable`1 parameters, Object& instance)
   at Autofac.ResolutionExtensions.ResolveService(IComponentContext context, Service service, IEnumerable`1 parameters)
   at Autofac.ResolutionExtensions.Resolve(IComponentContext context, Type serviceType, IEnumerable`1 parameters)
   at Autofac.ResolutionExtensions.Resolve(IComponentContext context, Type serviceType)
   at Autofac.Extensions.DependencyInjection.AutofacServiceProvider.GetRequiredService(Type serviceType)
   at Microsoft.Extensions.DependencyInjection.ServiceProviderServiceExtensions.GetRequiredService(IServiceProvider provider, Type serviceType)
   at Microsoft.Extensions.DependencyInjection.ServiceProviderServiceExtensions.GetRequiredService[T](IServiceProvider provider)
   at Microsoft.AspNetCore.Builder.ControllerEndpointRouteBuilderExtensions.GetOrCreateDataSource(IEndpointRouteBuilder endpoints)
   at Microsoft.AspNetCore.Builder.ControllerEndpointRouteBuilderExtensions.MapControllerRoute(IEndpointRouteBuilder endpoints, String name, String pattern, Object defaults, Object constraints, Object dataTokens)
   at Funeral.Core.Startup.<>c.<Configure>b__10_1(IEndpointRouteBuilder endpoints) in D:\Projects\Funeral.Core\Funeral.Core\Funeral.Core\Startup.cs:line 167
   at Microsoft.AspNetCore.Builder.EndpointRoutingApplicationBuilderExtensions.UseEndpoints(IApplicationBuilder builder, Action`1 configure)
   at Funeral.Core.Startup.Configure(IApplicationBuilder app, IWebHostEnvironment env, MyContext myContext, ITasksQzServices tasksQzServices, ISchedulerCenter schedulerCenter, IHostApplicationLifetime lifetime) in D:\Projects\Funeral.Core\Funeral.Core\Funeral.Core\Startup.cs:line 171
   at System.RuntimeMethodHandle.InvokeMethod(Object target, Object[] arguments, Signature sig, Boolean constructor, Boolean wrapExceptions)
   at System.Reflection.RuntimeMethodInfo.Invoke(Object obj, BindingFlags invokeAttr, Binder binder, Object[] parameters, CultureInfo culture)
   at Microsoft.AspNetCore.Hosting.ConfigureBuilder.Invoke(Object instance, IApplicationBuilder builder)
   at Microsoft.AspNetCore.Hosting.ConfigureBuilder.<>c__DisplayClass4_0.<Build>b__0(IApplicationBuilder builder)
   at Microsoft.AspNetCore.Hosting.GenericWebHostBuilder.<>c__DisplayClass13_0.<UseStartup>b__2(IApplicationBuilder app)
   at Microsoft.AspNetCore.Mvc.Filters.MiddlewareFilterBuilderStartupFilter.<>c__DisplayClass0_0.<Configure>g__MiddlewareFilterBuilder|0(IApplicationBuilder builder)
   at Microsoft.AspNetCore.Server.IISIntegration.IISSetupFilter.<>c__DisplayClass4_0.<Configure>b__0(IApplicationBuilder app)
   at Microsoft.AspNetCore.HostFilteringStartupFilter.<>c__DisplayClass0_0.<Configure>b__0(IApplicationBuilder app)
   at Microsoft.AspNetCore.Hosting.GenericWebHostService.StartAsync(CancellationToken cancellationToken)
2020-06-30 14:17:10,115| FATAL 
Application startup exception
--------------------------------
Autofac.Core.DependencyResolutionException: An exception was thrown while activating Microsoft.AspNetCore.Mvc.Routing.ControllerActionEndpointDataSource.
 ---> Autofac.Core.DependencyResolutionException: An exception was thrown while invoking the constructor 'Void .ctor(Microsoft.AspNetCore.Mvc.Infrastructure.IActionDescriptorCollectionProvider, Microsoft.AspNetCore.Mvc.Routing.ActionEndpointFactory)' on type 'ControllerActionEndpointDataSource'.
 ---> System.InvalidOperationException: The following errors occurred with attribute routing information:

Error 1:
For action: 'Funeral.Core.ContUsrlers.AchUsrContUsrler.GetAchUsrListByPage (Funeral.Core)'
Error: While processing template 'api/[contUsrler]/[action]', a replacement value for the token 'contUsrler' could not be found. Available tokens: 'action, controller'. To use a '[' or ']' as a literal string in a route or within a constraint, use '[[' or ']]' instead.

Error 2:
For action: 'Funeral.Core.ContUsrlers.AchUsrContUsrler.GetById (Funeral.Core)'
Error: While processing template 'api/[contUsrler]/[action]', a replacement value for the token 'contUsrler' could not be found. Available tokens: 'action, controller'. To use a '[' or ']' as a literal string in a route or within a constraint, use '[[' or ']]' instead.

Error 3:
For action: 'Funeral.Core.ContUsrlers.AchUsrContUsrler.Post (Funeral.Core)'
Error: While processing template 'api/[contUsrler]/[action]', a replacement value for the token 'contUsrler' could not be found. Available tokens: 'action, controller'. To use a '[' or ']' as a literal string in a route or within a constraint, use '[[' or ']]' instead.

Error 4:
For action: 'Funeral.Core.ContUsrlers.AchUsrContUsrler.Delete (Funeral.Core)'
Error: While processing template 'api/[contUsrler]/[action]', a replacement value for the token 'contUsrler' could not be found. Available tokens: 'action, controller'. To use a '[' or ']' as a literal string in a route or within a constraint, use '[[' or ']]' instead.

Error 5:
For action: 'Funeral.Core.ContUsrlers.AchUsrContUsrler.Export (Funeral.Core)'
Error: While processing template 'api/[contUsrler]/[action]', a replacement value for the token 'contUsrler' could not be found. Available tokens: 'action, controller'. To use a '[' or ']' as a literal string in a route or within a constraint, use '[[' or ']]' instead.
   at Microsoft.AspNetCore.Mvc.ApplicationModels.ApplicationModelFactory.Flatten[TResult](ApplicationModel application, Func`5 flattener)
   at Microsoft.AspNetCore.Mvc.ApplicationModels.ControllerActionDescriptorBuilder.Build(ApplicationModel application)
   at Microsoft.AspNetCore.Mvc.ApplicationModels.ControllerActionDescriptorProvider.GetDescriptors()
   at Microsoft.AspNetCore.Mvc.ApplicationModels.ControllerActionDescriptorProvider.OnProvidersExecuting(ActionDescriptorProviderContext context)
   at Microsoft.AspNetCore.Mvc.Infrastructure.DefaultActionDescriptorCollectionProvider.UpdateCollection()
   at Microsoft.AspNetCore.Mvc.Infrastructure.DefaultActionDescriptorCollectionProvider.Initialize()
   at Microsoft.AspNetCore.Mvc.Infrastructure.DefaultActionDescriptorCollectionProvider.GetChangeToken()
   at Microsoft.AspNetCore.Mvc.Routing.ActionEndpointDataSourceBase.<>c__DisplayClass11_0.<Subscribe>b__0()
   at Microsoft.Extensions.Primitives.ChangeToken.ChangeTokenRegistration`1..ctor(Func`1 changeTokenProducer, Action`1 changeTokenConsumer, TState state)
   at Microsoft.Extensions.Primitives.ChangeToken.OnChange(Func`1 changeTokenProducer, Action changeTokenConsumer)
   at Microsoft.AspNetCore.Mvc.Routing.ActionEndpointDataSourceBase.Subscribe()
   at Microsoft.AspNetCore.Mvc.Routing.ControllerActionEndpointDataSource..ctor(IActionDescriptorCollectionProvider actions, ActionEndpointFactory endpointFactory)
   at lambda_method(Closure , Object[] )
   at Autofac.Core.Activators.Reflection.ConstructorParameterBinding.Instantiate()
   --- End of inner exception stack trace ---
   at Autofac.Core.Activators.Reflection.ConstructorParameterBinding.Instantiate()
   at Autofac.Core.Activators.Reflection.ReflectionActivator.ActivateInstance(IComponentContext context, IEnumerable`1 parameters)
   at Autofac.Core.Resolving.InstanceLookup.CreateInstance(IEnumerable`1 parameters)
   --- End of inner exception stack trace ---
   at Autofac.Core.Resolving.InstanceLookup.CreateInstance(IEnumerable`1 parameters)
   at Autofac.Core.Resolving.InstanceLookup.<Execute>b__8_0()
   at Autofac.Core.Lifetime.LifetimeScope.CreateSharedInstance(Guid id, Func`1 creator)
   at Autofac.Core.Resolving.InstanceLookup.Execute()
   at Autofac.Core.Resolving.ResolveOperation.GetOrCreateInstance(ISharingLifetimeScope currentOperationScope, ResolveRequest request)
   at Autofac.Core.Resolving.ResolveOperation.ResolveComponent(ResolveRequest request)
   at Autofac.Core.Resolving.ResolveOperation.Execute(ResolveRequest request)
   at Autofac.Core.Lifetime.LifetimeScope.ResolveComponent(ResolveRequest request)
   at Autofac.ResolutionExtensions.TryResolveService(IComponentContext context, Service service, IEnumerable`1 parameters, Object& instance)
   at Autofac.ResolutionExtensions.ResolveService(IComponentContext context, Service service, IEnumerable`1 parameters)
   at Autofac.ResolutionExtensions.Resolve(IComponentContext context, Type serviceType, IEnumerable`1 parameters)
   at Autofac.ResolutionExtensions.Resolve(IComponentContext context, Type serviceType)
   at Autofac.Extensions.DependencyInjection.AutofacServiceProvider.GetRequiredService(Type serviceType)
   at Microsoft.Extensions.DependencyInjection.ServiceProviderServiceExtensions.GetRequiredService(IServiceProvider provider, Type serviceType)
   at Microsoft.Extensions.DependencyInjection.ServiceProviderServiceExtensions.GetRequiredService[T](IServiceProvider provider)
   at Microsoft.AspNetCore.Builder.ControllerEndpointRouteBuilderExtensions.GetOrCreateDataSource(IEndpointRouteBuilder endpoints)
   at Microsoft.AspNetCore.Builder.ControllerEndpointRouteBuilderExtensions.MapControllerRoute(IEndpointRouteBuilder endpoints, String name, String pattern, Object defaults, Object constraints, Object dataTokens)
   at Funeral.Core.Startup.<>c.<Configure>b__10_1(IEndpointRouteBuilder endpoints) in D:\Projects\Funeral.Core\Funeral.Core\Funeral.Core\Startup.cs:line 167
   at Microsoft.AspNetCore.Builder.EndpointRoutingApplicationBuilderExtensions.UseEndpoints(IApplicationBuilder builder, Action`1 configure)
   at Funeral.Core.Startup.Configure(IApplicationBuilder app, IWebHostEnvironment env, MyContext myContext, ITasksQzServices tasksQzServices, ISchedulerCenter schedulerCenter, IHostApplicationLifetime lifetime) in D:\Projects\Funeral.Core\Funeral.Core\Funeral.Core\Startup.cs:line 171
   at System.RuntimeMethodHandle.InvokeMethod(Object target, Object[] arguments, Signature sig, Boolean constructor, Boolean wrapExceptions)
   at System.Reflection.RuntimeMethodInfo.Invoke(Object obj, BindingFlags invokeAttr, Binder binder, Object[] parameters, CultureInfo culture)
   at Microsoft.AspNetCore.Hosting.ConfigureBuilder.Invoke(Object instance, IApplicationBuilder builder)
   at Microsoft.AspNetCore.Hosting.ConfigureBuilder.<>c__DisplayClass4_0.<Build>b__0(IApplicationBuilder builder)
   at Microsoft.AspNetCore.Hosting.GenericWebHostBuilder.<>c__DisplayClass13_0.<UseStartup>b__2(IApplicationBuilder app)
   at Microsoft.AspNetCore.Mvc.Filters.MiddlewareFilterBuilderStartupFilter.<>c__DisplayClass0_0.<Configure>g__MiddlewareFilterBuilder|0(IApplicationBuilder builder)
   at Microsoft.AspNetCore.Server.IISIntegration.IISSetupFilter.<>c__DisplayClass4_0.<Configure>b__0(IApplicationBuilder app)
   at Microsoft.AspNetCore.HostFilteringStartupFilter.<>c__DisplayClass0_0.<Configure>b__0(IApplicationBuilder app)
   at Microsoft.AspNetCore.Hosting.GenericWebHostService.StartAsync(CancellationToken cancellationToken)
2020-06-30 14:18:15,713| FATAL 
Application startup exception
--------------------------------
Autofac.Core.DependencyResolutionException: An exception was thrown while activating Microsoft.AspNetCore.Mvc.Routing.ControllerActionEndpointDataSource.
 ---> Autofac.Core.DependencyResolutionException: An exception was thrown while invoking the constructor 'Void .ctor(Microsoft.AspNetCore.Mvc.Infrastructure.IActionDescriptorCollectionProvider, Microsoft.AspNetCore.Mvc.Routing.ActionEndpointFactory)' on type 'ControllerActionEndpointDataSource'.
 ---> System.InvalidOperationException: The following errors occurred with attribute routing information:

Error 1:
For action: 'Funeral.Core.ContUsrlers.AchUsrController.GetAchUsrListByPage (Funeral.Core)'
Error: While processing template 'api/[contUsrler]/[action]', a replacement value for the token 'contUsrler' could not be found. Available tokens: 'action, controller'. To use a '[' or ']' as a literal string in a route or within a constraint, use '[[' or ']]' instead.

Error 2:
For action: 'Funeral.Core.ContUsrlers.AchUsrController.GetById (Funeral.Core)'
Error: While processing template 'api/[contUsrler]/[action]', a replacement value for the token 'contUsrler' could not be found. Available tokens: 'action, controller'. To use a '[' or ']' as a literal string in a route or within a constraint, use '[[' or ']]' instead.

Error 3:
For action: 'Funeral.Core.ContUsrlers.AchUsrController.Post (Funeral.Core)'
Error: While processing template 'api/[contUsrler]/[action]', a replacement value for the token 'contUsrler' could not be found. Available tokens: 'action, controller'. To use a '[' or ']' as a literal string in a route or within a constraint, use '[[' or ']]' instead.

Error 4:
For action: 'Funeral.Core.ContUsrlers.AchUsrController.Delete (Funeral.Core)'
Error: While processing template 'api/[contUsrler]/[action]', a replacement value for the token 'contUsrler' could not be found. Available tokens: 'action, controller'. To use a '[' or ']' as a literal string in a route or within a constraint, use '[[' or ']]' instead.

Error 5:
For action: 'Funeral.Core.ContUsrlers.AchUsrController.Export (Funeral.Core)'
Error: While processing template 'api/[contUsrler]/[action]', a replacement value for the token 'contUsrler' could not be found. Available tokens: 'action, controller'. To use a '[' or ']' as a literal string in a route or within a constraint, use '[[' or ']]' instead.
   at Microsoft.AspNetCore.Mvc.ApplicationModels.ApplicationModelFactory.Flatten[TResult](ApplicationModel application, Func`5 flattener)
   at Microsoft.AspNetCore.Mvc.ApplicationModels.ControllerActionDescriptorBuilder.Build(ApplicationModel application)
   at Microsoft.AspNetCore.Mvc.ApplicationModels.ControllerActionDescriptorProvider.GetDescriptors()
   at Microsoft.AspNetCore.Mvc.ApplicationModels.ControllerActionDescriptorProvider.OnProvidersExecuting(ActionDescriptorProviderContext context)
   at Microsoft.AspNetCore.Mvc.Infrastructure.DefaultActionDescriptorCollectionProvider.UpdateCollection()
   at Microsoft.AspNetCore.Mvc.Infrastructure.DefaultActionDescriptorCollectionProvider.Initialize()
   at Microsoft.AspNetCore.Mvc.Infrastructure.DefaultActionDescriptorCollectionProvider.GetChangeToken()
   at Microsoft.AspNetCore.Mvc.Routing.ActionEndpointDataSourceBase.<>c__DisplayClass11_0.<Subscribe>b__0()
   at Microsoft.Extensions.Primitives.ChangeToken.ChangeTokenRegistration`1..ctor(Func`1 changeTokenProducer, Action`1 changeTokenConsumer, TState state)
   at Microsoft.Extensions.Primitives.ChangeToken.OnChange(Func`1 changeTokenProducer, Action changeTokenConsumer)
   at Microsoft.AspNetCore.Mvc.Routing.ActionEndpointDataSourceBase.Subscribe()
   at Microsoft.AspNetCore.Mvc.Routing.ControllerActionEndpointDataSource..ctor(IActionDescriptorCollectionProvider actions, ActionEndpointFactory endpointFactory)
   at lambda_method(Closure , Object[] )
   at Autofac.Core.Activators.Reflection.ConstructorParameterBinding.Instantiate()
   --- End of inner exception stack trace ---
   at Autofac.Core.Activators.Reflection.ConstructorParameterBinding.Instantiate()
   at Autofac.Core.Activators.Reflection.ReflectionActivator.ActivateInstance(IComponentContext context, IEnumerable`1 parameters)
   at Autofac.Core.Resolving.InstanceLookup.CreateInstance(IEnumerable`1 parameters)
   --- End of inner exception stack trace ---
   at Autofac.Core.Resolving.InstanceLookup.CreateInstance(IEnumerable`1 parameters)
   at Autofac.Core.Resolving.InstanceLookup.<Execute>b__8_0()
   at Autofac.Core.Lifetime.LifetimeScope.CreateSharedInstance(Guid id, Func`1 creator)
   at Autofac.Core.Resolving.InstanceLookup.Execute()
   at Autofac.Core.Resolving.ResolveOperation.GetOrCreateInstance(ISharingLifetimeScope currentOperationScope, ResolveRequest request)
   at Autofac.Core.Resolving.ResolveOperation.ResolveComponent(ResolveRequest request)
   at Autofac.Core.Resolving.ResolveOperation.Execute(ResolveRequest request)
   at Autofac.Core.Lifetime.LifetimeScope.ResolveComponent(ResolveRequest request)
   at Autofac.ResolutionExtensions.TryResolveService(IComponentContext context, Service service, IEnumerable`1 parameters, Object& instance)
   at Autofac.ResolutionExtensions.ResolveService(IComponentContext context, Service service, IEnumerable`1 parameters)
   at Autofac.ResolutionExtensions.Resolve(IComponentContext context, Type serviceType, IEnumerable`1 parameters)
   at Autofac.ResolutionExtensions.Resolve(IComponentContext context, Type serviceType)
   at Autofac.Extensions.DependencyInjection.AutofacServiceProvider.GetRequiredService(Type serviceType)
   at Microsoft.Extensions.DependencyInjection.ServiceProviderServiceExtensions.GetRequiredService(IServiceProvider provider, Type serviceType)
   at Microsoft.Extensions.DependencyInjection.ServiceProviderServiceExtensions.GetRequiredService[T](IServiceProvider provider)
   at Microsoft.AspNetCore.Builder.ControllerEndpointRouteBuilderExtensions.GetOrCreateDataSource(IEndpointRouteBuilder endpoints)
   at Microsoft.AspNetCore.Builder.ControllerEndpointRouteBuilderExtensions.MapControllerRoute(IEndpointRouteBuilder endpoints, String name, String pattern, Object defaults, Object constraints, Object dataTokens)
   at Funeral.Core.Startup.<>c.<Configure>b__10_1(IEndpointRouteBuilder endpoints) in D:\Projects\Funeral.Core\Funeral.Core\Funeral.Core\Startup.cs:line 167
   at Microsoft.AspNetCore.Builder.EndpointRoutingApplicationBuilderExtensions.UseEndpoints(IApplicationBuilder builder, Action`1 configure)
   at Funeral.Core.Startup.Configure(IApplicationBuilder app, IWebHostEnvironment env, MyContext myContext, ITasksQzServices tasksQzServices, ISchedulerCenter schedulerCenter, IHostApplicationLifetime lifetime) in D:\Projects\Funeral.Core\Funeral.Core\Funeral.Core\Startup.cs:line 171
   at System.RuntimeMethodHandle.InvokeMethod(Object target, Object[] arguments, Signature sig, Boolean constructor, Boolean wrapExceptions)
   at System.Reflection.RuntimeMethodInfo.Invoke(Object obj, BindingFlags invokeAttr, Binder binder, Object[] parameters, CultureInfo culture)
   at Microsoft.AspNetCore.Hosting.ConfigureBuilder.Invoke(Object instance, IApplicationBuilder builder)
   at Microsoft.AspNetCore.Hosting.ConfigureBuilder.<>c__DisplayClass4_0.<Build>b__0(IApplicationBuilder builder)
   at Microsoft.AspNetCore.Hosting.GenericWebHostBuilder.<>c__DisplayClass13_0.<UseStartup>b__2(IApplicationBuilder app)
   at Microsoft.AspNetCore.Mvc.Filters.MiddlewareFilterBuilderStartupFilter.<>c__DisplayClass0_0.<Configure>g__MiddlewareFilterBuilder|0(IApplicationBuilder builder)
   at Microsoft.AspNetCore.Server.IISIntegration.IISSetupFilter.<>c__DisplayClass4_0.<Configure>b__0(IApplicationBuilder app)
   at Microsoft.AspNetCore.HostFilteringStartupFilter.<>c__DisplayClass0_0.<Configure>b__0(IApplicationBuilder app)
   at Microsoft.AspNetCore.Hosting.GenericWebHostService.StartAsync(CancellationToken cancellationToken)
