2020-06-29 09:28:55,384| FATAL 
Application startup exception
Method 'QueryMuchTable' in type 'Funeral.Core.Repository.RoleRepository' from assembly 'Funeral.Core.Repository, Version=1.0.0.0, Culture=neutral, PublicKeyToken=null' does not have an implementation.
--------------------------------
System.Reflection.ReflectionTypeLoadException: Unable to load one or more of the requested types.
Method 'QueryMuchTable' in type 'Funeral.Core.Repository.RoleRepository' from assembly 'Funeral.Core.Repository, Version=1.0.0.0, Culture=neutral, PublicKeyToken=null' does not have an implementation.
   at System.Reflection.RuntimeModule.GetTypes(RuntimeModule module)
   at System.Reflection.RuntimeModule.GetTypes()
   at System.Reflection.Assembly.GetTypes()
   at Funeral.Core.Extensions.AllServicesMildd.UseAllServicesMildd(IApplicationBuilder app, IServiceCollection _services) in D:\Projects\Funeral.Core\Funeral.Core\Funeral.Core\Middlewares\AllServicesMildd.cs:line 23
   at Funeral.Core.Startup.Configure(IApplicationBuilder app, IWebHostEnvironment env, MyContext myContext, ITasksQzServices tasksQzServices, ISchedulerCenter schedulerCenter, IHostApplicationLifetime lifetime) in D:\Projects\Funeral.Core\Funeral.Core\Funeral.Core\Startup.cs:line 120
   at System.RuntimeMethodHandle.InvokeMethod(Object target, Object[] arguments, Signature sig, Boolean constructor, Boolean wrapExceptions)
   at System.Reflection.RuntimeMethodInfo.Invoke(Object obj, BindingFlags invokeAttr, Binder binder, Object[] parameters, CultureInfo culture)
   at Microsoft.AspNetCore.Hosting.ConfigureBuilder.Invoke(Object instance, IApplicationBuilder builder)
   at Microsoft.AspNetCore.Hosting.ConfigureBuilder.<>c__DisplayClass4_0.<Build>b__0(IApplicationBuilder builder)
   at Microsoft.AspNetCore.Hosting.GenericWebHostBuilder.<>c__DisplayClass13_0.<UseStartup>b__2(IApplicationBuilder app)
   at Microsoft.AspNetCore.Mvc.Filters.MiddlewareFilterBuilderStartupFilter.<>c__DisplayClass0_0.<Configure>g__MiddlewareFilterBuilder|0(IApplicationBuilder builder)
   at Microsoft.AspNetCore.Server.IISIntegration.IISSetupFilter.<>c__DisplayClass4_0.<Configure>b__0(IApplicationBuilder app)
   at Microsoft.AspNetCore.HostFilteringStartupFilter.<>c__DisplayClass0_0.<Configure>b__0(IApplicationBuilder app)
   at Microsoft.AspNetCore.Hosting.GenericWebHostService.StartAsync(CancellationToken cancellationToken)
System.TypeLoadException: Method 'QueryMuchTable' in type 'Funeral.Core.Repository.RoleRepository' from assembly 'Funeral.Core.Repository, Version=1.0.0.0, Culture=neutral, PublicKeyToken=null' does not have an implementation.
2020-06-29 09:29:31,326| FATAL 
Application startup exception
Method 'QueryMuchTable' in type 'Funeral.Core.Repository.RoleRepository' from assembly 'Funeral.Core.Repository, Version=1.0.0.0, Culture=neutral, PublicKeyToken=null' does not have an implementation.
--------------------------------
System.Reflection.ReflectionTypeLoadException: Unable to load one or more of the requested types.
Method 'QueryMuchTable' in type 'Funeral.Core.Repository.RoleRepository' from assembly 'Funeral.Core.Repository, Version=1.0.0.0, Culture=neutral, PublicKeyToken=null' does not have an implementation.
   at System.Reflection.RuntimeModule.GetTypes(RuntimeModule module)
   at System.Reflection.RuntimeModule.GetTypes()
   at System.Reflection.Assembly.GetTypes()
   at Funeral.Core.Extensions.AllServicesMildd.UseAllServicesMildd(IApplicationBuilder app, IServiceCollection _services) in D:\Projects\Funeral.Core\Funeral.Core\Funeral.Core\Middlewares\AllServicesMildd.cs:line 23
   at Funeral.Core.Startup.Configure(IApplicationBuilder app, IWebHostEnvironment env, MyContext myContext, ITasksQzServices tasksQzServices, ISchedulerCenter schedulerCenter, IHostApplicationLifetime lifetime) in D:\Projects\Funeral.Core\Funeral.Core\Funeral.Core\Startup.cs:line 120
   at System.RuntimeMethodHandle.InvokeMethod(Object target, Object[] arguments, Signature sig, Boolean constructor, Boolean wrapExceptions)
   at System.Reflection.RuntimeMethodInfo.Invoke(Object obj, BindingFlags invokeAttr, Binder binder, Object[] parameters, CultureInfo culture)
   at Microsoft.AspNetCore.Hosting.ConfigureBuilder.Invoke(Object instance, IApplicationBuilder builder)
   at Microsoft.AspNetCore.Hosting.ConfigureBuilder.<>c__DisplayClass4_0.<Build>b__0(IApplicationBuilder builder)
   at Microsoft.AspNetCore.Hosting.GenericWebHostBuilder.<>c__DisplayClass13_0.<UseStartup>b__2(IApplicationBuilder app)
   at Microsoft.AspNetCore.Mvc.Filters.MiddlewareFilterBuilderStartupFilter.<>c__DisplayClass0_0.<Configure>g__MiddlewareFilterBuilder|0(IApplicationBuilder builder)
   at Microsoft.AspNetCore.Server.IISIntegration.IISSetupFilter.<>c__DisplayClass4_0.<Configure>b__0(IApplicationBuilder app)
   at Microsoft.AspNetCore.HostFilteringStartupFilter.<>c__DisplayClass0_0.<Configure>b__0(IApplicationBuilder app)
   at Microsoft.AspNetCore.Hosting.GenericWebHostService.StartAsync(CancellationToken cancellationToken)
System.TypeLoadException: Method 'QueryMuchTable' in type 'Funeral.Core.Repository.RoleRepository' from assembly 'Funeral.Core.Repository, Version=1.0.0.0, Culture=neutral, PublicKeyToken=null' does not have an implementation.
2020-06-29 09:30:03,507| FATAL 
Application startup exception
Method 'QueryMuchTable' in type 'Funeral.Core.Repository.RoleRepository' from assembly 'Funeral.Core.Repository, Version=1.0.0.0, Culture=neutral, PublicKeyToken=null' does not have an implementation.
--------------------------------
System.Reflection.ReflectionTypeLoadException: Unable to load one or more of the requested types.
Method 'QueryMuchTable' in type 'Funeral.Core.Repository.RoleRepository' from assembly 'Funeral.Core.Repository, Version=1.0.0.0, Culture=neutral, PublicKeyToken=null' does not have an implementation.
   at System.Reflection.RuntimeModule.GetTypes(RuntimeModule module)
   at System.Reflection.RuntimeModule.GetTypes()
   at System.Reflection.Assembly.GetTypes()
   at Funeral.Core.Extensions.AllServicesMildd.UseAllServicesMildd(IApplicationBuilder app, IServiceCollection _services) in D:\Projects\Funeral.Core\Funeral.Core\Funeral.Core\Middlewares\AllServicesMildd.cs:line 23
   at Funeral.Core.Startup.Configure(IApplicationBuilder app, IWebHostEnvironment env, MyContext myContext, ITasksQzServices tasksQzServices, ISchedulerCenter schedulerCenter, IHostApplicationLifetime lifetime) in D:\Projects\Funeral.Core\Funeral.Core\Funeral.Core\Startup.cs:line 120
   at System.RuntimeMethodHandle.InvokeMethod(Object target, Object[] arguments, Signature sig, Boolean constructor, Boolean wrapExceptions)
   at System.Reflection.RuntimeMethodInfo.Invoke(Object obj, BindingFlags invokeAttr, Binder binder, Object[] parameters, CultureInfo culture)
   at Microsoft.AspNetCore.Hosting.ConfigureBuilder.Invoke(Object instance, IApplicationBuilder builder)
   at Microsoft.AspNetCore.Hosting.ConfigureBuilder.<>c__DisplayClass4_0.<Build>b__0(IApplicationBuilder builder)
   at Microsoft.AspNetCore.Hosting.GenericWebHostBuilder.<>c__DisplayClass13_0.<UseStartup>b__2(IApplicationBuilder app)
   at Microsoft.AspNetCore.Mvc.Filters.MiddlewareFilterBuilderStartupFilter.<>c__DisplayClass0_0.<Configure>g__MiddlewareFilterBuilder|0(IApplicationBuilder builder)
   at Microsoft.AspNetCore.Server.IISIntegration.IISSetupFilter.<>c__DisplayClass4_0.<Configure>b__0(IApplicationBuilder app)
   at Microsoft.AspNetCore.HostFilteringStartupFilter.<>c__DisplayClass0_0.<Configure>b__0(IApplicationBuilder app)
   at Microsoft.AspNetCore.Hosting.GenericWebHostService.StartAsync(CancellationToken cancellationToken)
System.TypeLoadException: Method 'QueryMuchTable' in type 'Funeral.Core.Repository.RoleRepository' from assembly 'Funeral.Core.Repository, Version=1.0.0.0, Culture=neutral, PublicKeyToken=null' does not have an implementation.
2020-06-29 11:30:12,620| ERROR 
Object reference not set to an instance of an object.
【自定义错误】：Object reference not set to an instance of an object. 
【异常类型】：NullReferenceException 
【异常信息】：Object reference not set to an instance of an object. 
【堆栈调用】：   at Funeral.Core.Controllers.RoleController.Post(Role role) in D:\Projects\Funeral.Core\Funeral.Core\Funeral.Core\Controllers\RoleController.cs:line 180
   at lambda_method(Closure , Object )
   at Microsoft.AspNetCore.Mvc.Infrastructure.ActionMethodExecutor.AwaitableObjectResultExecutor.Execute(IActionResultTypeMapper mapper, ObjectMethodExecutor executor, Object controller, Object[] arguments)
   at Microsoft.AspNetCore.Mvc.Infrastructure.ControllerActionInvoker.<InvokeActionMethodAsync>g__Awaited|12_0(ControllerActionInvoker invoker, ValueTask`1 actionResultValueTask)
   at Microsoft.AspNetCore.Mvc.Infrastructure.ControllerActionInvoker.<InvokeNextActionFilterAsync>g__Awaited|10_0(ControllerActionInvoker invoker, Task lastTask, State next, Scope scope, Object state, Boolean isCompleted)
   at Microsoft.AspNetCore.Mvc.Infrastructure.ControllerActionInvoker.Rethrow(ActionExecutedContextSealed context)
   at Microsoft.AspNetCore.Mvc.Infrastructure.ControllerActionInvoker.Next(State& next, Scope& scope, Object& state, Boolean& isCompleted)
   at Microsoft.AspNetCore.Mvc.Infrastructure.ControllerActionInvoker.InvokeInnerFilterAsync()
--- End of stack trace from previous location where exception was thrown ---
   at Microsoft.AspNetCore.Mvc.Infrastructure.ResourceInvoker.<InvokeNextExceptionFilterAsync>g__Awaited|25_0(ResourceInvoker invoker, Task lastTask, State next, Scope scope, Object state, Boolean isCompleted)
--------------------------------
2020-06-29 13:18:56,111| ERROR 
Padding is invalid and cannot be removed.
【自定义错误】：Padding is invalid and cannot be removed. 
【异常类型】：CryptographicException 
【异常信息】：Padding is invalid and cannot be removed. 
【堆栈调用】：   at Internal.Cryptography.UniversalCryptoDecryptor.DepadBlock(Byte[] block, Int32 offset, Int32 count)
   at Internal.Cryptography.UniversalCryptoDecryptor.UncheckedTransformFinalBlock(Byte[] inputBuffer, Int32 inputOffset, Int32 inputCount)
   at Internal.Cryptography.UniversalCryptoTransform.TransformFinalBlock(Byte[] inputBuffer, Int32 inputOffset, Int32 inputCount)
   at System.Security.Cryptography.CryptoStream.ReadAsyncCore(Byte[] buffer, Int32 offset, Int32 count, CancellationToken cancellationToken, Boolean useAsync)
   at System.Security.Cryptography.CryptoStream.Read(Byte[] buffer, Int32 offset, Int32 count)
   at System.IO.StreamReader.ReadBuffer()
   at System.IO.StreamReader.ReadToEnd()
   at Funeral.Core.Common.Helper.MD5Helper.Md5Decrypt(String Source) in D:\Projects\Funeral.Core\Funeral.Core\Funeral.Core.Common\Helper\MD5Hepler.cs:line 89
   at Funeral.Core.Controllers.UserController.GetById(Int32 uid) in D:\Projects\Funeral.Core\Funeral.Core\Funeral.Core\Controllers\UserController.cs:line 78
   at lambda_method(Closure , Object )
   at Microsoft.Extensions.Internal.ObjectMethodExecutorAwaitable.Awaiter.GetResult()
   at Microsoft.AspNetCore.Mvc.Infrastructure.ActionMethodExecutor.AwaitableObjectResultExecutor.Execute(IActionResultTypeMapper mapper, ObjectMethodExecutor executor, Object controller, Object[] arguments)
   at Microsoft.AspNetCore.Mvc.Infrastructure.ControllerActionInvoker.<InvokeActionMethodAsync>g__Awaited|12_0(ControllerActionInvoker invoker, ValueTask`1 actionResultValueTask)
   at Microsoft.AspNetCore.Mvc.Infrastructure.ControllerActionInvoker.<InvokeNextActionFilterAsync>g__Awaited|10_0(ControllerActionInvoker invoker, Task lastTask, State next, Scope scope, Object state, Boolean isCompleted)
   at Microsoft.AspNetCore.Mvc.Infrastructure.ControllerActionInvoker.Rethrow(ActionExecutedContextSealed context)
   at Microsoft.AspNetCore.Mvc.Infrastructure.ControllerActionInvoker.Next(State& next, Scope& scope, Object& state, Boolean& isCompleted)
   at Microsoft.AspNetCore.Mvc.Infrastructure.ControllerActionInvoker.InvokeInnerFilterAsync()
--- End of stack trace from previous location where exception was thrown ---
   at Microsoft.AspNetCore.Mvc.Infrastructure.ResourceInvoker.<InvokeNextExceptionFilterAsync>g__Awaited|25_0(ResourceInvoker invoker, Task lastTask, State next, Scope scope, Object state, Boolean isCompleted)
--------------------------------
2020-06-29 13:18:59,706| ERROR 
Padding is invalid and cannot be removed.
【自定义错误】：Padding is invalid and cannot be removed. 
【异常类型】：CryptographicException 
【异常信息】：Padding is invalid and cannot be removed. 
【堆栈调用】：   at Internal.Cryptography.UniversalCryptoDecryptor.DepadBlock(Byte[] block, Int32 offset, Int32 count)
   at Internal.Cryptography.UniversalCryptoDecryptor.UncheckedTransformFinalBlock(Byte[] inputBuffer, Int32 inputOffset, Int32 inputCount)
   at Internal.Cryptography.UniversalCryptoTransform.TransformFinalBlock(Byte[] inputBuffer, Int32 inputOffset, Int32 inputCount)
   at System.Security.Cryptography.CryptoStream.ReadAsyncCore(Byte[] buffer, Int32 offset, Int32 count, CancellationToken cancellationToken, Boolean useAsync)
   at System.Security.Cryptography.CryptoStream.Read(Byte[] buffer, Int32 offset, Int32 count)
   at System.IO.StreamReader.ReadBuffer()
   at System.IO.StreamReader.ReadToEnd()
   at Funeral.Core.Common.Helper.MD5Helper.Md5Decrypt(String Source) in D:\Projects\Funeral.Core\Funeral.Core\Funeral.Core.Common\Helper\MD5Hepler.cs:line 89
   at Funeral.Core.Controllers.UserController.GetById(Int32 uid) in D:\Projects\Funeral.Core\Funeral.Core\Funeral.Core\Controllers\UserController.cs:line 78
   at lambda_method(Closure , Object )
   at Microsoft.Extensions.Internal.ObjectMethodExecutorAwaitable.Awaiter.GetResult()
   at Microsoft.AspNetCore.Mvc.Infrastructure.ActionMethodExecutor.AwaitableObjectResultExecutor.Execute(IActionResultTypeMapper mapper, ObjectMethodExecutor executor, Object controller, Object[] arguments)
   at Microsoft.AspNetCore.Mvc.Infrastructure.ControllerActionInvoker.<InvokeActionMethodAsync>g__Awaited|12_0(ControllerActionInvoker invoker, ValueTask`1 actionResultValueTask)
   at Microsoft.AspNetCore.Mvc.Infrastructure.ControllerActionInvoker.<InvokeNextActionFilterAsync>g__Awaited|10_0(ControllerActionInvoker invoker, Task lastTask, State next, Scope scope, Object state, Boolean isCompleted)
   at Microsoft.AspNetCore.Mvc.Infrastructure.ControllerActionInvoker.Rethrow(ActionExecutedContextSealed context)
   at Microsoft.AspNetCore.Mvc.Infrastructure.ControllerActionInvoker.Next(State& next, Scope& scope, Object& state, Boolean& isCompleted)
   at Microsoft.AspNetCore.Mvc.Infrastructure.ControllerActionInvoker.InvokeInnerFilterAsync()
--- End of stack trace from previous location where exception was thrown ---
   at Microsoft.AspNetCore.Mvc.Infrastructure.ResourceInvoker.<InvokeNextExceptionFilterAsync>g__Awaited|25_0(ResourceInvoker invoker, Task lastTask, State next, Scope scope, Object state, Boolean isCompleted)
--------------------------------
2020-06-29 13:29:17,091| ERROR 
Where(entity) Primary key required
【自定义错误】：Where(entity) Primary key required 
【异常类型】：SqlSugarException 
【异常信息】：Where(entity) Primary key required 
【堆栈调用】：   at SqlSugar.Check.Exception(Boolean isException, String message, String[] args)
   at SqlSugar.DeleteableProvider`1.Where(T deleteObj)
   at SqlSugar.SqlSugarProvider.Deleteable[T](T deleteObj)
   at SqlSugar.SqlSugarClient.Deleteable[T](T deleteObj)
   at Funeral.Core.Repository.Base.BaseRepository`1.Delete(TEntity entity)
   at Funeral.Core.Services.BASE.BaseServices`1.Delete(TEntity entity) in D:\Projects\Funeral.Core\Funeral.Core\Funeral.Core.Services\BASE\BaseServices.cs:line 101
   at Funeral.Core.AOP.InternalAsyncHelper.AwaitTaskWithPostActionAndFinallyAndGetResult[T](Task`1 actualReturnValue, Func`2 postAction, Action`1 finalAction) in D:\Projects\Funeral.Core\Funeral.Core\Funeral.Core\AOP\FuneralLogAOP.cs:line 195
   at Funeral.Core.Controllers.RoleController.Post(Role role) in D:\Projects\Funeral.Core\Funeral.Core\Funeral.Core\Controllers\RoleController.cs:line 154
   at lambda_method(Closure , Object )
   at Microsoft.Extensions.Internal.ObjectMethodExecutorAwaitable.Awaiter.GetResult()
   at Microsoft.AspNetCore.Mvc.Infrastructure.ActionMethodExecutor.AwaitableObjectResultExecutor.Execute(IActionResultTypeMapper mapper, ObjectMethodExecutor executor, Object controller, Object[] arguments)
   at Microsoft.AspNetCore.Mvc.Infrastructure.ControllerActionInvoker.<InvokeActionMethodAsync>g__Awaited|12_0(ControllerActionInvoker invoker, ValueTask`1 actionResultValueTask)
   at Microsoft.AspNetCore.Mvc.Infrastructure.ControllerActionInvoker.<InvokeNextActionFilterAsync>g__Awaited|10_0(ControllerActionInvoker invoker, Task lastTask, State next, Scope scope, Object state, Boolean isCompleted)
   at Microsoft.AspNetCore.Mvc.Infrastructure.ControllerActionInvoker.Rethrow(ActionExecutedContextSealed context)
   at Microsoft.AspNetCore.Mvc.Infrastructure.ControllerActionInvoker.Next(State& next, Scope& scope, Object& state, Boolean& isCompleted)
   at Microsoft.AspNetCore.Mvc.Infrastructure.ControllerActionInvoker.InvokeInnerFilterAsync()
--- End of stack trace from previous location where exception was thrown ---
   at Microsoft.AspNetCore.Mvc.Infrastructure.ResourceInvoker.<InvokeNextExceptionFilterAsync>g__Awaited|25_0(ResourceInvoker invoker, Task lastTask, State next, Scope scope, Object state, Boolean isCompleted)
--------------------------------
2020-06-29 13:31:28,803| ERROR 
Where(entity) Primary key required
【自定义错误】：Where(entity) Primary key required 
【异常类型】：SqlSugarException 
【异常信息】：Where(entity) Primary key required 
【堆栈调用】：   at SqlSugar.Check.Exception(Boolean isException, String message, String[] args)
   at SqlSugar.DeleteableProvider`1.Where(T deleteObj)
   at SqlSugar.SqlSugarProvider.Deleteable[T](T deleteObj)
   at SqlSugar.SqlSugarClient.Deleteable[T](T deleteObj)
   at Funeral.Core.Repository.Base.BaseRepository`1.Delete(TEntity entity)
   at Funeral.Core.Services.BASE.BaseServices`1.Delete(TEntity entity) in D:\Projects\Funeral.Core\Funeral.Core\Funeral.Core.Services\BASE\BaseServices.cs:line 101
   at Funeral.Core.AOP.InternalAsyncHelper.AwaitTaskWithPostActionAndFinallyAndGetResult[T](Task`1 actualReturnValue, Func`2 postAction, Action`1 finalAction) in D:\Projects\Funeral.Core\Funeral.Core\Funeral.Core\AOP\FuneralLogAOP.cs:line 195
   at Funeral.Core.Controllers.RoleController.Post(Role role) in D:\Projects\Funeral.Core\Funeral.Core\Funeral.Core\Controllers\RoleController.cs:line 154
   at lambda_method(Closure , Object )
   at Microsoft.AspNetCore.Mvc.Infrastructure.ActionMethodExecutor.AwaitableObjectResultExecutor.Execute(IActionResultTypeMapper mapper, ObjectMethodExecutor executor, Object controller, Object[] arguments)
   at Microsoft.AspNetCore.Mvc.Infrastructure.ControllerActionInvoker.<InvokeActionMethodAsync>g__Awaited|12_0(ControllerActionInvoker invoker, ValueTask`1 actionResultValueTask)
   at Microsoft.AspNetCore.Mvc.Infrastructure.ControllerActionInvoker.<InvokeNextActionFilterAsync>g__Awaited|10_0(ControllerActionInvoker invoker, Task lastTask, State next, Scope scope, Object state, Boolean isCompleted)
   at Microsoft.AspNetCore.Mvc.Infrastructure.ControllerActionInvoker.Rethrow(ActionExecutedContextSealed context)
   at Microsoft.AspNetCore.Mvc.Infrastructure.ControllerActionInvoker.Next(State& next, Scope& scope, Object& state, Boolean& isCompleted)
   at Microsoft.AspNetCore.Mvc.Infrastructure.ControllerActionInvoker.InvokeInnerFilterAsync()
--- End of stack trace from previous location where exception was thrown ---
   at Microsoft.AspNetCore.Mvc.Infrastructure.ResourceInvoker.<InvokeNextExceptionFilterAsync>g__Awaited|25_0(ResourceInvoker invoker, Task lastTask, State next, Scope scope, Object state, Boolean isCompleted)
--------------------------------
2020-06-29 13:32:29,280| ERROR 
Where(entity) Primary key required
【自定义错误】：Where(entity) Primary key required 
【异常类型】：SqlSugarException 
【异常信息】：Where(entity) Primary key required 
【堆栈调用】：   at SqlSugar.Check.Exception(Boolean isException, String message, String[] args)
   at SqlSugar.DeleteableProvider`1.Where(T deleteObj)
   at SqlSugar.SqlSugarProvider.Deleteable[T](T deleteObj)
   at SqlSugar.SqlSugarClient.Deleteable[T](T deleteObj)
   at Funeral.Core.Repository.Base.BaseRepository`1.Delete(TEntity entity)
   at Funeral.Core.Services.BASE.BaseServices`1.Delete(TEntity entity) in D:\Projects\Funeral.Core\Funeral.Core\Funeral.Core.Services\BASE\BaseServices.cs:line 101
   at Funeral.Core.AOP.InternalAsyncHelper.AwaitTaskWithPostActionAndFinallyAndGetResult[T](Task`1 actualReturnValue, Func`2 postAction, Action`1 finalAction) in D:\Projects\Funeral.Core\Funeral.Core\Funeral.Core\AOP\FuneralLogAOP.cs:line 195
   at Funeral.Core.Controllers.RoleController.Post(Role role) in D:\Projects\Funeral.Core\Funeral.Core\Funeral.Core\Controllers\RoleController.cs:line 154
   at lambda_method(Closure , Object )
   at Microsoft.AspNetCore.Mvc.Infrastructure.ActionMethodExecutor.AwaitableObjectResultExecutor.Execute(IActionResultTypeMapper mapper, ObjectMethodExecutor executor, Object controller, Object[] arguments)
   at Microsoft.AspNetCore.Mvc.Infrastructure.ControllerActionInvoker.<InvokeActionMethodAsync>g__Awaited|12_0(ControllerActionInvoker invoker, ValueTask`1 actionResultValueTask)
   at Microsoft.AspNetCore.Mvc.Infrastructure.ControllerActionInvoker.<InvokeNextActionFilterAsync>g__Awaited|10_0(ControllerActionInvoker invoker, Task lastTask, State next, Scope scope, Object state, Boolean isCompleted)
   at Microsoft.AspNetCore.Mvc.Infrastructure.ControllerActionInvoker.Rethrow(ActionExecutedContextSealed context)
   at Microsoft.AspNetCore.Mvc.Infrastructure.ControllerActionInvoker.Next(State& next, Scope& scope, Object& state, Boolean& isCompleted)
   at Microsoft.AspNetCore.Mvc.Infrastructure.ControllerActionInvoker.InvokeInnerFilterAsync()
--- End of stack trace from previous location where exception was thrown ---
   at Microsoft.AspNetCore.Mvc.Infrastructure.ResourceInvoker.<InvokeNextExceptionFilterAsync>g__Awaited|25_0(ResourceInvoker invoker, Task lastTask, State next, Scope scope, Object state, Boolean isCompleted)
--------------------------------
2020-06-29 13:33:06,815| ERROR 
Where(entity) Primary key required
【自定义错误】：Where(entity) Primary key required 
【异常类型】：SqlSugarException 
【异常信息】：Where(entity) Primary key required 
【堆栈调用】：   at SqlSugar.Check.Exception(Boolean isException, String message, String[] args)
   at SqlSugar.DeleteableProvider`1.Where(T deleteObj)
   at SqlSugar.SqlSugarProvider.Deleteable[T](T deleteObj)
   at SqlSugar.SqlSugarClient.Deleteable[T](T deleteObj)
   at Funeral.Core.Repository.Base.BaseRepository`1.Delete(TEntity entity)
   at Funeral.Core.Services.BASE.BaseServices`1.Delete(TEntity entity) in D:\Projects\Funeral.Core\Funeral.Core\Funeral.Core.Services\BASE\BaseServices.cs:line 101
   at Funeral.Core.AOP.InternalAsyncHelper.AwaitTaskWithPostActionAndFinallyAndGetResult[T](Task`1 actualReturnValue, Func`2 postAction, Action`1 finalAction) in D:\Projects\Funeral.Core\Funeral.Core\Funeral.Core\AOP\FuneralLogAOP.cs:line 195
   at Funeral.Core.Controllers.RoleController.Post(Role role) in D:\Projects\Funeral.Core\Funeral.Core\Funeral.Core\Controllers\RoleController.cs:line 154
   at lambda_method(Closure , Object )
   at Microsoft.AspNetCore.Mvc.Infrastructure.ActionMethodExecutor.AwaitableObjectResultExecutor.Execute(IActionResultTypeMapper mapper, ObjectMethodExecutor executor, Object controller, Object[] arguments)
   at Microsoft.AspNetCore.Mvc.Infrastructure.ControllerActionInvoker.<InvokeActionMethodAsync>g__Awaited|12_0(ControllerActionInvoker invoker, ValueTask`1 actionResultValueTask)
   at Microsoft.AspNetCore.Mvc.Infrastructure.ControllerActionInvoker.<InvokeNextActionFilterAsync>g__Awaited|10_0(ControllerActionInvoker invoker, Task lastTask, State next, Scope scope, Object state, Boolean isCompleted)
   at Microsoft.AspNetCore.Mvc.Infrastructure.ControllerActionInvoker.Rethrow(ActionExecutedContextSealed context)
   at Microsoft.AspNetCore.Mvc.Infrastructure.ControllerActionInvoker.Next(State& next, Scope& scope, Object& state, Boolean& isCompleted)
   at Microsoft.AspNetCore.Mvc.Infrastructure.ControllerActionInvoker.InvokeInnerFilterAsync()
--- End of stack trace from previous location where exception was thrown ---
   at Microsoft.AspNetCore.Mvc.Infrastructure.ResourceInvoker.<InvokeNextExceptionFilterAsync>g__Awaited|25_0(ResourceInvoker invoker, Task lastTask, State next, Scope scope, Object state, Boolean isCompleted)
--------------------------------
2020-06-29 13:33:41,193| ERROR 
Where(entity) Primary key required
【自定义错误】：Where(entity) Primary key required 
【异常类型】：SqlSugarException 
【异常信息】：Where(entity) Primary key required 
【堆栈调用】：   at SqlSugar.Check.Exception(Boolean isException, String message, String[] args)
   at SqlSugar.DeleteableProvider`1.Where(T deleteObj)
   at SqlSugar.SqlSugarProvider.Deleteable[T](T deleteObj)
   at SqlSugar.SqlSugarClient.Deleteable[T](T deleteObj)
   at Funeral.Core.Repository.Base.BaseRepository`1.Delete(TEntity entity)
   at Funeral.Core.Services.BASE.BaseServices`1.Delete(TEntity entity) in D:\Projects\Funeral.Core\Funeral.Core\Funeral.Core.Services\BASE\BaseServices.cs:line 101
   at Funeral.Core.AOP.InternalAsyncHelper.AwaitTaskWithPostActionAndFinallyAndGetResult[T](Task`1 actualReturnValue, Func`2 postAction, Action`1 finalAction) in D:\Projects\Funeral.Core\Funeral.Core\Funeral.Core\AOP\FuneralLogAOP.cs:line 195
   at Funeral.Core.Controllers.RoleController.Post(Role role) in D:\Projects\Funeral.Core\Funeral.Core\Funeral.Core\Controllers\RoleController.cs:line 154
   at lambda_method(Closure , Object )
   at Microsoft.AspNetCore.Mvc.Infrastructure.ActionMethodExecutor.AwaitableObjectResultExecutor.Execute(IActionResultTypeMapper mapper, ObjectMethodExecutor executor, Object controller, Object[] arguments)
   at Microsoft.AspNetCore.Mvc.Infrastructure.ControllerActionInvoker.<InvokeActionMethodAsync>g__Awaited|12_0(ControllerActionInvoker invoker, ValueTask`1 actionResultValueTask)
   at Microsoft.AspNetCore.Mvc.Infrastructure.ControllerActionInvoker.<InvokeNextActionFilterAsync>g__Awaited|10_0(ControllerActionInvoker invoker, Task lastTask, State next, Scope scope, Object state, Boolean isCompleted)
   at Microsoft.AspNetCore.Mvc.Infrastructure.ControllerActionInvoker.Rethrow(ActionExecutedContextSealed context)
   at Microsoft.AspNetCore.Mvc.Infrastructure.ControllerActionInvoker.Next(State& next, Scope& scope, Object& state, Boolean& isCompleted)
   at Microsoft.AspNetCore.Mvc.Infrastructure.ControllerActionInvoker.InvokeInnerFilterAsync()
--- End of stack trace from previous location where exception was thrown ---
   at Microsoft.AspNetCore.Mvc.Infrastructure.ResourceInvoker.<InvokeNextExceptionFilterAsync>g__Awaited|25_0(ResourceInvoker invoker, Task lastTask, State next, Scope scope, Object state, Boolean isCompleted)
--------------------------------
2020-06-29 13:34:08,515| ERROR 
Where(entity) Primary key required
【自定义错误】：Where(entity) Primary key required 
【异常类型】：SqlSugarException 
【异常信息】：Where(entity) Primary key required 
【堆栈调用】：   at SqlSugar.Check.Exception(Boolean isException, String message, String[] args)
   at SqlSugar.DeleteableProvider`1.Where(T deleteObj)
   at SqlSugar.SqlSugarProvider.Deleteable[T](T deleteObj)
   at SqlSugar.SqlSugarClient.Deleteable[T](T deleteObj)
   at Funeral.Core.Repository.Base.BaseRepository`1.Delete(TEntity entity)
   at Funeral.Core.Services.BASE.BaseServices`1.Delete(TEntity entity) in D:\Projects\Funeral.Core\Funeral.Core\Funeral.Core.Services\BASE\BaseServices.cs:line 101
   at Funeral.Core.AOP.InternalAsyncHelper.AwaitTaskWithPostActionAndFinallyAndGetResult[T](Task`1 actualReturnValue, Func`2 postAction, Action`1 finalAction) in D:\Projects\Funeral.Core\Funeral.Core\Funeral.Core\AOP\FuneralLogAOP.cs:line 195
   at Funeral.Core.Controllers.RoleController.Post(Role role) in D:\Projects\Funeral.Core\Funeral.Core\Funeral.Core\Controllers\RoleController.cs:line 154
   at lambda_method(Closure , Object )
   at Microsoft.AspNetCore.Mvc.Infrastructure.ActionMethodExecutor.AwaitableObjectResultExecutor.Execute(IActionResultTypeMapper mapper, ObjectMethodExecutor executor, Object controller, Object[] arguments)
   at Microsoft.AspNetCore.Mvc.Infrastructure.ControllerActionInvoker.<InvokeActionMethodAsync>g__Awaited|12_0(ControllerActionInvoker invoker, ValueTask`1 actionResultValueTask)
   at Microsoft.AspNetCore.Mvc.Infrastructure.ControllerActionInvoker.<InvokeNextActionFilterAsync>g__Awaited|10_0(ControllerActionInvoker invoker, Task lastTask, State next, Scope scope, Object state, Boolean isCompleted)
   at Microsoft.AspNetCore.Mvc.Infrastructure.ControllerActionInvoker.Rethrow(ActionExecutedContextSealed context)
   at Microsoft.AspNetCore.Mvc.Infrastructure.ControllerActionInvoker.Next(State& next, Scope& scope, Object& state, Boolean& isCompleted)
   at Microsoft.AspNetCore.Mvc.Infrastructure.ControllerActionInvoker.InvokeInnerFilterAsync()
--- End of stack trace from previous location where exception was thrown ---
   at Microsoft.AspNetCore.Mvc.Infrastructure.ResourceInvoker.<InvokeNextExceptionFilterAsync>g__Awaited|25_0(ResourceInvoker invoker, Task lastTask, State next, Scope scope, Object state, Boolean isCompleted)
--------------------------------
2020-06-29 13:34:34,051| ERROR 
Where(entity) Primary key required
【自定义错误】：Where(entity) Primary key required 
【异常类型】：SqlSugarException 
【异常信息】：Where(entity) Primary key required 
【堆栈调用】：   at SqlSugar.Check.Exception(Boolean isException, String message, String[] args)
   at SqlSugar.DeleteableProvider`1.Where(T deleteObj)
   at SqlSugar.SqlSugarProvider.Deleteable[T](T deleteObj)
   at SqlSugar.SqlSugarClient.Deleteable[T](T deleteObj)
   at Funeral.Core.Repository.Base.BaseRepository`1.Delete(TEntity entity)
   at Funeral.Core.Services.BASE.BaseServices`1.Delete(TEntity entity) in D:\Projects\Funeral.Core\Funeral.Core\Funeral.Core.Services\BASE\BaseServices.cs:line 101
   at Funeral.Core.AOP.InternalAsyncHelper.AwaitTaskWithPostActionAndFinallyAndGetResult[T](Task`1 actualReturnValue, Func`2 postAction, Action`1 finalAction) in D:\Projects\Funeral.Core\Funeral.Core\Funeral.Core\AOP\FuneralLogAOP.cs:line 195
   at Funeral.Core.Controllers.RoleController.Post(Role role) in D:\Projects\Funeral.Core\Funeral.Core\Funeral.Core\Controllers\RoleController.cs:line 154
   at lambda_method(Closure , Object )
   at Microsoft.AspNetCore.Mvc.Infrastructure.ActionMethodExecutor.AwaitableObjectResultExecutor.Execute(IActionResultTypeMapper mapper, ObjectMethodExecutor executor, Object controller, Object[] arguments)
   at Microsoft.AspNetCore.Mvc.Infrastructure.ControllerActionInvoker.<InvokeActionMethodAsync>g__Awaited|12_0(ControllerActionInvoker invoker, ValueTask`1 actionResultValueTask)
   at Microsoft.AspNetCore.Mvc.Infrastructure.ControllerActionInvoker.<InvokeNextActionFilterAsync>g__Awaited|10_0(ControllerActionInvoker invoker, Task lastTask, State next, Scope scope, Object state, Boolean isCompleted)
   at Microsoft.AspNetCore.Mvc.Infrastructure.ControllerActionInvoker.Rethrow(ActionExecutedContextSealed context)
   at Microsoft.AspNetCore.Mvc.Infrastructure.ControllerActionInvoker.Next(State& next, Scope& scope, Object& state, Boolean& isCompleted)
   at Microsoft.AspNetCore.Mvc.Infrastructure.ControllerActionInvoker.InvokeInnerFilterAsync()
--- End of stack trace from previous location where exception was thrown ---
   at Microsoft.AspNetCore.Mvc.Infrastructure.ResourceInvoker.<InvokeNextExceptionFilterAsync>g__Awaited|25_0(ResourceInvoker invoker, Task lastTask, State next, Scope scope, Object state, Boolean isCompleted)
--------------------------------
2020-06-29 13:35:25,170| ERROR 
Where(entity) Primary key required
【自定义错误】：Where(entity) Primary key required 
【异常类型】：SqlSugarException 
【异常信息】：Where(entity) Primary key required 
【堆栈调用】：   at SqlSugar.Check.Exception(Boolean isException, String message, String[] args)
   at SqlSugar.DeleteableProvider`1.Where(T deleteObj)
   at SqlSugar.SqlSugarProvider.Deleteable[T](T deleteObj)
   at SqlSugar.SqlSugarClient.Deleteable[T](T deleteObj)
   at Funeral.Core.Repository.Base.BaseRepository`1.Delete(TEntity entity)
   at Funeral.Core.Services.BASE.BaseServices`1.Delete(TEntity entity) in D:\Projects\Funeral.Core\Funeral.Core\Funeral.Core.Services\BASE\BaseServices.cs:line 101
   at Funeral.Core.AOP.InternalAsyncHelper.AwaitTaskWithPostActionAndFinallyAndGetResult[T](Task`1 actualReturnValue, Func`2 postAction, Action`1 finalAction) in D:\Projects\Funeral.Core\Funeral.Core\Funeral.Core\AOP\FuneralLogAOP.cs:line 195
   at Funeral.Core.Controllers.RoleController.Post(Role role) in D:\Projects\Funeral.Core\Funeral.Core\Funeral.Core\Controllers\RoleController.cs:line 154
   at lambda_method(Closure , Object )
   at Microsoft.AspNetCore.Mvc.Infrastructure.ActionMethodExecutor.AwaitableObjectResultExecutor.Execute(IActionResultTypeMapper mapper, ObjectMethodExecutor executor, Object controller, Object[] arguments)
   at Microsoft.AspNetCore.Mvc.Infrastructure.ControllerActionInvoker.<InvokeActionMethodAsync>g__Awaited|12_0(ControllerActionInvoker invoker, ValueTask`1 actionResultValueTask)
   at Microsoft.AspNetCore.Mvc.Infrastructure.ControllerActionInvoker.<InvokeNextActionFilterAsync>g__Awaited|10_0(ControllerActionInvoker invoker, Task lastTask, State next, Scope scope, Object state, Boolean isCompleted)
   at Microsoft.AspNetCore.Mvc.Infrastructure.ControllerActionInvoker.Rethrow(ActionExecutedContextSealed context)
   at Microsoft.AspNetCore.Mvc.Infrastructure.ControllerActionInvoker.Next(State& next, Scope& scope, Object& state, Boolean& isCompleted)
   at Microsoft.AspNetCore.Mvc.Infrastructure.ControllerActionInvoker.InvokeInnerFilterAsync()
--- End of stack trace from previous location where exception was thrown ---
   at Microsoft.AspNetCore.Mvc.Infrastructure.ResourceInvoker.<InvokeNextExceptionFilterAsync>g__Awaited|25_0(ResourceInvoker invoker, Task lastTask, State next, Scope scope, Object state, Boolean isCompleted)
--------------------------------
2020-06-29 13:35:58,508| ERROR 
Where(entity) Primary key required
【自定义错误】：Where(entity) Primary key required 
【异常类型】：SqlSugarException 
【异常信息】：Where(entity) Primary key required 
【堆栈调用】：   at SqlSugar.Check.Exception(Boolean isException, String message, String[] args)
   at SqlSugar.DeleteableProvider`1.Where(T deleteObj)
   at SqlSugar.SqlSugarProvider.Deleteable[T](T deleteObj)
   at SqlSugar.SqlSugarClient.Deleteable[T](T deleteObj)
   at Funeral.Core.Repository.Base.BaseRepository`1.Delete(TEntity entity)
   at Funeral.Core.Services.BASE.BaseServices`1.Delete(TEntity entity) in D:\Projects\Funeral.Core\Funeral.Core\Funeral.Core.Services\BASE\BaseServices.cs:line 101
   at Funeral.Core.AOP.InternalAsyncHelper.AwaitTaskWithPostActionAndFinallyAndGetResult[T](Task`1 actualReturnValue, Func`2 postAction, Action`1 finalAction) in D:\Projects\Funeral.Core\Funeral.Core\Funeral.Core\AOP\FuneralLogAOP.cs:line 195
   at Funeral.Core.Controllers.RoleController.Post(Role role) in D:\Projects\Funeral.Core\Funeral.Core\Funeral.Core\Controllers\RoleController.cs:line 154
   at lambda_method(Closure , Object )
   at Microsoft.AspNetCore.Mvc.Infrastructure.ActionMethodExecutor.AwaitableObjectResultExecutor.Execute(IActionResultTypeMapper mapper, ObjectMethodExecutor executor, Object controller, Object[] arguments)
   at Microsoft.AspNetCore.Mvc.Infrastructure.ControllerActionInvoker.<InvokeActionMethodAsync>g__Awaited|12_0(ControllerActionInvoker invoker, ValueTask`1 actionResultValueTask)
   at Microsoft.AspNetCore.Mvc.Infrastructure.ControllerActionInvoker.<InvokeNextActionFilterAsync>g__Awaited|10_0(ControllerActionInvoker invoker, Task lastTask, State next, Scope scope, Object state, Boolean isCompleted)
   at Microsoft.AspNetCore.Mvc.Infrastructure.ControllerActionInvoker.Rethrow(ActionExecutedContextSealed context)
   at Microsoft.AspNetCore.Mvc.Infrastructure.ControllerActionInvoker.Next(State& next, Scope& scope, Object& state, Boolean& isCompleted)
   at Microsoft.AspNetCore.Mvc.Infrastructure.ControllerActionInvoker.InvokeInnerFilterAsync()
--- End of stack trace from previous location where exception was thrown ---
   at Microsoft.AspNetCore.Mvc.Infrastructure.ResourceInvoker.<InvokeNextExceptionFilterAsync>g__Awaited|25_0(ResourceInvoker invoker, Task lastTask, State next, Scope scope, Object state, Boolean isCompleted)
--------------------------------
2020-06-29 13:37:16,945| ERROR 
Where(entity) Primary key required
【自定义错误】：Where(entity) Primary key required 
【异常类型】：SqlSugarException 
【异常信息】：Where(entity) Primary key required 
【堆栈调用】：   at SqlSugar.Check.Exception(Boolean isException, String message, String[] args)
   at SqlSugar.DeleteableProvider`1.Where(T deleteObj)
   at SqlSugar.SqlSugarProvider.Deleteable[T](T deleteObj)
   at SqlSugar.SqlSugarClient.Deleteable[T](T deleteObj)
   at Funeral.Core.Repository.Base.BaseRepository`1.Delete(TEntity entity)
   at Funeral.Core.Services.BASE.BaseServices`1.Delete(TEntity entity) in D:\Projects\Funeral.Core\Funeral.Core\Funeral.Core.Services\BASE\BaseServices.cs:line 101
   at Funeral.Core.AOP.InternalAsyncHelper.AwaitTaskWithPostActionAndFinallyAndGetResult[T](Task`1 actualReturnValue, Func`2 postAction, Action`1 finalAction) in D:\Projects\Funeral.Core\Funeral.Core\Funeral.Core\AOP\FuneralLogAOP.cs:line 195
   at Funeral.Core.Controllers.RoleController.Post(Role role) in D:\Projects\Funeral.Core\Funeral.Core\Funeral.Core\Controllers\RoleController.cs:line 154
   at lambda_method(Closure , Object )
   at Microsoft.AspNetCore.Mvc.Infrastructure.ActionMethodExecutor.AwaitableObjectResultExecutor.Execute(IActionResultTypeMapper mapper, ObjectMethodExecutor executor, Object controller, Object[] arguments)
   at Microsoft.AspNetCore.Mvc.Infrastructure.ControllerActionInvoker.<InvokeActionMethodAsync>g__Awaited|12_0(ControllerActionInvoker invoker, ValueTask`1 actionResultValueTask)
   at Microsoft.AspNetCore.Mvc.Infrastructure.ControllerActionInvoker.<InvokeNextActionFilterAsync>g__Awaited|10_0(ControllerActionInvoker invoker, Task lastTask, State next, Scope scope, Object state, Boolean isCompleted)
   at Microsoft.AspNetCore.Mvc.Infrastructure.ControllerActionInvoker.Rethrow(ActionExecutedContextSealed context)
   at Microsoft.AspNetCore.Mvc.Infrastructure.ControllerActionInvoker.Next(State& next, Scope& scope, Object& state, Boolean& isCompleted)
   at Microsoft.AspNetCore.Mvc.Infrastructure.ControllerActionInvoker.InvokeInnerFilterAsync()
--- End of stack trace from previous location where exception was thrown ---
   at Microsoft.AspNetCore.Mvc.Infrastructure.ResourceInvoker.<InvokeNextExceptionFilterAsync>g__Awaited|25_0(ResourceInvoker invoker, Task lastTask, State next, Scope scope, Object state, Boolean isCompleted)
--------------------------------
2020-06-29 13:39:02,574| ERROR 
Where(entity) Primary key required
【自定义错误】：Where(entity) Primary key required 
【异常类型】：SqlSugarException 
【异常信息】：Where(entity) Primary key required 
【堆栈调用】：   at SqlSugar.Check.Exception(Boolean isException, String message, String[] args)
   at SqlSugar.DeleteableProvider`1.Where(T deleteObj)
   at SqlSugar.SqlSugarProvider.Deleteable[T](T deleteObj)
   at SqlSugar.SqlSugarClient.Deleteable[T](T deleteObj)
   at Funeral.Core.Repository.Base.BaseRepository`1.Delete(TEntity entity)
   at Funeral.Core.Services.BASE.BaseServices`1.Delete(TEntity entity) in D:\Projects\Funeral.Core\Funeral.Core\Funeral.Core.Services\BASE\BaseServices.cs:line 101
   at Funeral.Core.AOP.InternalAsyncHelper.AwaitTaskWithPostActionAndFinallyAndGetResult[T](Task`1 actualReturnValue, Func`2 postAction, Action`1 finalAction) in D:\Projects\Funeral.Core\Funeral.Core\Funeral.Core\AOP\FuneralLogAOP.cs:line 208
   at Funeral.Core.Controllers.RoleController.Post(Role role) in D:\Projects\Funeral.Core\Funeral.Core\Funeral.Core\Controllers\RoleController.cs:line 154
   at lambda_method(Closure , Object )
   at Microsoft.AspNetCore.Mvc.Infrastructure.ActionMethodExecutor.AwaitableObjectResultExecutor.Execute(IActionResultTypeMapper mapper, ObjectMethodExecutor executor, Object controller, Object[] arguments)
   at Microsoft.AspNetCore.Mvc.Infrastructure.ControllerActionInvoker.<InvokeActionMethodAsync>g__Awaited|12_0(ControllerActionInvoker invoker, ValueTask`1 actionResultValueTask)
   at Microsoft.AspNetCore.Mvc.Infrastructure.ControllerActionInvoker.<InvokeNextActionFilterAsync>g__Awaited|10_0(ControllerActionInvoker invoker, Task lastTask, State next, Scope scope, Object state, Boolean isCompleted)
   at Microsoft.AspNetCore.Mvc.Infrastructure.ControllerActionInvoker.Rethrow(ActionExecutedContextSealed context)
   at Microsoft.AspNetCore.Mvc.Infrastructure.ControllerActionInvoker.Next(State& next, Scope& scope, Object& state, Boolean& isCompleted)
   at Microsoft.AspNetCore.Mvc.Infrastructure.ControllerActionInvoker.InvokeInnerFilterAsync()
--- End of stack trace from previous location where exception was thrown ---
   at Microsoft.AspNetCore.Mvc.Infrastructure.ResourceInvoker.<InvokeNextExceptionFilterAsync>g__Awaited|25_0(ResourceInvoker invoker, Task lastTask, State next, Scope scope, Object state, Boolean isCompleted)
--------------------------------
2020-06-29 13:39:33,872| ERROR 
Where(entity) Primary key required
【自定义错误】：Where(entity) Primary key required 
【异常类型】：SqlSugarException 
【异常信息】：Where(entity) Primary key required 
【堆栈调用】：   at SqlSugar.Check.Exception(Boolean isException, String message, String[] args)
   at SqlSugar.DeleteableProvider`1.Where(T deleteObj)
   at SqlSugar.SqlSugarProvider.Deleteable[T](T deleteObj)
   at SqlSugar.SqlSugarClient.Deleteable[T](T deleteObj)
   at Funeral.Core.Repository.Base.BaseRepository`1.Delete(TEntity entity)
   at Funeral.Core.Services.BASE.BaseServices`1.Delete(TEntity entity) in D:\Projects\Funeral.Core\Funeral.Core\Funeral.Core.Services\BASE\BaseServices.cs:line 101
   at Funeral.Core.AOP.InternalAsyncHelper.AwaitTaskWithPostActionAndFinallyAndGetResult[T](Task`1 actualReturnValue, Func`2 postAction, Action`1 finalAction) in D:\Projects\Funeral.Core\Funeral.Core\Funeral.Core\AOP\FuneralLogAOP.cs:line 208
   at Funeral.Core.Controllers.RoleController.Post(Role role) in D:\Projects\Funeral.Core\Funeral.Core\Funeral.Core\Controllers\RoleController.cs:line 154
   at lambda_method(Closure , Object )
   at Microsoft.AspNetCore.Mvc.Infrastructure.ActionMethodExecutor.AwaitableObjectResultExecutor.Execute(IActionResultTypeMapper mapper, ObjectMethodExecutor executor, Object controller, Object[] arguments)
   at Microsoft.AspNetCore.Mvc.Infrastructure.ControllerActionInvoker.<InvokeActionMethodAsync>g__Awaited|12_0(ControllerActionInvoker invoker, ValueTask`1 actionResultValueTask)
   at Microsoft.AspNetCore.Mvc.Infrastructure.ControllerActionInvoker.<InvokeNextActionFilterAsync>g__Awaited|10_0(ControllerActionInvoker invoker, Task lastTask, State next, Scope scope, Object state, Boolean isCompleted)
   at Microsoft.AspNetCore.Mvc.Infrastructure.ControllerActionInvoker.Rethrow(ActionExecutedContextSealed context)
   at Microsoft.AspNetCore.Mvc.Infrastructure.ControllerActionInvoker.Next(State& next, Scope& scope, Object& state, Boolean& isCompleted)
   at Microsoft.AspNetCore.Mvc.Infrastructure.ControllerActionInvoker.InvokeInnerFilterAsync()
--- End of stack trace from previous location where exception was thrown ---
   at Microsoft.AspNetCore.Mvc.Infrastructure.ResourceInvoker.<InvokeNextExceptionFilterAsync>g__Awaited|25_0(ResourceInvoker invoker, Task lastTask, State next, Scope scope, Object state, Boolean isCompleted)
--------------------------------
2020-06-29 13:40:17,783| ERROR 
Where(entity) Primary key required
【自定义错误】：Where(entity) Primary key required 
【异常类型】：SqlSugarException 
【异常信息】：Where(entity) Primary key required 
【堆栈调用】：   at SqlSugar.Check.Exception(Boolean isException, String message, String[] args)
   at SqlSugar.DeleteableProvider`1.Where(T deleteObj)
   at SqlSugar.SqlSugarProvider.Deleteable[T](T deleteObj)
   at SqlSugar.SqlSugarClient.Deleteable[T](T deleteObj)
   at Funeral.Core.Repository.Base.BaseRepository`1.Delete(TEntity entity)
   at Funeral.Core.Services.BASE.BaseServices`1.Delete(TEntity entity) in D:\Projects\Funeral.Core\Funeral.Core\Funeral.Core.Services\BASE\BaseServices.cs:line 101
   at Funeral.Core.AOP.InternalAsyncHelper.AwaitTaskWithPostActionAndFinallyAndGetResult[T](Task`1 actualReturnValue, Func`2 postAction, Action`1 finalAction) in D:\Projects\Funeral.Core\Funeral.Core\Funeral.Core\AOP\FuneralLogAOP.cs:line 208
   at Funeral.Core.Controllers.RoleController.Post(Role role) in D:\Projects\Funeral.Core\Funeral.Core\Funeral.Core\Controllers\RoleController.cs:line 154
   at lambda_method(Closure , Object )
   at Microsoft.AspNetCore.Mvc.Infrastructure.ActionMethodExecutor.AwaitableObjectResultExecutor.Execute(IActionResultTypeMapper mapper, ObjectMethodExecutor executor, Object controller, Object[] arguments)
   at Microsoft.AspNetCore.Mvc.Infrastructure.ControllerActionInvoker.<InvokeActionMethodAsync>g__Awaited|12_0(ControllerActionInvoker invoker, ValueTask`1 actionResultValueTask)
   at Microsoft.AspNetCore.Mvc.Infrastructure.ControllerActionInvoker.<InvokeNextActionFilterAsync>g__Awaited|10_0(ControllerActionInvoker invoker, Task lastTask, State next, Scope scope, Object state, Boolean isCompleted)
   at Microsoft.AspNetCore.Mvc.Infrastructure.ControllerActionInvoker.Rethrow(ActionExecutedContextSealed context)
   at Microsoft.AspNetCore.Mvc.Infrastructure.ControllerActionInvoker.Next(State& next, Scope& scope, Object& state, Boolean& isCompleted)
   at Microsoft.AspNetCore.Mvc.Infrastructure.ControllerActionInvoker.InvokeInnerFilterAsync()
--- End of stack trace from previous location where exception was thrown ---
   at Microsoft.AspNetCore.Mvc.Infrastructure.ResourceInvoker.<InvokeNextExceptionFilterAsync>g__Awaited|25_0(ResourceInvoker invoker, Task lastTask, State next, Scope scope, Object state, Boolean isCompleted)
--------------------------------
2020-06-29 14:52:13,058| ERROR 
Method not found: 'Void Funeral.Core.Common.Helper.RecursionHelper.LoopToAppendChildren(System.Collections.Generic.List`1<Funeral.Core.Common.Helper.PermissionTree>, Funeral.Core.Common.Helper.PermissionTree, Int32, Boolean)'.
【自定义错误】：Method not found: 'Void Funeral.Core.Common.Helper.RecursionHelper.LoopToAppendChildren(System.Collections.Generic.List`1<Funeral.Core.Common.Helper.PermissionTree>, Funeral.Core.Common.Helper.PermissionTree, Int32, Boolean)'. 
【异常类型】：MissingMethodException 
【异常信息】：Method not found: 'Void Funeral.Core.Common.Helper.RecursionHelper.LoopToAppendChildren(System.Collections.Generic.List`1<Funeral.Core.Common.Helper.PermissionTree>, Funeral.Core.Common.Helper.PermissionTree, Int32, Boolean)'. 
【堆栈调用】：   at Funeral.Core.Controllers.PermissionController.GetPermissionTree(Int32 pid, Boolean needbtn)
   at System.Runtime.CompilerServices.AsyncMethodBuilderCore.Start[TStateMachine](TStateMachine& stateMachine)
   at Funeral.Core.Controllers.PermissionController.GetPermissionTree(Int32 pid, Boolean needbtn)
   at lambda_method(Closure , Object , Object[] )
   at Microsoft.Extensions.Internal.ObjectMethodExecutor.ExecuteAsync(Object target, Object[] parameters)
   at Microsoft.AspNetCore.Mvc.Infrastructure.ActionMethodExecutor.AwaitableObjectResultExecutor.Execute(IActionResultTypeMapper mapper, ObjectMethodExecutor executor, Object controller, Object[] arguments)
   at Microsoft.AspNetCore.Mvc.Infrastructure.ControllerActionInvoker.<InvokeActionMethodAsync>g__Awaited|12_0(ControllerActionInvoker invoker, ValueTask`1 actionResultValueTask)
   at Microsoft.AspNetCore.Mvc.Infrastructure.ControllerActionInvoker.<InvokeNextActionFilterAsync>g__Awaited|10_0(ControllerActionInvoker invoker, Task lastTask, State next, Scope scope, Object state, Boolean isCompleted)
   at Microsoft.AspNetCore.Mvc.Infrastructure.ControllerActionInvoker.Rethrow(ActionExecutedContextSealed context)
   at Microsoft.AspNetCore.Mvc.Infrastructure.ControllerActionInvoker.Next(State& next, Scope& scope, Object& state, Boolean& isCompleted)
   at Microsoft.AspNetCore.Mvc.Infrastructure.ControllerActionInvoker.InvokeInnerFilterAsync()
--- End of stack trace from previous location where exception was thrown ---
   at Microsoft.AspNetCore.Mvc.Infrastructure.ResourceInvoker.<InvokeNextExceptionFilterAsync>g__Awaited|25_0(ResourceInvoker invoker, Task lastTask, State next, Scope scope, Object state, Boolean isCompleted)
--------------------------------
