--------------------------------
2020/6/22 11:16:53|
【当前操作用户】： 
【当前执行方法】：Query 
【携带的参数有】：  
【执行完成结果】：[{"Name":"博客管理","JobGroup":"博客测试组","Cron":"0 */1 * * * ?","AssemblyName":"Funeral.Core.Tasks","ClassName":"Job_Blogs_Quartz","Remark":"【2020/6/22 10:04:45】执行任务【Id：1，组别：博客测试组】【执行成功】<br>【2020/6/22 9:59:00】执行任务【Id：1，组别：博客测试组】【执行成功】<br>【2020/6/22 9:58:00】执行任务【Id：1，组别：博客测试组】【执行成功】<br>【2020/6/22 9:57:39】执行任务【Id：1，组别：博客测试组】【执行成功】<br>【2020/6/22 9:56:00】执行任务【Id：1，组别：博客测试组】【执行成功】<br>【2020/6/22 9:55:00】执行任务【Id：1，组别：博客测试组】【执行成功】<br>【2020/6/22 9:54:45】执行任务【Id：1，组别：博客测试组】【执行成功】<br>【2020/6/22 9:53:33】执行任务【Id：1，组别：博客测试组】【执行成功】<br>【2020/6/22 9:52:00】执行任务【Id：1，组别：博客测试组】【执行成功】<br>【2020/6/22 9:51:00】执行任务【Id：1，组别：博客测试组】【执行成功】","RunTimes":861,"BeginTime":"2019-01-01T00:00:00","EndTime":"2022-01-01T00:00:00","TriggerType":1,"IntervalSecond":0,"IsStart":true,"JobParams":"1","IsDeleted":false,"CreateTime":"2019-01-01T00:00:00","Id":1}]
--------------------------------
2020/6/22 11:17:11|
【当前操作用户】： 
【当前执行方法】：Query 
【携带的参数有】：  
【执行完成结果】：[]
--------------------------------
2020/6/22 11:17:14|
【当前操作用户】： 
【当前执行方法】：Query 
【携带的参数有】：  
【执行完成结果】：[]
--------------------------------
2020/6/22 11:17:16|
【当前操作用户】： 
【当前执行方法】：QueryById 
【携带的参数有】： 1 
【执行完成结果】：{"Name":"博客管理","JobGroup":"博客测试组","Cron":"0 */1 * * * ?","AssemblyName":"Funeral.Core.Tasks","ClassName":"Job_Blogs_Quartz","Remark":"【2020/6/22 10:04:45】执行任务【Id：1，组别：博客测试组】【执行成功】<br>【2020/6/22 9:59:00】执行任务【Id：1，组别：博客测试组】【执行成功】<br>【2020/6/22 9:58:00】执行任务【Id：1，组别：博客测试组】【执行成功】<br>【2020/6/22 9:57:39】执行任务【Id：1，组别：博客测试组】【执行成功】<br>【2020/6/22 9:56:00】执行任务【Id：1，组别：博客测试组】【执行成功】<br>【2020/6/22 9:55:00】执行任务【Id：1，组别：博客测试组】【执行成功】<br>【2020/6/22 9:54:45】执行任务【Id：1，组别：博客测试组】【执行成功】<br>【2020/6/22 9:53:33】执行任务【Id：1，组别：博客测试组】【执行成功】<br>【2020/6/22 9:52:00】执行任务【Id：1，组别：博客测试组】【执行成功】<br>【2020/6/22 9:51:00】执行任务【Id：1，组别：博客测试组】【执行成功】","RunTimes":861,"BeginTime":"2019-01-01T00:00:00","EndTime":"2022-01-01T00:00:00","TriggerType":1,"IntervalSecond":0,"IsStart":true,"JobParams":"1","IsDeleted":false,"CreateTime":"2019-01-01T00:00:00","Id":1}
--------------------------------
2020/6/22 11:17:16|
【当前操作用户】： 
【当前执行方法】：QueryById 
【携带的参数有】： 1 
【执行完成结果】：{"Name":"博客管理","JobGroup":"博客测试组","Cron":"0 */1 * * * ?","AssemblyName":"Funeral.Core.Tasks","ClassName":"Job_Blogs_Quartz","Remark":"【2020/6/22 10:04:45】执行任务【Id：1，组别：博客测试组】【执行成功】<br>【2020/6/22 9:59:00】执行任务【Id：1，组别：博客测试组】【执行成功】<br>【2020/6/22 9:58:00】执行任务【Id：1，组别：博客测试组】【执行成功】<br>【2020/6/22 9:57:39】执行任务【Id：1，组别：博客测试组】【执行成功】<br>【2020/6/22 9:56:00】执行任务【Id：1，组别：博客测试组】【执行成功】<br>【2020/6/22 9:55:00】执行任务【Id：1，组别：博客测试组】【执行成功】<br>【2020/6/22 9:54:45】执行任务【Id：1，组别：博客测试组】【执行成功】<br>【2020/6/22 9:53:33】执行任务【Id：1，组别：博客测试组】【执行成功】<br>【2020/6/22 9:52:00】执行任务【Id：1，组别：博客测试组】【执行成功】<br>【2020/6/22 9:51:00】执行任务【Id：1，组别：博客测试组】【执行成功】","RunTimes":861,"BeginTime":"2019-01-01T00:00:00","EndTime":"2022-01-01T00:00:00","TriggerType":1,"IntervalSecond":0,"IsStart":true,"JobParams":"1","IsDeleted":false,"CreateTime":"2019-01-01T00:00:00","Id":1}
--------------------------------
2020/6/22 11:17:21|
【当前操作用户】： 
【当前执行方法】：Update 
【携带的参数有】： Funeral.Core.Model.Models.TasksQz 
【执行完成结果】：true
--------------------------------
2020/6/22 11:17:21|
【当前操作用户】： 
【当前执行方法】：Update 
【携带的参数有】： Funeral.Core.Model.Models.TasksQz 
【执行完成结果】：true
--------------------------------
2020/6/22 11:18:03|
【当前操作用户】： 
【当前执行方法】：Query 
【携带的参数有】：  
【执行完成结果】：[]
--------------------------------
2020/6/22 11:18:05|
【当前操作用户】： 
【当前执行方法】：QueryById 
【携带的参数有】： 1 
【执行完成结果】：{"Name":"博客管理","JobGroup":"博客测试组","Cron":"0 */1 * * * ?","AssemblyName":"Funeral.Core.Tasks","ClassName":"Job_Blogs_Quartz","Remark":"【2020/6/22 11:17:16】执行任务【Id：1，组别：博客测试组】【执行成功】<br>【2020/6/22 10:04:45】执行任务【Id：1，组别：博客测试组】【执行成功】<br>【2020/6/22 9:59:00】执行任务【Id：1，组别：博客测试组】【执行成功】<br>【2020/6/22 9:58:00】执行任务【Id：1，组别：博客测试组】【执行成功】<br>【2020/6/22 9:57:39】执行任务【Id：1，组别：博客测试组】【执行成功】<br>【2020/6/22 9:56:00】执行任务【Id：1，组别：博客测试组】【执行成功】<br>【2020/6/22 9:55:00】执行任务【Id：1，组别：博客测试组】【执行成功】<br>【2020/6/22 9:54:45】执行任务【Id：1，组别：博客测试组】【执行成功】<br>【2020/6/22 9:53:33】执行任务【Id：1，组别：博客测试组】【执行成功】<br>【2020/6/22 9:52:00】执行任务【Id：1，组别：博客测试组】【执行成功】","RunTimes":862,"BeginTime":"2019-01-01T00:00:00","EndTime":"2022-01-01T00:00:00","TriggerType":1,"IntervalSecond":0,"IsStart":true,"JobParams":"1","IsDeleted":false,"CreateTime":"2019-01-01T00:00:00","Id":1}
--------------------------------
2020/6/23 8:48:39|
【当前操作用户】： 
【当前执行方法】：Query 
【携带的参数有】：  
【执行完成结果】：[{"Name":"博客管理","JobGroup":"博客测试组","Cron":"0 */1 * * * ?","AssemblyName":"Funeral.Core.Tasks","ClassName":"Job_Blogs_Quartz","Remark":"【2020/6/23 8:48:00】执行任务【Id：1，组别：博客测试组】【执行成功】<br>【2020/6/23 8:47:00】执行任务【Id：1，组别：博客测试组】【执行成功】<br>【2020/6/23 8:46:00】执行任务【Id：1，组别：博客测试组】【执行成功】<br>【2020/6/23 8:45:00】执行任务【Id：1，组别：博客测试组】【执行成功】<br>【2020/6/23 8:44:00】执行任务【Id：1，组别：博客测试组】【执行成功】<br>【2020/6/23 8:43:00】执行任务【Id：1，组别：博客测试组】【执行成功】<br>【2020/6/23 8:42:00】执行任务【Id：1，组别：博客测试组】【执行成功】<br>【2020/6/23 8:41:45】执行任务【Id：1，组别：博客测试组】【执行成功】<br>【2020/6/22 20:55:00】执行任务【Id：1，组别：博客测试组】【执行成功】<br>【2020/6/22 20:54:00】执行任务【Id：1，组别：博客测试组】【执行成功】","RunTimes":1177,"BeginTime":"2019-01-01T00:00:00","EndTime":"2022-01-01T00:00:00","TriggerType":1,"IntervalSecond":0,"IsStart":true,"JobParams":"1","IsDeleted":false,"CreateTime":"2019-01-01T00:00:00","Id":1}]
--------------------------------
2020/6/23 8:48:39|
【当前操作用户】： 
【当前执行方法】：Query 
【携带的参数有】：  
【执行完成结果】：[]
--------------------------------
2020/6/23 8:48:39|
【当前操作用户】： 
【当前执行方法】：QueryById 
【携带的参数有】： 1 
【执行完成结果】：{"Name":"博客管理","JobGroup":"博客测试组","Cron":"0 */1 * * * ?","AssemblyName":"Funeral.Core.Tasks","ClassName":"Job_Blogs_Quartz","Remark":"【2020/6/23 8:48:00】执行任务【Id：1，组别：博客测试组】【执行成功】<br>【2020/6/23 8:47:00】执行任务【Id：1，组别：博客测试组】【执行成功】<br>【2020/6/23 8:46:00】执行任务【Id：1，组别：博客测试组】【执行成功】<br>【2020/6/23 8:45:00】执行任务【Id：1，组别：博客测试组】【执行成功】<br>【2020/6/23 8:44:00】执行任务【Id：1，组别：博客测试组】【执行成功】<br>【2020/6/23 8:43:00】执行任务【Id：1，组别：博客测试组】【执行成功】<br>【2020/6/23 8:42:00】执行任务【Id：1，组别：博客测试组】【执行成功】<br>【2020/6/23 8:41:45】执行任务【Id：1，组别：博客测试组】【执行成功】<br>【2020/6/22 20:55:00】执行任务【Id：1，组别：博客测试组】【执行成功】<br>【2020/6/22 20:54:00】执行任务【Id：1，组别：博客测试组】【执行成功】","RunTimes":1177,"BeginTime":"2019-01-01T00:00:00","EndTime":"2022-01-01T00:00:00","TriggerType":1,"IntervalSecond":0,"IsStart":true,"JobParams":"1","IsDeleted":false,"CreateTime":"2019-01-01T00:00:00","Id":1}
--------------------------------
2020/6/23 8:48:39|
【当前操作用户】： 
【当前执行方法】：Update 
【携带的参数有】： Funeral.Core.Model.Models.TasksQz 
【执行完成结果】：true
--------------------------------
2020/6/23 8:49:00|
【当前操作用户】： 
【当前执行方法】：Query 
【携带的参数有】：  
【执行完成结果】：[]
--------------------------------
2020/6/23 8:49:00|
【当前操作用户】： 
【当前执行方法】：QueryById 
【携带的参数有】： 1 
【执行完成结果】：{"Name":"博客管理","JobGroup":"博客测试组","Cron":"0 */1 * * * ?","AssemblyName":"Funeral.Core.Tasks","ClassName":"Job_Blogs_Quartz","Remark":"【2020/6/23 8:48:39】执行任务【Id：1，组别：博客测试组】【执行成功】<br>【2020/6/23 8:48:00】执行任务【Id：1，组别：博客测试组】【执行成功】<br>【2020/6/23 8:47:00】执行任务【Id：1，组别：博客测试组】【执行成功】<br>【2020/6/23 8:46:00】执行任务【Id：1，组别：博客测试组】【执行成功】<br>【2020/6/23 8:45:00】执行任务【Id：1，组别：博客测试组】【执行成功】<br>【2020/6/23 8:44:00】执行任务【Id：1，组别：博客测试组】【执行成功】<br>【2020/6/23 8:43:00】执行任务【Id：1，组别：博客测试组】【执行成功】<br>【2020/6/23 8:42:00】执行任务【Id：1，组别：博客测试组】【执行成功】<br>【2020/6/23 8:41:45】执行任务【Id：1，组别：博客测试组】【执行成功】<br>【2020/6/22 20:55:00】执行任务【Id：1，组别：博客测试组】【执行成功】","RunTimes":1178,"BeginTime":"2019-01-01T00:00:00","EndTime":"2022-01-01T00:00:00","TriggerType":1,"IntervalSecond":0,"IsStart":true,"JobParams":"1","IsDeleted":false,"CreateTime":"2019-01-01T00:00:00","Id":1}
--------------------------------
2020/6/23 8:49:00|
【当前操作用户】： 
【当前执行方法】：Update 
【携带的参数有】： Funeral.Core.Model.Models.TasksQz 
【执行完成结果】：true
--------------------------------
2020/6/23 8:50:00|
【当前操作用户】： 
【当前执行方法】：Query 
【携带的参数有】：  
【执行完成结果】：[]
--------------------------------
2020/6/23 8:50:00|
【当前操作用户】： 
【当前执行方法】：QueryById 
【携带的参数有】： 1 
【执行完成结果】：{"Name":"博客管理","JobGroup":"博客测试组","Cron":"0 */1 * * * ?","AssemblyName":"Funeral.Core.Tasks","ClassName":"Job_Blogs_Quartz","Remark":"【2020/6/23 8:49:00】执行任务【Id：1，组别：博客测试组】【执行成功】<br>【2020/6/23 8:49:00】执行任务【Id：1，组别：博客测试组】【执行成功】<br>【2020/6/23 8:48:39】执行任务【Id：1，组别：博客测试组】【执行成功】<br>【2020/6/23 8:48:00】执行任务【Id：1，组别：博客测试组】【执行成功】<br>【2020/6/23 8:47:00】执行任务【Id：1，组别：博客测试组】【执行成功】<br>【2020/6/23 8:46:00】执行任务【Id：1，组别：博客测试组】【执行成功】<br>【2020/6/23 8:45:00】执行任务【Id：1，组别：博客测试组】【执行成功】<br>【2020/6/23 8:44:00】执行任务【Id：1，组别：博客测试组】【执行成功】<br>【2020/6/23 8:43:00】执行任务【Id：1，组别：博客测试组】【执行成功】<br>【2020/6/23 8:42:00】执行任务【Id：1，组别：博客测试组】【执行成功】","RunTimes":1180,"BeginTime":"2019-01-01T00:00:00","EndTime":"2022-01-01T00:00:00","TriggerType":1,"IntervalSecond":0,"IsStart":true,"JobParams":"1","IsDeleted":false,"CreateTime":"2019-01-01T00:00:00","Id":1}
--------------------------------
2020/6/23 8:50:00|
【当前操作用户】： 
【当前执行方法】：Update 
【携带的参数有】： Funeral.Core.Model.Models.TasksQz 
【执行完成结果】：true
--------------------------------
2020/6/23 12:10:23|
【当前操作用户】： 
【当前执行方法】：Query 
【携带的参数有】： d => (((d.uLoginName == value(Funeral.Core.Controllers.LoginController+<>c__DisplayClass10_0).userNameOrEmailAddress) AndAlso (d.uLoginPWD == value(Funeral.Core.Controllers.LoginController+<>c__DisplayClass10_0).password)) AndAlso (d.tdIsDelete == False)) 
【执行完成结果】：[{"uID":4,"uLoginName":"admin","uLoginPWD":"46F94C8DE14FB36680850768FF1B7F2A","uRealName":"admin","uStatus":0,"uRemark":null,"uCreateTime":"2019-01-01T00:00:00","uUpdateTime":"2019-01-01T00:00:00","uLastErrTime":"2019-01-01T00:00:00","uErrorCount":0,"name":null,"sex":0,"age":0,"birth":"2019-01-01T00:00:00","addr":null,"tdIsDelete":false,"RIDs":null,"RoleNames":null}]
--------------------------------
2020/6/23 12:10:23|
【当前操作用户】： 
【当前执行方法】：GetRoleIdByUid 
【携带的参数有】： 4 
【执行完成结果】：1
--------------------------------
2020/6/23 12:10:23|
【当前操作用户】： 
【当前执行方法】：GetTenanIdByRid 
【携带的参数有】： 1 
【执行完成结果】：1
--------------------------------
2020/6/23 12:10:23|
【当前操作用户】： 
【当前执行方法】：Query 
【携带的参数有】： ur => (ur.UserId == value(Funeral.Core.FrameWork.Services.SysUserInfoServices+<>c__DisplayClass5_0).user.uID) 
【执行完成结果】：[{"IsDeleted":false,"UserId":4,"RoleId":1,"CreateId":4,"CreateBy":null,"CreateTime":"2020-06-18T22:14:08","ModifyId":null,"ModifyBy":null,"ModifyTime":null,"Id":20}]
--------------------------------
2020/6/23 12:10:23|
【当前操作用户】： 
【当前执行方法】：GetUserRoleNameStr 
【携带的参数有】： admin, 46F94C8DE14FB36680850768FF1B7F2A 
【执行完成结果】："Admin"
--------------------------------
2020/6/23 12:10:24|
【当前操作用户】： 
【当前执行方法】：RoleModuleMaps 
【携带的参数有】：  
【执行完成结果】：[{"IsDeleted":false,"RoleId":0,"ModuleId":0,"PermissionId":null,"CreateId":null,"CreateBy":null,"CreateTime":"2020-06-23T12:10:23.9628452+08:00","ModifyId":null,"ModifyBy":null,"ModifyTime":"2020-06-23T12:10:23.9628477+08:00","Role":{"IsDeleted":false,"Name":"SuperAdmin","Description":"超级管理","OrderSort":0,"Enabled":true,"CreateId":23,"CreateBy":"blogadmin","CreateTime":"2019-01-01T00:00:00","ModifyId":null,"ModifyBy":null,"ModifyTime":"2019-01-01T00:00:00","TIDs":null,"TenanNames":null,"Id":4},"Module":{"IsDeleted":false,"ParentId":null,"Name":"获取用户","LinkUrl":"/api/user/get","Area":null,"Controller":null,"Action":null,"Icon":null,"Code":null,"OrderSort":1,"Description":null,"IsMenu":false,"Enabled":true,"CreateId":null,"CreateBy":null,"CreateTime":"2019-01-01T00:00:00","ModifyId":null,"ModifyBy":null,"ModifyTime":"2019-01-01T00:00:00","Id":7},"Permission":{"Code":null,"Name":null,"IsButton":false,"IsHide":false,"IskeepAlive":false,"Func":null,"Pid":0,"Mid":0,"OrderSort":0,"Icon":null,"Description":null,"Enabled":false,"CreateId":null,"CreateBy":null,"CreateTime":"2020-06-23T12:10:23.9808068+08:00","ModifyId":null,"ModifyBy":null,"ModifyTime":"2020-06-23T12:10:23.9808095+08:00","IsDeleted":null,"PidArr":null,"PnameArr":[],"PCodeArr":[],"MName":null,"hasChildren":true,"Id":0},"Id":0},{"IsDeleted":false,"RoleId":0,"ModuleId":0,"PermissionId":null,"CreateId":null,"CreateBy":null,"CreateTime":"2020-06-23T12:10:23.9815743+08:00","ModifyId":null,"ModifyBy":null,"ModifyTime":"2020-06-23T12:10:23.9815756+08:00","Role":{"IsDeleted":false,"Name":"SuperAdmin","Description":"超级管理","OrderSort":0,"Enabled":true,"CreateId":23,"CreateBy":"blogadmin","CreateTime":"2019-01-01T00:00:00","ModifyId":null,"ModifyBy":null,"ModifyTime":"2019-01-01T00:00:00","TIDs":null,"TenanNames":null,"Id":4},"Module":{"IsDeleted":false,"ParentId":null,"Name":"获取用户","LinkUrl":"/api/user/get","Area":null,"Controller":null,"Action":null,"Icon":null,"Code":null,"OrderSort":1,"Description":null,"IsMenu":false,"Enabled":true,"CreateId":null,"CreateBy":null,"CreateTime":"2019-01-01T00:00:00","ModifyId":null,"ModifyBy":null,"ModifyTime":"2019-01-01T00:00:00","Id":7},"Permission":{"Code":null,"Name":null,"IsButton":false,"IsHide":false,"IskeepAlive":false,"Func":null,"Pid":0,"Mid":0,"OrderSort":0,"Icon":null,"Description":null,"Enabled":false,"CreateId":null,"CreateBy":null,"CreateTime":"2020-06-23T12:10:23.981622+08:00","ModifyId":null,"ModifyBy":null,"ModifyTime":"2020-06-23T12:10:23.9816221+08:00","IsDeleted":null,"PidArr":null,"PnameArr":[],"PCodeArr":[],"MName":null,"hasChildren":true,"Id":0},"Id":0},{"IsDeleted":false,"RoleId":0,"ModuleId":0,"PermissionId":null,"CreateId":null,"CreateBy":null,"CreateTime":"2020-06-23T12:10:23.9820119+08:00","ModifyId":null,"ModifyBy":null,"ModifyTime":"2020-06-23T12:10:23.9820122+08:00","Role":{"IsDeleted":false,"Name":"SuperAdmin","Description":"超级管理","OrderSort":0,"Enabled":true,"CreateId":23,"CreateBy":"blogadmin","CreateTime":"2019-01-01T00:00:00","ModifyId":null,"ModifyBy":null,"ModifyTime":"2019-01-01T00:00:00","TIDs":null,"TenanNames":null,"Id":4},"Module":{"IsDeleted":false,"ParentId":null,"Name":"添加用户","LinkUrl":"/api/user/post","Area":null,"Controller":null,"Action":null,"Icon":null,"Code":null,"OrderSort":0,"Description":null,"IsMenu":false,"Enabled":true,"CreateId":18,"CreateBy":"提bug账号","CreateTime":"2019-01-01T00:00:00","ModifyId":null,"ModifyBy":null,"ModifyTime":"2019-01-01T00:00:00","Id":10},"Permission":{"Code":null,"Name":null,"IsButton":false,"IsHide":false,"IskeepAlive":false,"Func":null,"Pid":0,"Mid":0,"OrderSort":0,"Icon":null,"Description":null,"Enabled":false,"CreateId":null,"CreateBy":null,"CreateTime":"2020-06-23T12:10:23.9828874+08:00","ModifyId":null,"ModifyBy":null,"ModifyTime":"2020-06-23T12:10:23.9828892+08:00","IsDeleted":null,"PidArr":null,"PnameArr":[],"PCodeArr":[],"MName":null,"hasChildren":true,"Id":0},"Id":0},{"IsDeleted":false,"RoleId":0,"ModuleId":0,"PermissionId":null,"CreateId":null,"CreateBy":null,"CreateTime":"2020-06-23T12:10:23.9834198+08:00","ModifyId":null,"ModifyBy":null,"ModifyTime":"2020-06-23T12:10:23.9834215+08:00","Role":{"IsDeleted":false,"Name":"SuperAdmin","Description":"超级管理","OrderSort":0,"Enabled":true,"CreateId":23,"CreateBy":"blogadmin","CreateTime":"2019-01-01T00:00:00","ModifyId":null,"ModifyBy":null,"ModifyTime":"2019-01-01T00:00:00","TIDs":null,"TenanNames":null,"Id":4},"Module":{"IsDeleted":false,"ParentId":null,"Name":"修改用户","LinkUrl":"/api/user/put","Area":null,"Controller":null,"Action":null,"Icon":null,"Code":null,"OrderSort":0,"Description":null,"IsMenu":false,"Enabled":true,"CreateId":18,"CreateBy":"提bug账号","CreateTime":"2019-01-01T00:00:00","ModifyId":null,"ModifyBy":null,"ModifyTime":"2019-01-01T00:00:00","Id":12},"Permission":{"Code":null,"Name":null,"IsButton":false,"IsHide":false,"IskeepAlive":false,"Func":null,"Pid":0,"Mid":0,"OrderSort":0,"Icon":null,"Description":null,"Enabled":false,"CreateId":null,"CreateBy":null,"CreateTime":"2020-06-23T12:10:23.9834772+08:00","ModifyId":null,"ModifyBy":null,"ModifyTime":"2020-06-23T12:10:23.9834773+08:00","IsDeleted":null,"PidArr":null,"PnameArr":[],"PCodeArr":[],"MName":null,"hasChildren":true,"Id":0},"Id":0},{"IsDeleted":false,"RoleId":0,"ModuleId":0,"PermissionId":null,"CreateId":null,"CreateBy":null,"CreateTime":"2020-06-23T12:10:23.9839353+08:00","ModifyId":null,"ModifyBy":null,"ModifyTime":"2020-06-23T12:10:23.9839361+08:00","Role":{"IsDeleted":false,"Name":"SuperAdmin","Description":"超级管理","OrderSort":0,"Enabled":true,"CreateId":23,"CreateBy":"blogadmin","CreateTime":"2019-01-01T00:00:00","ModifyId":null,"ModifyBy":null,"ModifyTime":"2019-01-01T00:00:00","TIDs":null,"TenanNames":null,"Id":4},"Module":{"IsDeleted":false,"ParentId":null,"Name":"删除用户","LinkUrl":"/api/user/delete","Area":null,"Controller":null,"Action":null,"Icon":null,"Code":null,"OrderSort":0,"Description":null,"IsMenu":false,"Enabled":true,"CreateId":18,"CreateBy":"提bug账号","CreateTime":"2019-01-01T00:00:00","ModifyId":null,"ModifyBy":null,"ModifyTime":"2019-01-01T00:00:00","Id":11},"Permission":{"Code":null,"Name":null,"IsButton":false,"IsHide":false,"IskeepAlive":false,"Func":null,"Pid":0,"Mid":0,"OrderSort":0,"Icon":null,"Description":null,"Enabled":false,"CreateId":null,"CreateBy":null,"CreateTime":"2020-06-23T12:10:23.9839766+08:00","ModifyId":null,"ModifyBy":null,"ModifyTime":"2020-06-23T12:10:23.9839767+08:00","IsDeleted":null,"PidArr":null,"PnameArr":[],"PCodeArr":[],"MName":null,"hasChildren":true,"Id":0},"Id":0},{"IsDeleted":false,"RoleId":0,"ModuleId":0,"PermissionId":null,"CreateId":null,"CreateBy":null,"CreateTime":"2020-06-23T12:10:23.9843649+08:00","ModifyId":null,"ModifyBy":null,"ModifyTime":"2020-06-23T12:10:23.9843655+08:00","Role":{"IsDeleted":false,"Name":"SuperAdmin","Description":"超级管理","OrderSort":0,"Enabled":true,"CreateId":23,"CreateBy":"blogadmin","CreateTime":"2019-01-01T00:00:00","ModifyId":null,"ModifyBy":null,"ModifyTime":"2019-01-01T00:00:00","TIDs":null,"TenanNames":null,"Id":4},"Module":{"IsDeleted":false,"ParentId":null,"Name":"获取角色","LinkUrl":"/api/role/get","Area":null,"Controller":null,"Action":null,"Icon":null,"Code":null,"OrderSort":0,"Description":null,"IsMenu":false,"Enabled":true,"CreateId":18,"CreateBy":"提bug账号","CreateTime":"2019-01-01T00:00:00","ModifyId":null,"ModifyBy":null,"ModifyTime":"2019-01-01T00:00:00","Id":22},"Permission":{"Code":null,"Name":null,"IsButton":false,"IsHide":false,"IskeepAlive":false,"Func":null,"Pid":0,"Mid":0,"OrderSort":0,"Icon":null,"Description":null,"Enabled":false,"CreateId":null,"CreateBy":null,"CreateTime":"2020-06-23T12:10:23.9844038+08:00","ModifyId":null,"ModifyBy":null,"ModifyTime":"2020-06-23T12:10:23.9844039+08:00","IsDeleted":null,"PidArr":null,"PnameArr":[],"PCodeArr":[],"MName":null,"hasChildren":true,"Id":0},"Id":0},{"IsDeleted":false,"RoleId":0,"ModuleId":0,"PermissionId":null,"CreateId":null,"CreateBy":null,"CreateTime":"2020-06-23T12:10:23.9847595+08:00","ModifyId":null,"ModifyBy":null,"ModifyTime":"2020-06-23T12:10:23.98476+08:00","Role":{"IsDeleted":false,"Name":"SuperAdmin","Description":"超级管理","OrderSort":0,"Enabled":true,"CreateId":23,"CreateBy":"blogadmin","CreateTime":"2019-01-01T00:00:00","ModifyId":null,"ModifyBy":null,"ModifyTime":"2019-01-01T00:00:00","TIDs":null,"TenanNames":null,"Id":4},"Module":{"IsDeleted":false,"ParentId":null,"Name":"获取角色","LinkUrl":"/api/role/get","Area":null,"Controller":null,"Action":null,"Icon":null,"Code":null,"OrderSort":0,"Description":null,"IsMenu":false,"Enabled":true,"CreateId":18,"CreateBy":"提bug账号","CreateTime":"2019-01-01T00:00:00","ModifyId":null,"ModifyBy":null,"ModifyTime":"2019-01-01T00:00:00","Id":22},"Permission":{"Code":null,"Name":null,"IsButton":false,"IsHide":false,"IskeepAlive":false,"Func":null,"Pid":0,"Mid":0,"OrderSort":0,"Icon":null,"Description":null,"Enabled":false,"CreateId":null,"CreateBy":null,"CreateTime":"2020-06-23T12:10:23.9847952+08:00","ModifyId":null,"ModifyBy":null,"ModifyTime":"2020-06-23T12:10:23.9847953+08:00","IsDeleted":null,"PidArr":null,"PnameArr":[],"PCodeArr":[],"MName":null,"hasChildren":true,"Id":0},"Id":0},{"IsDeleted":false,"RoleId":0,"ModuleId":0,"PermissionId":null,"CreateId":null,"CreateBy":null,"CreateTime":"2020-06-23T12:10:23.9851347+08:00","ModifyId":null,"ModifyBy":null,"ModifyTime":"2020-06-23T12:10:23.985135+08:00","Role":{"IsDeleted":false,"Name":"SuperAdmin","Description":"超级管理","OrderSort":0,"Enabled":true,"CreateId":23,"CreateBy":"blogadmin","CreateTime":"2019-01-01T00:00:00","ModifyId":null,"ModifyBy":null,"ModifyTime":"2019-01-01T00:00:00","TIDs":null,"TenanNames":null,"Id":4},"Module":{"IsDeleted":false,"ParentId":null,"Name":"添加角色","LinkUrl":"/api/role/post","Area":null,"Controller":null,"Action":null,"Icon":null,"Code":null,"OrderSort":0,"Description":null,"IsMenu":false,"Enabled":true,"CreateId":18,"CreateBy":"提bug账号","CreateTime":"2019-01-01T00:00:00","ModifyId":null,"ModifyBy":null,"ModifyTime":"2019-01-01T00:00:00","Id":25},"Permission":{"Code":null,"Name":null,"IsButton":false,"IsHide":false,"IskeepAlive":false,"Func":null,"Pid":0,"Mid":0,"OrderSort":0,"Icon":null,"Description":null,"Enabled":false,"CreateId":null,"CreateBy":null,"CreateTime":"2020-06-23T12:10:23.9851656+08:00","ModifyId":null,"ModifyBy":null,"ModifyTime":"2020-06-23T12:10:23.9851657+08:00","IsDeleted":null,"PidArr":null,"PnameArr":[],"PCodeArr":[],"MName":null,"hasChildren":true,"Id":0},"Id":0},{"IsDeleted":false,"RoleId":0,"ModuleId":0,"PermissionId":null,"CreateId":null,"CreateBy":null,"CreateTime":"2020-06-23T12:10:23.9855011+08:00","ModifyId":null,"ModifyBy":null,"ModifyTime":"2020-06-23T12:10:23.9855014+08:00","Role":{"IsDeleted":false,"Name":"SuperAdmin","Description":"超级管理","OrderSort":0,"Enabled":true,"CreateId":23,"CreateBy":"blogadmin","CreateTime":"2019-01-01T00:00:00","ModifyId":null,"ModifyBy":null,"ModifyTime":"2019-01-01T00:00:00","TIDs":null,"TenanNames":null,"Id":4},"Module":{"IsDeleted":false,"ParentId":null,"Name":"修改角色","LinkUrl":"/api/role/put","Area":null,"Controller":null,"Action":null,"Icon":null,"Code":null,"OrderSort":0,"Description":null,"IsMenu":false,"Enabled":true,"CreateId":18,"CreateBy":"提bug账号","CreateTime":"2019-01-01T00:00:00","ModifyId":null,"ModifyBy":null,"ModifyTime":"2019-01-01T00:00:00","Id":24},"Permission":{"Code":null,"Name":null,"IsButton":false,"IsHide":false,"IskeepAlive":false,"Func":null,"Pid":0,"Mid":0,"OrderSort":0,"Icon":null,"Description":null,"Enabled":false,"CreateId":null,"CreateBy":null,"CreateTime":"2020-06-23T12:10:23.9855287+08:00","ModifyId":null,"ModifyBy":null,"ModifyTime":"2020-06-23T12:10:23.9855288+08:00","IsDeleted":null,"PidArr":null,"PnameArr":[],"PCodeArr":[],"MName":null,"hasChildren":true,"Id":0},"Id":0},{"IsDeleted":false,"RoleId":0,"ModuleId":0,"PermissionId":null,"CreateId":null,"CreateBy":null,"CreateTime":"2020-06-23T12:10:23.9859195+08:00","ModifyId":null,"ModifyBy":null,"ModifyTime":"2020-06-23T12:10:23.9859199+08:00","Role":{"IsDeleted":false,"Name":"SuperAdmin","Description":"超级管理","OrderSort":0,"Enabled":true,"CreateId":23,"CreateBy":"blogadmin","CreateTime":"2019-01-01T00:00:00","ModifyId":null,"ModifyBy":null,"ModifyTime":"2019-01-01T00:00:00","TIDs":null,"TenanNames":null,"Id":4},"Module":{"IsDeleted":false,"ParentId":null,"Name":"删除角色","LinkUrl":"/api/role/delete","Area":null,"Controller":null,"Action":null,"Icon":null,"Code":null,"OrderSort":0,"Description":null,"IsMenu":false,"Enabled":true,"CreateId":18,"CreateBy":"提bug账号","CreateTime":"2019-01-01T00:00:00","ModifyId":null,"ModifyBy":null,"ModifyTime":"2019-01-01T00:00:00","Id":23},"Permission":{"Code":null,"Name":null,"IsButton":false,"IsHide":false,"IskeepAlive":false,"Func":null,"Pid":0,"Mid":0,"OrderSort":0,"Icon":null,"Description":null,"Enabled":false,"CreateId":null,"CreateBy":null,"CreateTime":"2020-06-23T12:10:23.9859482+08:00","ModifyId":null,"ModifyBy":null,"ModifyTime":"2020-06-23T12:10:23.9859483+08:00","IsDeleted":null,"PidArr":null,"PnameArr":[],"PCodeArr":[],"MName":null,"hasChildren":true,"Id":0},"Id":0},{"IsDeleted":false,"RoleId":0,"ModuleId":0,"PermissionId":null,"CreateId":null,"CreateBy":null,"CreateTime":"2020-06-23T12:10:23.9863569+08:00","ModifyId":null,"ModifyBy":null,"ModifyTime":"2020-06-23T12:10:23.9863573+08:00","Role":{"IsDeleted":false,"Name":"SuperAdmin","Description":"超级管理","OrderSort":0,"Enabled":true,"CreateId":23,"CreateBy":"blogadmin","CreateTime":"2019-01-01T00:00:00","ModifyId":null,"ModifyBy":null,"ModifyTime":"2019-01-01T00:00:00","TIDs":null,"TenanNames":null,"Id":4},"Module":{"IsDeleted":false,"ParentId":null,"Name":"获取api接口","LinkUrl":"/api/module/get","Area":null,"Controller":null,"Action":null,"Icon":null,"Code":null,"OrderSort":0,"Description":null,"IsMenu":false,"Enabled":true,"CreateId":18,"CreateBy":"提bug账号","CreateTime":"2019-01-01T00:00:00","ModifyId":null,"ModifyBy":null,"ModifyTime":"2019-01-01T00:00:00","Id":13},"Permission":{"Code":null,"Name":null,"IsButton":false,"IsHide":false,"IskeepAlive":false,"Func":null,"Pid":0,"Mid":0,"OrderSort":0,"Icon":null,"Description":null,"Enabled":false,"CreateId":null,"CreateBy":null,"CreateTime":"2020-06-23T12:10:23.9863857+08:00","ModifyId":null,"ModifyBy":null,"ModifyTime":"2020-06-23T12:10:23.9863859+08:00","IsDeleted":null,"PidArr":null,"PnameArr":[],"PCodeArr":[],"MName":null,"hasChildren":true,"Id":0},"Id":0},{"IsDeleted":false,"RoleId":0,"ModuleId":0,"PermissionId":null,"CreateId":null,"CreateBy":null,"CreateTime":"2020-06-23T12:10:23.9867704+08:00","ModifyId":null,"ModifyBy":null,"ModifyTime":"2020-06-23T12:10:23.9867707+08:00","Role":{"IsDeleted":false,"Name":"SuperAdmin","Description":"超级管理","OrderSort":0,"Enabled":true,"CreateId":23,"CreateBy":"blogadmin","CreateTime":"2019-01-01T00:00:00","ModifyId":null,"ModifyBy":null,"ModifyTime":"2019-01-01T00:00:00","TIDs":null,"TenanNames":null,"Id":4},"Module":{"IsDeleted":false,"ParentId":null,"Name":"获取api接口","LinkUrl":"/api/module/get","Area":null,"Controller":null,"Action":null,"Icon":null,"Code":null,"OrderSort":0,"Description":null,"IsMenu":false,"Enabled":true,"CreateId":18,"CreateBy":"提bug账号","CreateTime":"2019-01-01T00:00:00","ModifyId":null,"ModifyBy":null,"ModifyTime":"2019-01-01T00:00:00","Id":13},"Permission":{"Code":null,"Name":null,"IsButton":false,"IsHide":false,"IskeepAlive":false,"Func":null,"Pid":0,"Mid":0,"OrderSort":0,"Icon":null,"Description":null,"Enabled":false,"CreateId":null,"CreateBy":null,"CreateTime":"2020-06-23T12:10:23.9867984+08:00","ModifyId":null,"ModifyBy":null,"ModifyTime":"2020-06-23T12:10:23.9867986+08:00","IsDeleted":null,"PidArr":null,"PnameArr":[],"PCodeArr":[],"MName":null,"hasChildren":true,"Id":0},"Id":0},{"IsDeleted":false,"RoleId":0,"ModuleId":0,"PermissionId":null,"CreateId":null,"CreateBy":null,"CreateTime":"2020-06-23T12:10:23.9871688+08:00","ModifyId":null,"ModifyBy":null,"ModifyTime":"2020-06-23T12:10:23.9871691+08:00","Role":{"IsDeleted":false,"Name":"SuperAdmin","Description":"超级管理","OrderSort":0,"Enabled":true,"CreateId":23,"CreateBy":"blogadmin","CreateTime":"2019-01-01T00:00:00","ModifyId":null,"ModifyBy":null,"ModifyTime":"2019-01-01T00:00:00","TIDs":null,"TenanNames":null,"Id":4},"Module":{"IsDeleted":false,"ParentId":null,"Name":"添加api接口","LinkUrl":"/api/module/post","Area":null,"Controller":null,"Action":null,"Icon":null,"Code":null,"OrderSort":0,"Description":null,"IsMenu":false,"Enabled":true,"CreateId":18,"CreateBy":"提bug账号","CreateTime":"2019-01-01T00:00:00","ModifyId":null,"ModifyBy":null,"ModifyTime":"2019-01-01T00:00:00","Id":16},"Permission":{"Code":null,"Name":null,"IsButton":false,"IsHide":false,"IskeepAlive":false,"Func":null,"Pid":0,"Mid":0,"OrderSort":0,"Icon":null,"Description":null,"Enabled":false,"CreateId":null,"CreateBy":null,"CreateTime":"2020-06-23T12:10:23.9872002+08:00","ModifyId":null,"ModifyBy":null,"ModifyTime":"2020-06-23T12:10:23.9872003+08:00","IsDeleted":null,"PidArr":null,"PnameArr":[],"PCodeArr":[],"MName":null,"hasChildren":true,"Id":0},"Id":0},{"IsDeleted":false,"RoleId":0,"ModuleId":0,"PermissionId":null,"CreateId":null,"CreateBy":null,"CreateTime":"2020-06-23T12:10:23.9875684+08:00","ModifyId":null,"ModifyBy":null,"ModifyTime":"2020-06-23T12:10:23.9875687+08:00","Role":{"IsDeleted":false,"Name":"SuperAdmin","Description":"超级管理","OrderSort":0,"Enabled":true,"CreateId":23,"CreateBy":"blogadmin","CreateTime":"2019-01-01T00:00:00","ModifyId":null,"ModifyBy":null,"ModifyTime":"2019-01-01T00:00:00","TIDs":null,"TenanNames":null,"Id":4},"Module":{"IsDeleted":false,"ParentId":null,"Name":"修改api接口","LinkUrl":"/api/module/put","Area":null,"Controller":null,"Action":null,"Icon":null,"Code":null,"OrderSort":0,"Description":null,"IsMenu":false,"Enabled":true,"CreateId":18,"CreateBy":"提bug账号","CreateTime":"2019-01-01T00:00:00","ModifyId":null,"ModifyBy":null,"ModifyTime":"2019-01-01T00:00:00","Id":15},"Permission":{"Code":null,"Name":null,"IsButton":false,"IsHide":false,"IskeepAlive":false,"Func":null,"Pid":0,"Mid":0,"OrderSort":0,"Icon":null,"Description":null,"Enabled":false,"CreateId":null,"CreateBy":null,"CreateTime":"2020-06-23T12:10:23.9875962+08:00","ModifyId":null,"ModifyBy":null,"ModifyTime":"2020-06-23T12:10:23.9875963+08:00","IsDeleted":null,"PidArr":null,"PnameArr":[],"PCodeArr":[],"MName":null,"hasChildren":true,"Id":0},"Id":0},{"IsDeleted":false,"RoleId":0,"ModuleId":0,"PermissionId":null,"CreateId":null,"CreateBy":null,"CreateTime":"2020-06-23T12:10:23.9879752+08:00","ModifyId":null,"ModifyBy":null,"ModifyTime":"2020-06-23T12:10:23.9879756+08:00","Role":{"IsDeleted":false,"Name":"SuperAdmin","Description":"超级管理","OrderSort":0,"Enabled":true,"CreateId":23,"CreateBy":"blogadmin","CreateTime":"2019-01-01T00:00:00","ModifyId":null,"ModifyBy":null,"ModifyTime":"2019-01-01T00:00:00","TIDs":null,"TenanNames":null,"Id":4},"Module":{"IsDeleted":false,"ParentId":null,"Name":"删除api接口","LinkUrl":"/api/module/delete","Area":null,"Controller":null,"Action":null,"Icon":null,"Code":null,"OrderSort":0,"Description":null,"IsMenu":false,"Enabled":true,"CreateId":18,"CreateBy":"提bug账号","CreateTime":"2019-01-01T00:00:00","ModifyId":null,"ModifyBy":null,"ModifyTime":"2019-01-01T00:00:00","Id":14},"Permission":{"Code":null,"Name":null,"IsButton":false,"IsHide":false,"IskeepAlive":false,"Func":null,"Pid":0,"Mid":0,"OrderSort":0,"Icon":null,"Description":null,"Enabled":false,"CreateId":null,"CreateBy":null,"CreateTime":"2020-06-23T12:10:23.988003+08:00","ModifyId":null,"ModifyBy":null,"ModifyTime":"2020-06-23T12:10:23.9880031+08:00","IsDeleted":null,"PidArr":null,"PnameArr":[],"PCodeArr":[],"MName":null,"hasChildren":true,"Id":0},"Id":0},{"IsDeleted":false,"RoleId":0,"ModuleId":0,"PermissionId":null,"CreateId":null,"CreateBy":null,"CreateTime":"2020-06-23T12:10:23.9883816+08:00","ModifyId":null,"ModifyBy":null,"ModifyTime":"2020-06-23T12:10:23.9883819+08:00","Role":{"IsDeleted":false,"Name":"SuperAdmin","Description":"超级管理","OrderSort":0,"Enabled":true,"CreateId":23,"CreateBy":"blogadmin","CreateTime":"2019-01-01T00:00:00","ModifyId":null,"ModifyBy":null,"ModifyTime":"2019-01-01T00:00:00","TIDs":null,"TenanNames":null,"Id":4},"Module":{"IsDeleted":false,"ParentId":null,"Name":"获取菜单","LinkUrl":"/api/permission/get","Area":null,"Controller":null,"Action":null,"Icon":null,"Code":null,"OrderSort":0,"Description":null,"IsMenu":false,"Enabled":true,"CreateId":18,"CreateBy":"提bug账号","CreateTime":"2019-01-01T00:00:00","ModifyId":null,"ModifyBy":null,"ModifyTime":"2019-01-01T00:00:00","Id":17},"Permission":{"Code":null,"Name":null,"IsButton":false,"IsHide":false,"IskeepAlive":false,"Func":null,"Pid":0,"Mid":0,"OrderSort":0,"Icon":null,"Description":null,"Enabled":false,"CreateId":null,"CreateBy":null,"CreateTime":"2020-06-23T12:10:23.9884093+08:00","ModifyId":null,"ModifyBy":null,"ModifyTime":"2020-06-23T12:10:23.9884095+08:00","IsDeleted":null,"PidArr":null,"PnameArr":[],"PCodeArr":[],"MName":null,"hasChildren":true,"Id":0},"Id":0},{"IsDeleted":false,"RoleId":0,"ModuleId":0,"PermissionId":null,"CreateId":null,"CreateBy":null,"CreateTime":"2020-06-23T12:10:23.9887849+08:00","ModifyId":null,"ModifyBy":null,"ModifyTime":"2020-06-23T12:10:23.9887853+08:00","Role":{"IsDeleted":false,"Name":"SuperAdmin","Description":"超级管理","OrderSort":0,"Enabled":true,"CreateId":23,"CreateBy":"blogadmin","CreateTime":"2019-01-01T00:00:00","ModifyId":null,"ModifyBy":null,"ModifyTime":"2019-01-01T00:00:00","TIDs":null,"TenanNames":null,"Id":4},"Module":{"IsDeleted":false,"ParentId":null,"Name":"获取菜单","LinkUrl":"/api/permission/get","Area":null,"Controller":null,"Action":null,"Icon":null,"Code":null,"OrderSort":0,"Description":null,"IsMenu":false,"Enabled":true,"CreateId":18,"CreateBy":"提bug账号","CreateTime":"2019-01-01T00:00:00","ModifyId":null,"ModifyBy":null,"ModifyTime":"2019-01-01T00:00:00","Id":17},"Permission":{"Code":null,"Name":null,"IsButton":false,"IsHide":false,"IskeepAlive":false,"Func":null,"Pid":0,"Mid":0,"OrderSort":0,"Icon":null,"Description":null,"Enabled":false,"CreateId":null,"CreateBy":null,"CreateTime":"2020-06-23T12:10:23.9888147+08:00","ModifyId":null,"ModifyBy":null,"ModifyTime":"2020-06-23T12:10:23.9888149+08:00","IsDeleted":null,"PidArr":null,"PnameArr":[],"PCodeArr":[],"MName":null,"hasChildren":true,"Id":0},"Id":0},{"IsDeleted":false,"RoleId":0,"ModuleId":0,"PermissionId":null,"CreateId":null,"CreateBy":null,"CreateTime":"2020-06-23T12:10:23.9891875+08:00","ModifyId":null,"ModifyBy":null,"ModifyTime":"2020-06-23T12:10:23.9891878+08:00","Role":{"IsDeleted":false,"Name":"SuperAdmin","Description":"超级管理","OrderSort":0,"Enabled":true,"CreateId":23,"CreateBy":"blogadmin","CreateTime":"2019-01-01T00:00:00","ModifyId":null,"ModifyBy":null,"ModifyTime":"2019-01-01T00:00:00","TIDs":null,"TenanNames":null,"Id":4},"Module":{"IsDeleted":false,"ParentId":null,"Name":"添加菜单","LinkUrl":"/api/permission/post","Area":null,"Controller":null,"Action":null,"Icon":null,"Code":null,"OrderSort":0,"Description":null,"IsMenu":false,"Enabled":true,"CreateId":18,"CreateBy":"提bug账号","CreateTime":"2019-01-01T00:00:00","ModifyId":null,"ModifyBy":null,"ModifyTime":"2019-01-01T00:00:00","Id":20},"Permission":{"Code":null,"Name":null,"IsButton":false,"IsHide":false,"IskeepAlive":false,"Func":null,"Pid":0,"Mid":0,"OrderSort":0,"Icon":null,"Description":null,"Enabled":false,"CreateId":null,"CreateBy":null,"CreateTime":"2020-06-23T12:10:23.9892154+08:00","ModifyId":null,"ModifyBy":null,"ModifyTime":"2020-06-23T12:10:23.9892156+08:00","IsDeleted":null,"PidArr":null,"PnameArr":[],"PCodeArr":[],"MName":null,"hasChildren":true,"Id":0},"Id":0},{"IsDeleted":false,"RoleId":0,"ModuleId":0,"PermissionId":null,"CreateId":null,"CreateBy":null,"CreateTime":"2020-06-23T12:10:23.9895897+08:00","ModifyId":null,"ModifyBy":null,"ModifyTime":"2020-06-23T12:10:23.98959+08:00","Role":{"IsDeleted":false,"Name":"SuperAdmin","Description":"超级管理","OrderSort":0,"Enabled":true,"CreateId":23,"CreateBy":"blogadmin","CreateTime":"2019-01-01T00:00:00","ModifyId":null,"ModifyBy":null,"ModifyTime":"2019-01-01T00:00:00","TIDs":null,"TenanNames":null,"Id":4},"Module":{"IsDeleted":false,"ParentId":null,"Name":"修改菜单","LinkUrl":"/api/permission/put","Area":null,"Controller":null,"Action":null,"Icon":null,"Code":null,"OrderSort":0,"Description":null,"IsMenu":false,"Enabled":true,"CreateId":18,"CreateBy":"提bug账号","CreateTime":"2019-01-01T00:00:00","ModifyId":null,"ModifyBy":null,"ModifyTime":"2019-01-01T00:00:00","Id":19},"Permission":{"Code":null,"Name":null,"IsButton":false,"IsHide":false,"IskeepAlive":false,"Func":null,"Pid":0,"Mid":0,"OrderSort":0,"Icon":null,"Description":null,"Enabled":false,"CreateId":null,"CreateBy":null,"CreateTime":"2020-06-23T12:10:23.9896175+08:00","ModifyId":null,"ModifyBy":null,"ModifyTime":"2020-06-23T12:10:23.9896176+08:00","IsDeleted":null,"PidArr":null,"PnameArr":[],"PCodeArr":[],"MName":null,"hasChildren":true,"Id":0},"Id":0},{"IsDeleted":false,"RoleId":0,"ModuleId":0,"PermissionId":null,"CreateId":null,"CreateBy":null,"CreateTime":"2020-06-23T12:10:23.9899603+08:00","ModifyId":null,"ModifyBy":null,"ModifyTime":"2020-06-23T12:10:23.9899607+08:00","Role":{"IsDeleted":false,"Name":"SuperAdmin","Description":"超级管理","OrderSort":0,"Enabled":true,"CreateId":23,"CreateBy":"blogadmin","CreateTime":"2019-01-01T00:00:00","ModifyId":null,"ModifyBy":null,"ModifyTime":"2019-01-01T00:00:00","TIDs":null,"TenanNames":null,"Id":4},"Module":{"IsDeleted":false,"ParentId":null,"Name":"删除菜单","LinkUrl":"/api/permission/delete","Area":null,"Controller":null,"Action":null,"Icon":null,"Code":null,"OrderSort":0,"Description":null,"IsMenu":false,"Enabled":true,"CreateId":18,"CreateBy":"提bug账号","CreateTime":"2019-01-01T00:00:00","ModifyId":null,"ModifyBy":null,"ModifyTime":"2019-01-01T00:00:00","Id":18},"Permission":{"Code":null,"Name":null,"IsButton":false,"IsHide":false,"IskeepAlive":false,"Func":null,"Pid":0,"Mid":0,"OrderSort":0,"Icon":null,"Description":null,"Enabled":false,"CreateId":null,"CreateBy":null,"CreateTime":"2020-06-23T12:10:23.9899881+08:00","ModifyId":null,"ModifyBy":null,"ModifyTime":"2020-06-23T12:10:23.9899882+08:00","IsDeleted":null,"PidArr":null,"PnameArr":[],"PCodeArr":[],"MName":null,"hasChildren":true,"Id":0},"Id":0},{"IsDeleted":false,"RoleId":0,"ModuleId":0,"PermissionId":null,"CreateId":null,"CreateBy":null,"CreateTime":"2020-06-23T12:10:23.9903213+08:00","ModifyId":null,"ModifyBy":null,"ModifyTime":"2020-06-23T12:10:23.9903216+08:00","Role":{"IsDeleted":false,"Name":"SuperAdmin","Description":"超级管理","OrderSort":0,"Enabled":true,"CreateId":23,"CreateBy":"blogadmin","CreateTime":"2019-01-01T00:00:00","ModifyId":null,"ModifyBy":null,"ModifyTime":"2019-01-01T00:00:00","TIDs":null,"TenanNames":null,"Id":4},"Module":{"IsDeleted":false,"ParentId":null,"Name":"获取bug","LinkUrl":"/api/TopicDetail/Get","Area":null,"Controller":null,"Action":null,"Icon":null,"Code":null,"OrderSort":0,"Description":null,"IsMenu":false,"Enabled":true,"CreateId":18,"CreateBy":"提bug账号","CreateTime":"2019-01-01T00:00:00","ModifyId":null,"ModifyBy":null,"ModifyTime":"2019-01-01T00:00:00","Id":26},"Permission":{"Code":null,"Name":null,"IsButton":false,"IsHide":false,"IskeepAlive":false,"Func":null,"Pid":0,"Mid":0,"OrderSort":0,"Icon":null,"Description":null,"Enabled":false,"CreateId":null,"CreateBy":null,"CreateTime":"2020-06-23T12:10:23.9903494+08:00","ModifyId":null,"ModifyBy":null,"ModifyTime":"2020-06-23T12:10:23.9903495+08:00","IsDeleted":null,"PidArr":null,"PnameArr":[],"PCodeArr":[],"MName":null,"hasChildren":true,"Id":0},"Id":0},{"IsDeleted":false,"RoleId":0,"ModuleId":0,"PermissionId":null,"CreateId":null,"CreateBy":null,"CreateTime":"2020-06-23T12:10:23.9907095+08:00","ModifyId":null,"ModifyBy":null,"ModifyTime":"2020-06-23T12:10:23.9907098+08:00","Role":{"IsDeleted":false,"Name":"SuperAdmin","Description":"超级管理","OrderSort":0,"Enabled":true,"CreateId":23,"CreateBy":"blogadmin","CreateTime":"2019-01-01T00:00:00","ModifyId":null,"ModifyBy":null,"ModifyTime":"2019-01-01T00:00:00","TIDs":null,"TenanNames":null,"Id":4},"Module":{"IsDeleted":false,"ParentId":null,"Name":"修改 tibug 文章","LinkUrl":"/api/TopicDetail/update","Area":null,"Controller":null,"Action":null,"Icon":null,"Code":null,"OrderSort":1,"Description":null,"IsMenu":false,"Enabled":true,"CreateId":null,"CreateBy":null,"CreateTime":"2019-01-01T00:00:00","ModifyId":null,"ModifyBy":null,"ModifyTime":"2019-01-01T00:00:00","Id":5},"Permission":{"Code":null,"Name":null,"IsButton":false,"IsHide":false,"IskeepAlive":false,"Func":null,"Pid":0,"Mid":0,"OrderSort":0,"Icon":null,"Description":null,"Enabled":false,"CreateId":null,"CreateBy":null,"CreateTime":"2020-06-23T12:10:23.9907373+08:00","ModifyId":null,"ModifyBy":null,"ModifyTime":"2020-06-23T12:10:23.9907374+08:00","IsDeleted":null,"PidArr":null,"PnameArr":[],"PCodeArr":[],"MName":null,"hasChildren":true,"Id":0},"Id":0},{"IsDeleted":false,"RoleId":0,"ModuleId":0,"PermissionId":null,"CreateId":null,"CreateBy":null,"CreateTime":"2020-06-23T12:10:23.991116+08:00","ModifyId":null,"ModifyBy":null,"ModifyTime":"2020-06-23T12:10:23.9911164+08:00","Role":{"IsDeleted":false,"Name":"SuperAdmin","Description":"超级管理","OrderSort":0,"Enabled":true,"CreateId":23,"CreateBy":"blogadmin","CreateTime":"2019-01-01T00:00:00","ModifyId":null,"ModifyBy":null,"ModifyTime":"2019-01-01T00:00:00","TIDs":null,"TenanNames":null,"Id":4},"Module":{"IsDeleted":false,"ParentId":null,"Name":"删除tibug文章","LinkUrl":"/api/TopicDetail/delete","Area":null,"Controller":null,"Action":null,"Icon":null,"Code":null,"OrderSort":1,"Description":null,"IsMenu":false,"Enabled":true,"CreateId":null,"CreateBy":null,"CreateTime":"2019-01-01T00:00:00","ModifyId":null,"ModifyBy":null,"ModifyTime":"2019-01-01T00:00:00","Id":6},"Permission":{"Code":null,"Name":null,"IsButton":false,"IsHide":false,"IskeepAlive":false,"Func":null,"Pid":0,"Mid":0,"OrderSort":0,"Icon":null,"Description":null,"Enabled":false,"CreateId":null,"CreateBy":null,"CreateTime":"2020-06-23T12:10:23.9911437+08:00","ModifyId":null,"ModifyBy":null,"ModifyTime":"2020-06-23T12:10:23.9911438+08:00","IsDeleted":null,"PidArr":null,"PnameArr":[],"PCodeArr":[],"MName":null,"hasChildren":true,"Id":0},"Id":0},{"IsDeleted":false,"RoleId":0,"ModuleId":0,"PermissionId":null,"CreateId":null,"CreateBy":null,"CreateTime":"2020-06-23T12:10:23.9915385+08:00","ModifyId":null,"ModifyBy":null,"ModifyTime":"2020-06-23T12:10:23.991539+08:00","Role":{"IsDeleted":false,"Name":"SuperAdmin","Description":"超级管理","OrderSort":0,"Enabled":true,"CreateId":23,"CreateBy":"blogadmin","CreateTime":"2019-01-01T00:00:00","ModifyId":null,"ModifyBy":null,"ModifyTime":"2019-01-01T00:00:00","TIDs":null,"TenanNames":null,"Id":4},"Module":{"IsDeleted":false,"ParentId":null,"Name":"获取博客","LinkUrl":"/api/Blog","Area":null,"Controller":null,"Action":null,"Icon":null,"Code":null,"OrderSort":0,"Description":null,"IsMenu":false,"Enabled":true,"CreateId":18,"CreateBy":"提bug账号","CreateTime":"2019-01-01T00:00:00","ModifyId":null,"ModifyBy":null,"ModifyTime":"2019-01-01T00:00:00","Id":27},"Permission":{"Code":null,"Name":null,"IsButton":false,"IsHide":false,"IskeepAlive":false,"Func":null,"Pid":0,"Mid":0,"OrderSort":0,"Icon":null,"Description":null,"Enabled":false,"CreateId":null,"CreateBy":null,"CreateTime":"2020-06-23T12:10:23.9915729+08:00","ModifyId":null,"ModifyBy":null,"ModifyTime":"2020-06-23T12:10:23.991573+08:00","IsDeleted":null,"PidArr":null,"PnameArr":[],"PCodeArr":[],"MName":null,"hasChildren":true,"Id":0},"Id":0},{"IsDeleted":false,"RoleId":0,"ModuleId":0,"PermissionId":null,"CreateId":null,"CreateBy":null,"CreateTime":"2020-06-23T12:10:23.9919885+08:00","ModifyId":null,"ModifyBy":null,"ModifyTime":"2020-06-23T12:10:23.9919892+08:00","Role":{"IsDeleted":false,"Name":"SuperAdmin","Description":"超级管理","OrderSort":0,"Enabled":true,"CreateId":23,"CreateBy":"blogadmin","CreateTime":"2019-01-01T00:00:00","ModifyId":null,"ModifyBy":null,"ModifyTime":"2019-01-01T00:00:00","TIDs":null,"TenanNames":null,"Id":4},"Module":{"IsDeleted":false,"ParentId":null,"Name":"获取bug","LinkUrl":"/api/TopicDetail/Get","Area":null,"Controller":null,"Action":null,"Icon":null,"Code":null,"OrderSort":0,"Description":null,"IsMenu":false,"Enabled":true,"CreateId":18,"CreateBy":"提bug账号","CreateTime":"2019-01-01T00:00:00","ModifyId":null,"ModifyBy":null,"ModifyTime":"2019-01-01T00:00:00","Id":26},"Permission":{"Code":null,"Name":null,"IsButton":false,"IsHide":false,"IskeepAlive":false,"Func":null,"Pid":0,"Mid":0,"OrderSort":0,"Icon":null,"Description":null,"Enabled":false,"CreateId":null,"CreateBy":null,"CreateTime":"2020-06-23T12:10:23.9920245+08:00","ModifyId":null,"ModifyBy":null,"ModifyTime":"2020-06-23T12:10:23.9920246+08:00","IsDeleted":null,"PidArr":null,"PnameArr":[],"PCodeArr":[],"MName":null,"hasChildren":true,"Id":0},"Id":0},{"IsDeleted":false,"RoleId":0,"ModuleId":0,"PermissionId":null,"CreateId":null,"CreateBy":null,"CreateTime":"2020-06-23T12:10:23.9924471+08:00","ModifyId":null,"ModifyBy":null,"ModifyTime":"2020-06-23T12:10:23.9924475+08:00","Role":{"IsDeleted":false,"Name":"SuperAdmin","Description":"超级管理","OrderSort":0,"Enabled":true,"CreateId":23,"CreateBy":"blogadmin","CreateTime":"2019-01-01T00:00:00","ModifyId":null,"ModifyBy":null,"ModifyTime":"2019-01-01T00:00:00","TIDs":null,"TenanNames":null,"Id":4},"Module":{"IsDeleted":false,"ParentId":null,"Name":"保存分配","LinkUrl":"/api/permission/Assign","Area":null,"Controller":null,"Action":null,"Icon":null,"Code":null,"OrderSort":0,"Description":null,"IsMenu":false,"Enabled":true,"CreateId":23,"CreateBy":"后台总管理员","CreateTime":"2019-01-01T00:00:00","ModifyId":null,"ModifyBy":null,"ModifyTime":"2019-01-01T00:00:00","Id":28},"Permission":{"Code":null,"Name":null,"IsButton":false,"IsHide":false,"IskeepAlive":false,"Func":null,"Pid":0,"Mid":0,"OrderSort":0,"Icon":null,"Description":null,"Enabled":false,"CreateId":null,"CreateBy":null,"CreateTime":"2020-06-23T12:10:23.9924792+08:00","ModifyId":null,"ModifyBy":null,"ModifyTime":"2020-06-23T12:10:23.9924793+08:00","IsDeleted":null,"PidArr":null,"PnameArr":[],"PCodeArr":[],"MName":null,"hasChildren":true,"Id":0},"Id":0},{"IsDeleted":false,"RoleId":0,"ModuleId":0,"PermissionId":null,"CreateId":null,"CreateBy":null,"CreateTime":"2020-06-23T12:10:23.9928689+08:00","ModifyId":null,"ModifyBy":null,"ModifyTime":"2020-06-23T12:10:23.9928693+08:00","Role":{"IsDeleted":false,"Name":"SuperAdmin","Description":"超级管理","OrderSort":0,"Enabled":true,"CreateId":23,"CreateBy":"blogadmin","CreateTime":"2019-01-01T00:00:00","ModifyId":null,"ModifyBy":null,"ModifyTime":"2019-01-01T00:00:00","TIDs":null,"TenanNames":null,"Id":4},"Module":{"IsDeleted":false,"ParentId":null,"Name":"获取菜单树","LinkUrl":"/api/permission/getpermissiontree","Area":null,"Controller":null,"Action":null,"Icon":null,"Code":null,"OrderSort":0,"Description":null,"IsMenu":false,"Enabled":true,"CreateId":18,"CreateBy":"提bug账号","CreateTime":"2019-01-01T00:00:00","ModifyId":null,"ModifyBy":null,"ModifyTime":"2019-01-01T00:00:00","Id":21},"Permission":{"Code":null,"Name":null,"IsButton":false,"IsHide":false,"IskeepAlive":false,"Func":null,"Pid":0,"Mid":0,"OrderSort":0,"Icon":null,"Description":null,"Enabled":false,"CreateId":null,"CreateBy":null,"CreateTime":"2020-06-23T12:10:23.9928976+08:00","ModifyId":null,"ModifyBy":null,"ModifyTime":"2020-06-23T12:10:23.9928977+08:00","IsDeleted":null,"PidArr":null,"PnameArr":[],"PCodeArr":[],"MName":null,"hasChildren":true,"Id":0},"Id":0},{"IsDeleted":false,"RoleId":0,"ModuleId":0,"PermissionId":null,"CreateId":null,"CreateBy":null,"CreateTime":"2020-06-23T12:10:23.9932802+08:00","ModifyId":null,"ModifyBy":null,"ModifyTime":"2020-06-23T12:10:23.9932808+08:00","Role":{"IsDeleted":false,"Name":"SuperAdmin","Description":"超级管理","OrderSort":0,"Enabled":true,"CreateId":23,"CreateBy":"blogadmin","CreateTime":"2019-01-01T00:00:00","ModifyId":null,"ModifyBy":null,"ModifyTime":"2019-01-01T00:00:00","TIDs":null,"TenanNames":null,"Id":4},"Module":{"IsDeleted":false,"ParentId":null,"Name":"保存分配","LinkUrl":"/api/permission/Assign","Area":null,"Controller":null,"Action":null,"Icon":null,"Code":null,"OrderSort":0,"Description":null,"IsMenu":false,"Enabled":true,"CreateId":23,"CreateBy":"后台总管理员","CreateTime":"2019-01-01T00:00:00","ModifyId":null,"ModifyBy":null,"ModifyTime":"2019-01-01T00:00:00","Id":28},"Permission":{"Code":null,"Name":null,"IsButton":false,"IsHide":false,"IskeepAlive":false,"Func":null,"Pid":0,"Mid":0,"OrderSort":0,"Icon":null,"Description":null,"Enabled":false,"CreateId":null,"CreateBy":null,"CreateTime":"2020-06-23T12:10:23.9933114+08:00","ModifyId":null,"ModifyBy":null,"ModifyTime":"2020-06-23T12:10:23.9933116+08:00","IsDeleted":null,"PidArr":null,"PnameArr":[],"PCodeArr":[],"MName":null,"hasChildren":true,"Id":0},"Id":0},{"IsDeleted":false,"RoleId":0,"ModuleId":0,"PermissionId":null,"CreateId":null,"CreateBy":null,"CreateTime":"2020-06-23T12:10:23.9936925+08:00","ModifyId":null,"ModifyBy":null,"ModifyTime":"2020-06-23T12:10:23.9936928+08:00","Role":{"IsDeleted":false,"Name":"SuperAdmin","Description":"超级管理","OrderSort":0,"Enabled":true,"CreateId":23,"CreateBy":"blogadmin","CreateTime":"2019-01-01T00:00:00","ModifyId":null,"ModifyBy":null,"ModifyTime":"2019-01-01T00:00:00","TIDs":null,"TenanNames":null,"Id":4},"Module":{"IsDeleted":false,"ParentId":null,"Name":"Get导航条","LinkUrl":"/api/permission/GetNavigationBar","Area":null,"Controller":null,"Action":null,"Icon":null,"Code":null,"OrderSort":0,"Description":null,"IsMenu":false,"Enabled":true,"CreateId":23,"CreateBy":"后台总管理员","CreateTime":"2019-01-01T00:00:00","ModifyId":null,"ModifyBy":null,"ModifyTime":"2019-01-01T00:00:00","Id":29},"Permission":{"Code":null,"Name":null,"IsButton":false,"IsHide":false,"IskeepAlive":false,"Func":null,"Pid":0,"Mid":0,"OrderSort":0,"Icon":null,"Description":null,"Enabled":false,"CreateId":null,"CreateBy":null,"CreateTime":"2020-06-23T12:10:23.993726+08:00","ModifyId":null,"ModifyBy":null,"ModifyTime":"2020-06-23T12:10:23.9937262+08:00","IsDeleted":null,"PidArr":null,"PnameArr":[],"PCodeArr":[],"MName":null,"hasChildren":true,"Id":0},"Id":0},{"IsDeleted":false,"RoleId":0,"ModuleId":0,"PermissionId":null,"CreateId":null,"CreateBy":null,"CreateTime":"2020-06-23T12:10:23.9940688+08:00","ModifyId":null,"ModifyBy":null,"ModifyTime":"2020-06-23T12:10:23.9940691+08:00","Role":{"IsDeleted":false,"Name":"SuperAdmin","Description":"超级管理","OrderSort":0,"Enabled":true,"CreateId":23,"CreateBy":"blogadmin","CreateTime":"2019-01-01T00:00:00","ModifyId":null,"ModifyBy":null,"ModifyTime":"2019-01-01T00:00:00","TIDs":null,"TenanNames":null,"Id":4},"Module":{"IsDeleted":false,"ParentId":null,"Name":"删除博客","LinkUrl":"/api/Blog/delete","Area":null,"Controller":null,"Action":null,"Icon":null,"Code":null,"OrderSort":0,"Description":null,"IsMenu":false,"Enabled":true,"CreateId":12,"CreateBy":"后台总管理员","CreateTime":"2019-01-01T00:00:00","ModifyId":null,"ModifyBy":null,"ModifyTime":"2019-01-01T00:00:00","Id":32},"Permission":{"Code":null,"Name":null,"IsButton":false,"IsHide":false,"IskeepAlive":false,"Func":null,"Pid":0,"Mid":0,"OrderSort":0,"Icon":null,"Description":null,"Enabled":false,"CreateId":null,"CreateBy":null,"CreateTime":"2020-06-23T12:10:23.994098+08:00","ModifyId":null,"ModifyBy":null,"ModifyTime":"2020-06-23T12:10:23.9940981+08:00","IsDeleted":null,"PidArr":null,"PnameArr":[],"PCodeArr":[],"MName":null,"hasChildren":true,"Id":0},"Id":0},{"IsDeleted":false,"RoleId":0,"ModuleId":0,"PermissionId":null,"CreateId":null,"CreateBy":null,"CreateTime":"2020-06-23T12:10:23.9944439+08:00","ModifyId":null,"ModifyBy":null,"ModifyTime":"2020-06-23T12:10:23.9944443+08:00","Role":{"IsDeleted":false,"Name":"SuperAdmin","Description":"超级管理","OrderSort":0,"Enabled":true,"CreateId":23,"CreateBy":"blogadmin","CreateTime":"2019-01-01T00:00:00","ModifyId":null,"ModifyBy":null,"ModifyTime":"2019-01-01T00:00:00","TIDs":null,"TenanNames":null,"Id":4},"Module":{"IsDeleted":false,"ParentId":null,"Name":"获取全部日志","LinkUrl":"/api/Monitor/get","Area":null,"Controller":null,"Action":null,"Icon":null,"Code":null,"OrderSort":0,"Description":null,"IsMenu":false,"Enabled":true,"CreateId":12,"CreateBy":"后台总管理员","CreateTime":"2019-01-01T00:00:00","ModifyId":null,"ModifyBy":null,"ModifyTime":"2019-01-01T00:00:00","Id":33},"Permission":{"Code":null,"Name":null,"IsButton":false,"IsHide":false,"IskeepAlive":false,"Func":null,"Pid":0,"Mid":0,"OrderSort":0,"Icon":null,"Description":null,"Enabled":false,"CreateId":null,"CreateBy":null,"CreateTime":"2020-06-23T12:10:23.9944803+08:00","ModifyId":null,"ModifyBy":null,"ModifyTime":"2020-06-23T12:10:23.9944804+08:00","IsDeleted":null,"PidArr":null,"PnameArr":[],"PCodeArr":[],"MName":null,"hasChildren":true,"Id":0},"Id":0},{"IsDeleted":false,"RoleId":0,"ModuleId":0,"PermissionId":null,"CreateId":null,"CreateBy":null,"CreateTime":"2020-06-23T12:10:23.994837+08:00","ModifyId":null,"ModifyBy":null,"ModifyTime":"2020-06-23T12:10:23.9948378+08:00","Role":{"IsDeleted":false,"Name":"SuperAdmin","Description":"超级管理","OrderSort":0,"Enabled":true,"CreateId":23,"CreateBy":"blogadmin","CreateTime":"2019-01-01T00:00:00","ModifyId":null,"ModifyBy":null,"ModifyTime":"2019-01-01T00:00:00","TIDs":null,"TenanNames":null,"Id":4},"Module":{"IsDeleted":false,"ParentId":null,"Name":"获取客户信息","LinkUrl":"/api/Tenan/Get","Area":null,"Controller":null,"Action":null,"Icon":null,"Code":null,"OrderSort":0,"Description":null,"IsMenu":false,"Enabled":true,"CreateId":18,"CreateBy":"提bug账号","CreateTime":"2019-01-01T00:00:00","ModifyId":null,"ModifyBy":null,"ModifyTime":"2019-01-01T00:00:00","Id":36},"Permission":{"Code":null,"Name":null,"IsButton":false,"IsHide":false,"IskeepAlive":false,"Func":null,"Pid":0,"Mid":0,"OrderSort":0,"Icon":null,"Description":null,"Enabled":false,"CreateId":null,"CreateBy":null,"CreateTime":"2020-06-23T12:10:23.9948729+08:00","ModifyId":null,"ModifyBy":null,"ModifyTime":"2020-06-23T12:10:23.994873+08:00","IsDeleted":null,"PidArr":null,"PnameArr":[],"PCodeArr":[],"MName":null,"hasChildren":true,"Id":0},"Id":0},{"IsDeleted":false,"RoleId":0,"ModuleId":0,"PermissionId":null,"CreateId":null,"CreateBy":null,"CreateTime":"2020-06-23T12:10:23.995217+08:00","ModifyId":null,"ModifyBy":null,"ModifyTime":"2020-06-23T12:10:23.9952173+08:00","Role":{"IsDeleted":false,"Name":"SuperAdmin","Description":"超级管理","OrderSort":0,"Enabled":true,"CreateId":23,"CreateBy":"blogadmin","CreateTime":"2019-01-01T00:00:00","ModifyId":null,"ModifyBy":null,"ModifyTime":"2019-01-01T00:00:00","TIDs":null,"TenanNames":null,"Id":4},"Module":{"IsDeleted":false,"ParentId":null,"Name":"删除博客","LinkUrl":"/api/Blog/delete","Area":null,"Controller":null,"Action":null,"Icon":null,"Code":null,"OrderSort":0,"Description":null,"IsMenu":false,"Enabled":true,"CreateId":12,"CreateBy":"后台总管理员","CreateTime":"2019-01-01T00:00:00","ModifyId":null,"ModifyBy":null,"ModifyTime":"2019-01-01T00:00:00","Id":32},"Permission":{"Code":null,"Name":null,"IsButton":false,"IsHide":false,"IskeepAlive":false,"Func":null,"Pid":0,"Mid":0,"OrderSort":0,"Icon":null,"Description":null,"Enabled":false,"CreateId":null,"CreateBy":null,"CreateTime":"2020-06-23T12:10:23.9952467+08:00","ModifyId":null,"ModifyBy":null,"ModifyTime":"2020-06-23T12:10:23.9952468+08:00","IsDeleted":null,"PidArr":null,"PnameArr":[],"PCodeArr":[],"MName":null,"hasChildren":true,"Id":0},"Id":0},{"IsDeleted":false,"RoleId":0,"ModuleId":0,"PermissionId":null,"CreateId":null,"CreateBy":null,"CreateTime":"2020-06-23T12:10:23.9956026+08:00","ModifyId":null,"ModifyBy":null,"ModifyTime":"2020-06-23T12:10:23.9956029+08:00","Role":{"IsDeleted":false,"Name":"SuperAdmin","Description":"超级管理","OrderSort":0,"Enabled":true,"CreateId":23,"CreateBy":"blogadmin","CreateTime":"2019-01-01T00:00:00","ModifyId":null,"ModifyBy":null,"ModifyTime":"2019-01-01T00:00:00","TIDs":null,"TenanNames":null,"Id":4},"Module":{"IsDeleted":false,"ParentId":null,"Name":"获取博客","LinkUrl":"/api/Blog","Area":null,"Controller":null,"Action":null,"Icon":null,"Code":null,"OrderSort":0,"Description":null,"IsMenu":false,"Enabled":true,"CreateId":18,"CreateBy":"提bug账号","CreateTime":"2019-01-01T00:00:00","ModifyId":null,"ModifyBy":null,"ModifyTime":"2019-01-01T00:00:00","Id":27},"Permission":{"Code":null,"Name":null,"IsButton":false,"IsHide":false,"IskeepAlive":false,"Func":null,"Pid":0,"Mid":0,"OrderSort":0,"Icon":null,"Description":null,"Enabled":false,"CreateId":null,"CreateBy":null,"CreateTime":"2020-06-23T12:10:23.9956353+08:00","ModifyId":null,"ModifyBy":null,"ModifyTime":"2020-06-23T12:10:23.9956355+08:00","IsDeleted":null,"PidArr":null,"PnameArr":[],"PCodeArr":[],"MName":null,"hasChildren":true,"Id":0},"Id":0},{"IsDeleted":false,"RoleId":0,"ModuleId":0,"PermissionId":null,"CreateId":null,"CreateBy":null,"CreateTime":"2020-06-23T12:10:23.9960209+08:00","ModifyId":null,"ModifyBy":null,"ModifyTime":"2020-06-23T12:10:23.9960213+08:00","Role":{"IsDeleted":false,"Name":"SuperAdmin","Description":"超级管理","OrderSort":0,"Enabled":true,"CreateId":23,"CreateBy":"blogadmin","CreateTime":"2019-01-01T00:00:00","ModifyId":null,"ModifyBy":null,"ModifyTime":"2019-01-01T00:00:00","TIDs":null,"TenanNames":null,"Id":4},"Module":{"IsDeleted":false,"ParentId":null,"Name":"Get导航条","LinkUrl":"/api/permission/GetNavigationBar1","Area":null,"Controller":null,"Action":null,"Icon":null,"Code":null,"OrderSort":0,"Description":null,"IsMenu":false,"Enabled":true,"CreateId":23,"CreateBy":"后台总管理员","CreateTime":"2019-01-01T00:00:00","ModifyId":null,"ModifyBy":null,"ModifyTime":"2019-01-01T00:00:00","Id":37},"Permission":{"Code":null,"Name":null,"IsButton":false,"IsHide":false,"IskeepAlive":false,"Func":null,"Pid":0,"Mid":0,"OrderSort":0,"Icon":null,"Description":null,"Enabled":false,"CreateId":null,"CreateBy":null,"CreateTime":"2020-06-23T12:10:23.996049+08:00","ModifyId":null,"ModifyBy":null,"ModifyTime":"2020-06-23T12:10:23.9960491+08:00","IsDeleted":null,"PidArr":null,"PnameArr":[],"PCodeArr":[],"MName":null,"hasChildren":true,"Id":0},"Id":0},{"IsDeleted":false,"RoleId":0,"ModuleId":0,"PermissionId":null,"CreateId":null,"CreateBy":null,"CreateTime":"2020-06-23T12:10:23.9964761+08:00","ModifyId":null,"ModifyBy":null,"ModifyTime":"2020-06-23T12:10:23.9964765+08:00","Role":{"IsDeleted":false,"Name":"SuperAdmin","Description":"超级管理","OrderSort":0,"Enabled":true,"CreateId":23,"CreateBy":"blogadmin","CreateTime":"2019-01-01T00:00:00","ModifyId":null,"ModifyBy":null,"ModifyTime":"2019-01-01T00:00:00","TIDs":null,"TenanNames":null,"Id":4},"Module":{"IsDeleted":false,"ParentId":null,"Name":"111","LinkUrl":"/api/Permission/GetModuleBar","Area":null,"Controller":null,"Action":null,"Icon":null,"Code":null,"OrderSort":0,"Description":null,"IsMenu":false,"Enabled":true,"CreateId":12,"CreateBy":"blogadmin","CreateTime":"2020-06-21T00:00:00","ModifyId":null,"ModifyBy":null,"ModifyTime":"2020-06-21T00:00:00","Id":38},"Permission":{"Code":null,"Name":null,"IsButton":false,"IsHide":false,"IskeepAlive":false,"Func":null,"Pid":0,"Mid":0,"OrderSort":0,"Icon":null,"Description":null,"Enabled":false,"CreateId":null,"CreateBy":null,"CreateTime":"2020-06-23T12:10:23.9965074+08:00","ModifyId":null,"ModifyBy":null,"ModifyTime":"2020-06-23T12:10:23.9965075+08:00","IsDeleted":null,"PidArr":null,"PnameArr":[],"PCodeArr":[],"MName":null,"hasChildren":true,"Id":0},"Id":0},{"IsDeleted":false,"RoleId":0,"ModuleId":0,"PermissionId":null,"CreateId":null,"CreateBy":null,"CreateTime":"2020-06-23T12:10:23.9968879+08:00","ModifyId":null,"ModifyBy":null,"ModifyTime":"2020-06-23T12:10:23.9968883+08:00","Role":{"IsDeleted":false,"Name":"Admin","Description":"普通管理","OrderSort":1,"Enabled":true,"CreateId":null,"CreateBy":null,"CreateTime":"2019-01-01T00:00:00","ModifyId":null,"ModifyBy":null,"ModifyTime":"2019-01-01T00:00:00","TIDs":null,"TenanNames":null,"Id":1},"Module":{"IsDeleted":false,"ParentId":null,"Name":"获取角色","LinkUrl":"/api/role/get","Area":null,"Controller":null,"Action":null,"Icon":null,"Code":null,"OrderSort":0,"Description":null,"IsMenu":false,"Enabled":true,"CreateId":18,"CreateBy":"提bug账号","CreateTime":"2019-01-01T00:00:00","ModifyId":null,"ModifyBy":null,"ModifyTime":"2019-01-01T00:00:00","Id":22},"Permission":{"Code":null,"Name":null,"IsButton":false,"IsHide":false,"IskeepAlive":false,"Func":null,"Pid":0,"Mid":0,"OrderSort":0,"Icon":null,"Description":null,"Enabled":false,"CreateId":null,"CreateBy":null,"CreateTime":"2020-06-23T12:10:23.9969155+08:00","ModifyId":null,"ModifyBy":null,"ModifyTime":"2020-06-23T12:10:23.9969156+08:00","IsDeleted":null,"PidArr":null,"PnameArr":[],"PCodeArr":[],"MName":null,"hasChildren":true,"Id":0},"Id":0},{"IsDeleted":false,"RoleId":0,"ModuleId":0,"PermissionId":null,"CreateId":null,"CreateBy":null,"CreateTime":"2020-06-23T12:10:23.9973084+08:00","ModifyId":null,"ModifyBy":null,"ModifyTime":"2020-06-23T12:10:23.9973088+08:00","Role":{"IsDeleted":false,"Name":"Admin","Description":"普通管理","OrderSort":1,"Enabled":true,"CreateId":null,"CreateBy":null,"CreateTime":"2019-01-01T00:00:00","ModifyId":null,"ModifyBy":null,"ModifyTime":"2019-01-01T00:00:00","TIDs":null,"TenanNames":null,"Id":1},"Module":{"IsDeleted":false,"ParentId":null,"Name":"获取用户","LinkUrl":"/api/user/get","Area":null,"Controller":null,"Action":null,"Icon":null,"Code":null,"OrderSort":1,"Description":null,"IsMenu":false,"Enabled":true,"CreateId":null,"CreateBy":null,"CreateTime":"2019-01-01T00:00:00","ModifyId":null,"ModifyBy":null,"ModifyTime":"2019-01-01T00:00:00","Id":7},"Permission":{"Code":null,"Name":null,"IsButton":false,"IsHide":false,"IskeepAlive":false,"Func":null,"Pid":0,"Mid":0,"OrderSort":0,"Icon":null,"Description":null,"Enabled":false,"CreateId":null,"CreateBy":null,"CreateTime":"2020-06-23T12:10:23.9973398+08:00","ModifyId":null,"ModifyBy":null,"ModifyTime":"2020-06-23T12:10:23.9973399+08:00","IsDeleted":null,"PidArr":null,"PnameArr":[],"PCodeArr":[],"MName":null,"hasChildren":true,"Id":0},"Id":0},{"IsDeleted":false,"RoleId":0,"ModuleId":0,"PermissionId":null,"CreateId":null,"CreateBy":null,"CreateTime":"2020-06-23T12:10:23.9977316+08:00","ModifyId":null,"ModifyBy":null,"ModifyTime":"2020-06-23T12:10:23.9977321+08:00","Role":{"IsDeleted":false,"Name":"Admin","Description":"普通管理","OrderSort":1,"Enabled":true,"CreateId":null,"CreateBy":null,"CreateTime":"2019-01-01T00:00:00","ModifyId":null,"ModifyBy":null,"ModifyTime":"2019-01-01T00:00:00","TIDs":null,"TenanNames":null,"Id":1},"Module":{"IsDeleted":false,"ParentId":null,"Name":"获取api接口","LinkUrl":"/api/module/get","Area":null,"Controller":null,"Action":null,"Icon":null,"Code":null,"OrderSort":0,"Description":null,"IsMenu":false,"Enabled":true,"CreateId":18,"CreateBy":"提bug账号","CreateTime":"2019-01-01T00:00:00","ModifyId":null,"ModifyBy":null,"ModifyTime":"2019-01-01T00:00:00","Id":13},"Permission":{"Code":null,"Name":null,"IsButton":false,"IsHide":false,"IskeepAlive":false,"Func":null,"Pid":0,"Mid":0,"OrderSort":0,"Icon":null,"Description":null,"Enabled":false,"CreateId":null,"CreateBy":null,"CreateTime":"2020-06-23T12:10:23.9977589+08:00","ModifyId":null,"ModifyBy":null,"ModifyTime":"2020-06-23T12:10:23.9977591+08:00","IsDeleted":null,"PidArr":null,"PnameArr":[],"PCodeArr":[],"MName":null,"hasChildren":true,"Id":0},"Id":0},{"IsDeleted":false,"RoleId":0,"ModuleId":0,"PermissionId":null,"CreateId":null,"CreateBy":null,"CreateTime":"2020-06-23T12:10:23.9980998+08:00","ModifyId":null,"ModifyBy":null,"ModifyTime":"2020-06-23T12:10:23.9981002+08:00","Role":{"IsDeleted":false,"Name":"Admin","Description":"普通管理","OrderSort":1,"Enabled":true,"CreateId":null,"CreateBy":null,"CreateTime":"2019-01-01T00:00:00","ModifyId":null,"ModifyBy":null,"ModifyTime":"2019-01-01T00:00:00","TIDs":null,"TenanNames":null,"Id":1},"Module":{"IsDeleted":false,"ParentId":null,"Name":"获取菜单","LinkUrl":"/api/permission/get","Area":null,"Controller":null,"Action":null,"Icon":null,"Code":null,"OrderSort":0,"Description":null,"IsMenu":false,"Enabled":true,"CreateId":18,"CreateBy":"提bug账号","CreateTime":"2019-01-01T00:00:00","ModifyId":null,"ModifyBy":null,"ModifyTime":"2019-01-01T00:00:00","Id":17},"Permission":{"Code":null,"Name":null,"IsButton":false,"IsHide":false,"IskeepAlive":false,"Func":null,"Pid":0,"Mid":0,"OrderSort":0,"Icon":null,"Description":null,"Enabled":false,"CreateId":null,"CreateBy":null,"CreateTime":"2020-06-23T12:10:23.9981276+08:00","ModifyId":null,"ModifyBy":null,"ModifyTime":"2020-06-23T12:10:23.9981277+08:00","IsDeleted":null,"PidArr":null,"PnameArr":[],"PCodeArr":[],"MName":null,"hasChildren":true,"Id":0},"Id":0},{"IsDeleted":false,"RoleId":0,"ModuleId":0,"PermissionId":null,"CreateId":null,"CreateBy":null,"CreateTime":"2020-06-23T12:10:23.9984763+08:00","ModifyId":null,"ModifyBy":null,"ModifyTime":"2020-06-23T12:10:23.9984766+08:00","Role":{"IsDeleted":false,"Name":"Admin","Description":"普通管理","OrderSort":1,"Enabled":true,"CreateId":null,"CreateBy":null,"CreateTime":"2019-01-01T00:00:00","ModifyId":null,"ModifyBy":null,"ModifyTime":"2019-01-01T00:00:00","TIDs":null,"TenanNames":null,"Id":1},"Module":{"IsDeleted":false,"ParentId":null,"Name":"获取角色","LinkUrl":"/api/role/get","Area":null,"Controller":null,"Action":null,"Icon":null,"Code":null,"OrderSort":0,"Description":null,"IsMenu":false,"Enabled":true,"CreateId":18,"CreateBy":"提bug账号","CreateTime":"2019-01-01T00:00:00","ModifyId":null,"ModifyBy":null,"ModifyTime":"2019-01-01T00:00:00","Id":22},"Permission":{"Code":null,"Name":null,"IsButton":false,"IsHide":false,"IskeepAlive":false,"Func":null,"Pid":0,"Mid":0,"OrderSort":0,"Icon":null,"Description":null,"Enabled":false,"CreateId":null,"CreateBy":null,"CreateTime":"2020-06-23T12:10:23.9985036+08:00","ModifyId":null,"ModifyBy":null,"ModifyTime":"2020-06-23T12:10:23.9985038+08:00","IsDeleted":null,"PidArr":null,"PnameArr":[],"PCodeArr":[],"MName":null,"hasChildren":true,"Id":0},"Id":0},{"IsDeleted":false,"RoleId":0,"ModuleId":0,"PermissionId":null,"CreateId":null,"CreateBy":null,"CreateTime":"2020-06-23T12:10:23.9988777+08:00","ModifyId":null,"ModifyBy":null,"ModifyTime":"2020-06-23T12:10:23.998878+08:00","Role":{"IsDeleted":false,"Name":"Admin","Description":"普通管理","OrderSort":1,"Enabled":true,"CreateId":null,"CreateBy":null,"CreateTime":"2019-01-01T00:00:00","ModifyId":null,"ModifyBy":null,"ModifyTime":"2019-01-01T00:00:00","TIDs":null,"TenanNames":null,"Id":1},"Module":{"IsDeleted":false,"ParentId":null,"Name":"获取用户","LinkUrl":"/api/user/get","Area":null,"Controller":null,"Action":null,"Icon":null,"Code":null,"OrderSort":1,"Description":null,"IsMenu":false,"Enabled":true,"CreateId":null,"CreateBy":null,"CreateTime":"2019-01-01T00:00:00","ModifyId":null,"ModifyBy":null,"ModifyTime":"2019-01-01T00:00:00","Id":7},"Permission":{"Code":null,"Name":null,"IsButton":false,"IsHide":false,"IskeepAlive":false,"Func":null,"Pid":0,"Mid":0,"OrderSort":0,"Icon":null,"Description":null,"Enabled":false,"CreateId":null,"CreateBy":null,"CreateTime":"2020-06-23T12:10:23.9989045+08:00","ModifyId":null,"ModifyBy":null,"ModifyTime":"2020-06-23T12:10:23.9989046+08:00","IsDeleted":null,"PidArr":null,"PnameArr":[],"PCodeArr":[],"MName":null,"hasChildren":true,"Id":0},"Id":0},{"IsDeleted":false,"RoleId":0,"ModuleId":0,"PermissionId":null,"CreateId":null,"CreateBy":null,"CreateTime":"2020-06-23T12:10:23.999289+08:00","ModifyId":null,"ModifyBy":null,"ModifyTime":"2020-06-23T12:10:23.9992894+08:00","Role":{"IsDeleted":false,"Name":"Admin","Description":"普通管理","OrderSort":1,"Enabled":true,"CreateId":null,"CreateBy":null,"CreateTime":"2019-01-01T00:00:00","ModifyId":null,"ModifyBy":null,"ModifyTime":"2019-01-01T00:00:00","TIDs":null,"TenanNames":null,"Id":1},"Module":{"IsDeleted":false,"ParentId":null,"Name":"添加用户","LinkUrl":"/api/user/post","Area":null,"Controller":null,"Action":null,"Icon":null,"Code":null,"OrderSort":0,"Description":null,"IsMenu":false,"Enabled":true,"CreateId":18,"CreateBy":"提bug账号","CreateTime":"2019-01-01T00:00:00","ModifyId":null,"ModifyBy":null,"ModifyTime":"2019-01-01T00:00:00","Id":10},"Permission":{"Code":null,"Name":null,"IsButton":false,"IsHide":false,"IskeepAlive":false,"Func":null,"Pid":0,"Mid":0,"OrderSort":0,"Icon":null,"Description":null,"Enabled":false,"CreateId":null,"CreateBy":null,"CreateTime":"2020-06-23T12:10:23.9993165+08:00","ModifyId":null,"ModifyBy":null,"ModifyTime":"2020-06-23T12:10:23.9993167+08:00","IsDeleted":null,"PidArr":null,"PnameArr":[],"PCodeArr":[],"MName":null,"hasChildren":true,"Id":0},"Id":0},{"IsDeleted":false,"RoleId":0,"ModuleId":0,"PermissionId":null,"CreateId":null,"CreateBy":null,"CreateTime":"2020-06-23T12:10:23.9997351+08:00","ModifyId":null,"ModifyBy":null,"ModifyTime":"2020-06-23T12:10:23.9997355+08:00","Role":{"IsDeleted":false,"Name":"Admin","Description":"普通管理","OrderSort":1,"Enabled":true,"CreateId":null,"CreateBy":null,"CreateTime":"2019-01-01T00:00:00","ModifyId":null,"ModifyBy":null,"ModifyTime":"2019-01-01T00:00:00","TIDs":null,"TenanNames":null,"Id":1},"Module":{"IsDeleted":false,"ParentId":null,"Name":"添加角色","LinkUrl":"/api/role/post","Area":null,"Controller":null,"Action":null,"Icon":null,"Code":null,"OrderSort":0,"Description":null,"IsMenu":false,"Enabled":true,"CreateId":18,"CreateBy":"提bug账号","CreateTime":"2019-01-01T00:00:00","ModifyId":null,"ModifyBy":null,"ModifyTime":"2019-01-01T00:00:00","Id":25},"Permission":{"Code":null,"Name":null,"IsButton":false,"IsHide":false,"IskeepAlive":false,"Func":null,"Pid":0,"Mid":0,"OrderSort":0,"Icon":null,"Description":null,"Enabled":false,"CreateId":null,"CreateBy":null,"CreateTime":"2020-06-23T12:10:23.9997647+08:00","ModifyId":null,"ModifyBy":null,"ModifyTime":"2020-06-23T12:10:23.9997648+08:00","IsDeleted":null,"PidArr":null,"PnameArr":[],"PCodeArr":[],"MName":null,"hasChildren":true,"Id":0},"Id":0},{"IsDeleted":false,"RoleId":0,"ModuleId":0,"PermissionId":null,"CreateId":null,"CreateBy":null,"CreateTime":"2020-06-23T12:10:24.0001638+08:00","ModifyId":null,"ModifyBy":null,"ModifyTime":"2020-06-23T12:10:24.0001642+08:00","Role":{"IsDeleted":false,"Name":"Admin","Description":"普通管理","OrderSort":1,"Enabled":true,"CreateId":null,"CreateBy":null,"CreateTime":"2019-01-01T00:00:00","ModifyId":null,"ModifyBy":null,"ModifyTime":"2019-01-01T00:00:00","TIDs":null,"TenanNames":null,"Id":1},"Module":{"IsDeleted":false,"ParentId":null,"Name":"修改角色","LinkUrl":"/api/role/put","Area":null,"Controller":null,"Action":null,"Icon":null,"Code":null,"OrderSort":0,"Description":null,"IsMenu":false,"Enabled":true,"CreateId":18,"CreateBy":"提bug账号","CreateTime":"2019-01-01T00:00:00","ModifyId":null,"ModifyBy":null,"ModifyTime":"2019-01-01T00:00:00","Id":24},"Permission":{"Code":null,"Name":null,"IsButton":false,"IsHide":false,"IskeepAlive":false,"Func":null,"Pid":0,"Mid":0,"OrderSort":0,"Icon":null,"Description":null,"Enabled":false,"CreateId":null,"CreateBy":null,"CreateTime":"2020-06-23T12:10:24.0001985+08:00","ModifyId":null,"ModifyBy":null,"ModifyTime":"2020-06-23T12:10:24.0001987+08:00","IsDeleted":null,"PidArr":null,"PnameArr":[],"PCodeArr":[],"MName":null,"hasChildren":true,"Id":0},"Id":0},{"IsDeleted":false,"RoleId":0,"ModuleId":0,"PermissionId":null,"CreateId":null,"CreateBy":null,"CreateTime":"2020-06-23T12:10:24.0006075+08:00","ModifyId":null,"ModifyBy":null,"ModifyTime":"2020-06-23T12:10:24.0006079+08:00","Role":{"IsDeleted":false,"Name":"Admin","Description":"普通管理","OrderSort":1,"Enabled":true,"CreateId":null,"CreateBy":null,"CreateTime":"2019-01-01T00:00:00","ModifyId":null,"ModifyBy":null,"ModifyTime":"2019-01-01T00:00:00","TIDs":null,"TenanNames":null,"Id":1},"Module":{"IsDeleted":false,"ParentId":null,"Name":"修改用户","LinkUrl":"/api/user/put","Area":null,"Controller":null,"Action":null,"Icon":null,"Code":null,"OrderSort":0,"Description":null,"IsMenu":false,"Enabled":true,"CreateId":18,"CreateBy":"提bug账号","CreateTime":"2019-01-01T00:00:00","ModifyId":null,"ModifyBy":null,"ModifyTime":"2019-01-01T00:00:00","Id":12},"Permission":{"Code":null,"Name":null,"IsButton":false,"IsHide":false,"IskeepAlive":false,"Func":null,"Pid":0,"Mid":0,"OrderSort":0,"Icon":null,"Description":null,"Enabled":false,"CreateId":null,"CreateBy":null,"CreateTime":"2020-06-23T12:10:24.0006359+08:00","ModifyId":null,"ModifyBy":null,"ModifyTime":"2020-06-23T12:10:24.000636+08:00","IsDeleted":null,"PidArr":null,"PnameArr":[],"PCodeArr":[],"MName":null,"hasChildren":true,"Id":0},"Id":0},{"IsDeleted":false,"RoleId":0,"ModuleId":0,"PermissionId":null,"CreateId":null,"CreateBy":null,"CreateTime":"2020-06-23T12:10:24.001019+08:00","ModifyId":null,"ModifyBy":null,"ModifyTime":"2020-06-23T12:10:24.0010194+08:00","Role":{"IsDeleted":false,"Name":"Admin","Description":"普通管理","OrderSort":1,"Enabled":true,"CreateId":null,"CreateBy":null,"CreateTime":"2019-01-01T00:00:00","ModifyId":null,"ModifyBy":null,"ModifyTime":"2019-01-01T00:00:00","TIDs":null,"TenanNames":null,"Id":1},"Module":{"IsDeleted":false,"ParentId":null,"Name":"删除用户","LinkUrl":"/api/user/delete","Area":null,"Controller":null,"Action":null,"Icon":null,"Code":null,"OrderSort":0,"Description":null,"IsMenu":false,"Enabled":true,"CreateId":18,"CreateBy":"提bug账号","CreateTime":"2019-01-01T00:00:00","ModifyId":null,"ModifyBy":null,"ModifyTime":"2019-01-01T00:00:00","Id":11},"Permission":{"Code":null,"Name":null,"IsButton":false,"IsHide":false,"IskeepAlive":false,"Func":null,"Pid":0,"Mid":0,"OrderSort":0,"Icon":null,"Description":null,"Enabled":false,"CreateId":null,"CreateBy":null,"CreateTime":"2020-06-23T12:10:24.0010464+08:00","ModifyId":null,"ModifyBy":null,"ModifyTime":"2020-06-23T12:10:24.0010465+08:00","IsDeleted":null,"PidArr":null,"PnameArr":[],"PCodeArr":[],"MName":null,"hasChildren":true,"Id":0},"Id":0},{"IsDeleted":false,"RoleId":0,"ModuleId":0,"PermissionId":null,"CreateId":null,"CreateBy":null,"CreateTime":"2020-06-23T12:10:24.0014622+08:00","ModifyId":null,"ModifyBy":null,"ModifyTime":"2020-06-23T12:10:24.0014626+08:00","Role":{"IsDeleted":false,"Name":"Admin","Description":"普通管理","OrderSort":1,"Enabled":true,"CreateId":null,"CreateBy":null,"CreateTime":"2019-01-01T00:00:00","ModifyId":null,"ModifyBy":null,"ModifyTime":"2019-01-01T00:00:00","TIDs":null,"TenanNames":null,"Id":1},"Module":{"IsDeleted":false,"ParentId":null,"Name":"删除角色","LinkUrl":"/api/role/delete","Area":null,"Controller":null,"Action":null,"Icon":null,"Code":null,"OrderSort":0,"Description":null,"IsMenu":false,"Enabled":true,"CreateId":18,"CreateBy":"提bug账号","CreateTime":"2019-01-01T00:00:00","ModifyId":null,"ModifyBy":null,"ModifyTime":"2019-01-01T00:00:00","Id":23},"Permission":{"Code":null,"Name":null,"IsButton":false,"IsHide":false,"IskeepAlive":false,"Func":null,"Pid":0,"Mid":0,"OrderSort":0,"Icon":null,"Description":null,"Enabled":false,"CreateId":null,"CreateBy":null,"CreateTime":"2020-06-23T12:10:24.0014904+08:00","ModifyId":null,"ModifyBy":null,"ModifyTime":"2020-06-23T12:10:24.0014905+08:00","IsDeleted":null,"PidArr":null,"PnameArr":[],"PCodeArr":[],"MName":null,"hasChildren":true,"Id":0},"Id":0},{"IsDeleted":false,"RoleId":0,"ModuleId":0,"PermissionId":null,"CreateId":null,"CreateBy":null,"CreateTime":"2020-06-23T12:10:24.0018747+08:00","ModifyId":null,"ModifyBy":null,"ModifyTime":"2020-06-23T12:10:24.001875+08:00","Role":{"IsDeleted":false,"Name":"Admin","Description":"普通管理","OrderSort":1,"Enabled":true,"CreateId":null,"CreateBy":null,"CreateTime":"2019-01-01T00:00:00","ModifyId":null,"ModifyBy":null,"ModifyTime":"2019-01-01T00:00:00","TIDs":null,"TenanNames":null,"Id":1},"Module":{"IsDeleted":false,"ParentId":null,"Name":"获取菜单","LinkUrl":"/api/permission/get","Area":null,"Controller":null,"Action":null,"Icon":null,"Code":null,"OrderSort":0,"Description":null,"IsMenu":false,"Enabled":true,"CreateId":18,"CreateBy":"提bug账号","CreateTime":"2019-01-01T00:00:00","ModifyId":null,"ModifyBy":null,"ModifyTime":"2019-01-01T00:00:00","Id":17},"Permission":{"Code":null,"Name":null,"IsButton":false,"IsHide":false,"IskeepAlive":false,"Func":null,"Pid":0,"Mid":0,"OrderSort":0,"Icon":null,"Description":null,"Enabled":false,"CreateId":null,"CreateBy":null,"CreateTime":"2020-06-23T12:10:24.0019024+08:00","ModifyId":null,"ModifyBy":null,"ModifyTime":"2020-06-23T12:10:24.0019025+08:00","IsDeleted":null,"PidArr":null,"PnameArr":[],"PCodeArr":[],"MName":null,"hasChildren":true,"Id":0},"Id":0},{"IsDeleted":false,"RoleId":0,"ModuleId":0,"PermissionId":null,"CreateId":null,"CreateBy":null,"CreateTime":"2020-06-23T12:10:24.0023056+08:00","ModifyId":null,"ModifyBy":null,"ModifyTime":"2020-06-23T12:10:24.002306+08:00","Role":{"IsDeleted":false,"Name":"Admin","Description":"普通管理","OrderSort":1,"Enabled":true,"CreateId":null,"CreateBy":null,"CreateTime":"2019-01-01T00:00:00","ModifyId":null,"ModifyBy":null,"ModifyTime":"2019-01-01T00:00:00","TIDs":null,"TenanNames":null,"Id":1},"Module":{"IsDeleted":false,"ParentId":null,"Name":"添加菜单","LinkUrl":"/api/permission/post","Area":null,"Controller":null,"Action":null,"Icon":null,"Code":null,"OrderSort":0,"Description":null,"IsMenu":false,"Enabled":true,"CreateId":18,"CreateBy":"提bug账号","CreateTime":"2019-01-01T00:00:00","ModifyId":null,"ModifyBy":null,"ModifyTime":"2019-01-01T00:00:00","Id":20},"Permission":{"Code":null,"Name":null,"IsButton":false,"IsHide":false,"IskeepAlive":false,"Func":null,"Pid":0,"Mid":0,"OrderSort":0,"Icon":null,"Description":null,"Enabled":false,"CreateId":null,"CreateBy":null,"CreateTime":"2020-06-23T12:10:24.0023337+08:00","ModifyId":null,"ModifyBy":null,"ModifyTime":"2020-06-23T12:10:24.0023339+08:00","IsDeleted":null,"PidArr":null,"PnameArr":[],"PCodeArr":[],"MName":null,"hasChildren":true,"Id":0},"Id":0},{"IsDeleted":false,"RoleId":0,"ModuleId":0,"PermissionId":null,"CreateId":null,"CreateBy":null,"CreateTime":"2020-06-23T12:10:24.0027258+08:00","ModifyId":null,"ModifyBy":null,"ModifyTime":"2020-06-23T12:10:24.0027263+08:00","Role":{"IsDeleted":false,"Name":"Admin","Description":"普通管理","OrderSort":1,"Enabled":true,"CreateId":null,"CreateBy":null,"CreateTime":"2019-01-01T00:00:00","ModifyId":null,"ModifyBy":null,"ModifyTime":"2019-01-01T00:00:00","TIDs":null,"TenanNames":null,"Id":1},"Module":{"IsDeleted":false,"ParentId":null,"Name":"修改菜单","LinkUrl":"/api/permission/put","Area":null,"Controller":null,"Action":null,"Icon":null,"Code":null,"OrderSort":0,"Description":null,"IsMenu":false,"Enabled":true,"CreateId":18,"CreateBy":"提bug账号","CreateTime":"2019-01-01T00:00:00","ModifyId":null,"ModifyBy":null,"ModifyTime":"2019-01-01T00:00:00","Id":19},"Permission":{"Code":null,"Name":null,"IsButton":false,"IsHide":false,"IskeepAlive":false,"Func":null,"Pid":0,"Mid":0,"OrderSort":0,"Icon":null,"Description":null,"Enabled":false,"CreateId":null,"CreateBy":null,"CreateTime":"2020-06-23T12:10:24.0027542+08:00","ModifyId":null,"ModifyBy":null,"ModifyTime":"2020-06-23T12:10:24.0027543+08:00","IsDeleted":null,"PidArr":null,"PnameArr":[],"PCodeArr":[],"MName":null,"hasChildren":true,"Id":0},"Id":0},{"IsDeleted":false,"RoleId":0,"ModuleId":0,"PermissionId":null,"CreateId":null,"CreateBy":null,"CreateTime":"2020-06-23T12:10:24.0031561+08:00","ModifyId":null,"ModifyBy":null,"ModifyTime":"2020-06-23T12:10:24.0031565+08:00","Role":{"IsDeleted":false,"Name":"Admin","Description":"普通管理","OrderSort":1,"Enabled":true,"CreateId":null,"CreateBy":null,"CreateTime":"2019-01-01T00:00:00","ModifyId":null,"ModifyBy":null,"ModifyTime":"2019-01-01T00:00:00","TIDs":null,"TenanNames":null,"Id":1},"Module":{"IsDeleted":false,"ParentId":null,"Name":"删除菜单","LinkUrl":"/api/permission/delete","Area":null,"Controller":null,"Action":null,"Icon":null,"Code":null,"OrderSort":0,"Description":null,"IsMenu":false,"Enabled":true,"CreateId":18,"CreateBy":"提bug账号","CreateTime":"2019-01-01T00:00:00","ModifyId":null,"ModifyBy":null,"ModifyTime":"2019-01-01T00:00:00","Id":18},"Permission":{"Code":null,"Name":null,"IsButton":false,"IsHide":false,"IskeepAlive":false,"Func":null,"Pid":0,"Mid":0,"OrderSort":0,"Icon":null,"Description":null,"Enabled":false,"CreateId":null,"CreateBy":null,"CreateTime":"2020-06-23T12:10:24.0031899+08:00","ModifyId":null,"ModifyBy":null,"ModifyTime":"2020-06-23T12:10:24.0031901+08:00","IsDeleted":null,"PidArr":null,"PnameArr":[],"PCodeArr":[],"MName":null,"hasChildren":true,"Id":0},"Id":0},{"IsDeleted":false,"RoleId":0,"ModuleId":0,"PermissionId":null,"CreateId":null,"CreateBy":null,"CreateTime":"2020-06-23T12:10:24.0036027+08:00","ModifyId":null,"ModifyBy":null,"ModifyTime":"2020-06-23T12:10:24.0036031+08:00","Role":{"IsDeleted":false,"Name":"Admin","Description":"普通管理","OrderSort":1,"Enabled":true,"CreateId":null,"CreateBy":null,"CreateTime":"2019-01-01T00:00:00","ModifyId":null,"ModifyBy":null,"ModifyTime":"2019-01-01T00:00:00","TIDs":null,"TenanNames":null,"Id":1},"Module":{"IsDeleted":false,"ParentId":null,"Name":"获取api接口","LinkUrl":"/api/module/get","Area":null,"Controller":null,"Action":null,"Icon":null,"Code":null,"OrderSort":0,"Description":null,"IsMenu":false,"Enabled":true,"CreateId":18,"CreateBy":"提bug账号","CreateTime":"2019-01-01T00:00:00","ModifyId":null,"ModifyBy":null,"ModifyTime":"2019-01-01T00:00:00","Id":13},"Permission":{"Code":null,"Name":null,"IsButton":false,"IsHide":false,"IskeepAlive":false,"Func":null,"Pid":0,"Mid":0,"OrderSort":0,"Icon":null,"Description":null,"Enabled":false,"CreateId":null,"CreateBy":null,"CreateTime":"2020-06-23T12:10:24.0036302+08:00","ModifyId":null,"ModifyBy":null,"ModifyTime":"2020-06-23T12:10:24.0036303+08:00","IsDeleted":null,"PidArr":null,"PnameArr":[],"PCodeArr":[],"MName":null,"hasChildren":true,"Id":0},"Id":0},{"IsDeleted":false,"RoleId":0,"ModuleId":0,"PermissionId":null,"CreateId":null,"CreateBy":null,"CreateTime":"2020-06-23T12:10:24.0040155+08:00","ModifyId":null,"ModifyBy":null,"ModifyTime":"2020-06-23T12:10:24.0040158+08:00","Role":{"IsDeleted":false,"Name":"Admin","Description":"普通管理","OrderSort":1,"Enabled":true,"CreateId":null,"CreateBy":null,"CreateTime":"2019-01-01T00:00:00","ModifyId":null,"ModifyBy":null,"ModifyTime":"2019-01-01T00:00:00","TIDs":null,"TenanNames":null,"Id":1},"Module":{"IsDeleted":false,"ParentId":null,"Name":"添加api接口","LinkUrl":"/api/module/post","Area":null,"Controller":null,"Action":null,"Icon":null,"Code":null,"OrderSort":0,"Description":null,"IsMenu":false,"Enabled":true,"CreateId":18,"CreateBy":"提bug账号","CreateTime":"2019-01-01T00:00:00","ModifyId":null,"ModifyBy":null,"ModifyTime":"2019-01-01T00:00:00","Id":16},"Permission":{"Code":null,"Name":null,"IsButton":false,"IsHide":false,"IskeepAlive":false,"Func":null,"Pid":0,"Mid":0,"OrderSort":0,"Icon":null,"Description":null,"Enabled":false,"CreateId":null,"CreateBy":null,"CreateTime":"2020-06-23T12:10:24.0040428+08:00","ModifyId":null,"ModifyBy":null,"ModifyTime":"2020-06-23T12:10:24.0040429+08:00","IsDeleted":null,"PidArr":null,"PnameArr":[],"PCodeArr":[],"MName":null,"hasChildren":true,"Id":0},"Id":0},{"IsDeleted":false,"RoleId":0,"ModuleId":0,"PermissionId":null,"CreateId":null,"CreateBy":null,"CreateTime":"2020-06-23T12:10:24.0044231+08:00","ModifyId":null,"ModifyBy":null,"ModifyTime":"2020-06-23T12:10:24.0044235+08:00","Role":{"IsDeleted":false,"Name":"Admin","Description":"普通管理","OrderSort":1,"Enabled":true,"CreateId":null,"CreateBy":null,"CreateTime":"2019-01-01T00:00:00","ModifyId":null,"ModifyBy":null,"ModifyTime":"2019-01-01T00:00:00","TIDs":null,"TenanNames":null,"Id":1},"Module":{"IsDeleted":false,"ParentId":null,"Name":"获取菜单树","LinkUrl":"/api/permission/getpermissiontree","Area":null,"Controller":null,"Action":null,"Icon":null,"Code":null,"OrderSort":0,"Description":null,"IsMenu":false,"Enabled":true,"CreateId":18,"CreateBy":"提bug账号","CreateTime":"2019-01-01T00:00:00","ModifyId":null,"ModifyBy":null,"ModifyTime":"2019-01-01T00:00:00","Id":21},"Permission":{"Code":null,"Name":null,"IsButton":false,"IsHide":false,"IskeepAlive":false,"Func":null,"Pid":0,"Mid":0,"OrderSort":0,"Icon":null,"Description":null,"Enabled":false,"CreateId":null,"CreateBy":null,"CreateTime":"2020-06-23T12:10:24.0044515+08:00","ModifyId":null,"ModifyBy":null,"ModifyTime":"2020-06-23T12:10:24.0044516+08:00","IsDeleted":null,"PidArr":null,"PnameArr":[],"PCodeArr":[],"MName":null,"hasChildren":true,"Id":0},"Id":0},{"IsDeleted":false,"RoleId":0,"ModuleId":0,"PermissionId":null,"CreateId":null,"CreateBy":null,"CreateTime":"2020-06-23T12:10:24.0048291+08:00","ModifyId":null,"ModifyBy":null,"ModifyTime":"2020-06-23T12:10:24.0048294+08:00","Role":{"IsDeleted":false,"Name":"Admin","Description":"普通管理","OrderSort":1,"Enabled":true,"CreateId":null,"CreateBy":null,"CreateTime":"2019-01-01T00:00:00","ModifyId":null,"ModifyBy":null,"ModifyTime":"2019-01-01T00:00:00","TIDs":null,"TenanNames":null,"Id":1},"Module":{"IsDeleted":false,"ParentId":null,"Name":"修改api接口","LinkUrl":"/api/module/put","Area":null,"Controller":null,"Action":null,"Icon":null,"Code":null,"OrderSort":0,"Description":null,"IsMenu":false,"Enabled":true,"CreateId":18,"CreateBy":"提bug账号","CreateTime":"2019-01-01T00:00:00","ModifyId":null,"ModifyBy":null,"ModifyTime":"2019-01-01T00:00:00","Id":15},"Permission":{"Code":null,"Name":null,"IsButton":false,"IsHide":false,"IskeepAlive":false,"Func":null,"Pid":0,"Mid":0,"OrderSort":0,"Icon":null,"Description":null,"Enabled":false,"CreateId":null,"CreateBy":null,"CreateTime":"2020-06-23T12:10:24.0048565+08:00","ModifyId":null,"ModifyBy":null,"ModifyTime":"2020-06-23T12:10:24.0048566+08:00","IsDeleted":null,"PidArr":null,"PnameArr":[],"PCodeArr":[],"MName":null,"hasChildren":true,"Id":0},"Id":0},{"IsDeleted":false,"RoleId":0,"ModuleId":0,"PermissionId":null,"CreateId":null,"CreateBy":null,"CreateTime":"2020-06-23T12:10:24.0052585+08:00","ModifyId":null,"ModifyBy":null,"ModifyTime":"2020-06-23T12:10:24.0052588+08:00","Role":{"IsDeleted":false,"Name":"Admin","Description":"普通管理","OrderSort":1,"Enabled":true,"CreateId":null,"CreateBy":null,"CreateTime":"2019-01-01T00:00:00","ModifyId":null,"ModifyBy":null,"ModifyTime":"2019-01-01T00:00:00","TIDs":null,"TenanNames":null,"Id":1},"Module":{"IsDeleted":false,"ParentId":null,"Name":"Get导航条","LinkUrl":"/api/permission/GetNavigationBar","Area":null,"Controller":null,"Action":null,"Icon":null,"Code":null,"OrderSort":0,"Description":null,"IsMenu":false,"Enabled":true,"CreateId":23,"CreateBy":"后台总管理员","CreateTime":"2019-01-01T00:00:00","ModifyId":null,"ModifyBy":null,"ModifyTime":"2019-01-01T00:00:00","Id":29},"Permission":{"Code":null,"Name":null,"IsButton":false,"IsHide":false,"IskeepAlive":false,"Func":null,"Pid":0,"Mid":0,"OrderSort":0,"Icon":null,"Description":null,"Enabled":false,"CreateId":null,"CreateBy":null,"CreateTime":"2020-06-23T12:10:24.0052861+08:00","ModifyId":null,"ModifyBy":null,"ModifyTime":"2020-06-23T12:10:24.0052862+08:00","IsDeleted":null,"PidArr":null,"PnameArr":[],"PCodeArr":[],"MName":null,"hasChildren":true,"Id":0},"Id":0},{"IsDeleted":false,"RoleId":0,"ModuleId":0,"PermissionId":null,"CreateId":null,"CreateBy":null,"CreateTime":"2020-06-23T12:10:24.0056643+08:00","ModifyId":null,"ModifyBy":null,"ModifyTime":"2020-06-23T12:10:24.0056646+08:00","Role":{"IsDeleted":false,"Name":"Admin","Description":"普通管理","OrderSort":1,"Enabled":true,"CreateId":null,"CreateBy":null,"CreateTime":"2019-01-01T00:00:00","ModifyId":null,"ModifyBy":null,"ModifyTime":"2019-01-01T00:00:00","TIDs":null,"TenanNames":null,"Id":1},"Module":{"IsDeleted":false,"ParentId":null,"Name":"删除api接口","LinkUrl":"/api/module/delete","Area":null,"Controller":null,"Action":null,"Icon":null,"Code":null,"OrderSort":0,"Description":null,"IsMenu":false,"Enabled":true,"CreateId":18,"CreateBy":"提bug账号","CreateTime":"2019-01-01T00:00:00","ModifyId":null,"ModifyBy":null,"ModifyTime":"2019-01-01T00:00:00","Id":14},"Permission":{"Code":null,"Name":null,"IsButton":false,"IsHide":false,"IskeepAlive":false,"Func":null,"Pid":0,"Mid":0,"OrderSort":0,"Icon":null,"Description":null,"Enabled":false,"CreateId":null,"CreateBy":null,"CreateTime":"2020-06-23T12:10:24.0056918+08:00","ModifyId":null,"ModifyBy":null,"ModifyTime":"2020-06-23T12:10:24.005692+08:00","IsDeleted":null,"PidArr":null,"PnameArr":[],"PCodeArr":[],"MName":null,"hasChildren":true,"Id":0},"Id":0},{"IsDeleted":false,"RoleId":0,"ModuleId":0,"PermissionId":null,"CreateId":null,"CreateBy":null,"CreateTime":"2020-06-23T12:10:24.0060709+08:00","ModifyId":null,"ModifyBy":null,"ModifyTime":"2020-06-23T12:10:24.0060713+08:00","Role":{"IsDeleted":false,"Name":"Admin","Description":"普通管理","OrderSort":1,"Enabled":true,"CreateId":null,"CreateBy":null,"CreateTime":"2019-01-01T00:00:00","ModifyId":null,"ModifyBy":null,"ModifyTime":"2019-01-01T00:00:00","TIDs":null,"TenanNames":null,"Id":1},"Module":{"IsDeleted":false,"ParentId":null,"Name":"保存分配","LinkUrl":"/api/permission/Assign","Area":null,"Controller":null,"Action":null,"Icon":null,"Code":null,"OrderSort":0,"Description":null,"IsMenu":false,"Enabled":true,"CreateId":23,"CreateBy":"后台总管理员","CreateTime":"2019-01-01T00:00:00","ModifyId":null,"ModifyBy":null,"ModifyTime":"2019-01-01T00:00:00","Id":28},"Permission":{"Code":null,"Name":null,"IsButton":false,"IsHide":false,"IskeepAlive":false,"Func":null,"Pid":0,"Mid":0,"OrderSort":0,"Icon":null,"Description":null,"Enabled":false,"CreateId":null,"CreateBy":null,"CreateTime":"2020-06-23T12:10:24.0060983+08:00","ModifyId":null,"ModifyBy":null,"ModifyTime":"2020-06-23T12:10:24.0060984+08:00","IsDeleted":null,"PidArr":null,"PnameArr":[],"PCodeArr":[],"MName":null,"hasChildren":true,"Id":0},"Id":0}]
