2020-07-08 14:21:05,747| FATAL 
Unable to start Kestrel.
--------------------------------
System.Net.Sockets.SocketException (10013): 以一种访问权限不允许的方式做了一个访问套接字的尝试。
   at System.Net.Sockets.Socket.UpdateStatusAfterSocketErrorAndThrowException(SocketError error, String callerName)
   at System.Net.Sockets.Socket.DoBind(EndPoint endPointSnapshot, SocketAddress socketAddress)
   at System.Net.Sockets.Socket.Bind(EndPoint localEP)
   at Microsoft.AspNetCore.Server.Kestrel.Transport.Sockets.SocketConnectionListener.Bind()
   at Microsoft.AspNetCore.Server.Kestrel.Transport.Sockets.SocketTransportFactory.BindAsync(EndPoint endpoint, CancellationToken cancellationToken)
   at Microsoft.AspNetCore.Server.Kestrel.Core.KestrelServer.<>c__DisplayClass21_0`1.<<StartAsync>g__OnBind|0>d.MoveNext()
--- End of stack trace from previous location where exception was thrown ---
   at Microsoft.AspNetCore.Server.Kestrel.Core.Internal.AddressBinder.BindEndpointAsync(ListenOptions endpoint, AddressBindContext context)
   at Microsoft.AspNetCore.Server.Kestrel.Core.ListenOptions.BindAsync(AddressBindContext context)
   at Microsoft.AspNetCore.Server.Kestrel.Core.AnyIPListenOptions.BindAsync(AddressBindContext context)
   at Microsoft.AspNetCore.Server.Kestrel.Core.Internal.AddressBinder.AddressesStrategy.BindAsync(AddressBindContext context)
   at Microsoft.AspNetCore.Server.Kestrel.Core.Internal.AddressBinder.BindAsync(IServerAddressesFeature addresses, KestrelServerOptions serverOptions, ILogger logger, Func`2 createBinding)
   at Microsoft.AspNetCore.Server.Kestrel.Core.KestrelServer.StartAsync[TContext](IHttpApplication`1 application, CancellationToken cancellationToken)
2020-07-08 14:21:31,722| ERROR 
Funeral.Core.xml和Funeral.Core.Model.xml 丢失，请检查并拷贝。
Could not find file 'D:\Projects\Funeral.Core\Funeral.Core\Funeral.Core\bin\Debug\netcoreapp3.1\Funeral.Core.xml'.
--------------------------------
2020-07-08 14:22:21,364| ERROR 
Funeral.Core.xml和Funeral.Core.Model.xml 丢失，请检查并拷贝。
Could not find file 'D:\Projects\Funeral.Core\Funeral.Core\Funeral.Core\bin\Debug\netcoreapp3.1\Funeral.Core.xml'.
--------------------------------
2020-07-08 14:47:58,299| ERROR 
Funeral.Core.xml和Funeral.Core.Model.xml 丢失，请检查并拷贝。
Could not find file 'D:\Projects\Funeral.Core\Funeral.Core\Funeral.Core\bin\Debug\netcoreapp3.1\Funeral.Core.xml'.
--------------------------------
2020-07-08 15:40:30,608| ERROR 
Funeral.Core.xml和Funeral.Core.Model.xml 丢失，请检查并拷贝。
Could not find file 'D:\Projects\Funeral.Core\Funeral.Core\Funeral.Core\bin\Debug\netcoreapp3.1\Funeral.Core.xml'.
--------------------------------
2020-07-08 16:04:20,801| ERROR 
Funeral.Core.xml和Funeral.Core.Model.xml 丢失，请检查并拷贝。
Could not find file 'D:\Projects\Funeral.Core\Funeral.Core\Funeral.Core\bin\Debug\netcoreapp3.1\Funeral.Core.xml'.
--------------------------------
2020-07-08 16:57:40,642| ERROR 
Funeral.Core.xml和Funeral.Core.Model.xml 丢失，请检查并拷贝。
Could not find file 'D:\Projects\Funeral.Core\Funeral.Core\Funeral.Core\bin\Debug\netcoreapp3.1\Funeral.Core.xml'.
--------------------------------
2020-07-08 17:02:57,039| ERROR 
Funeral.Core.xml和Funeral.Core.Model.xml 丢失，请检查并拷贝。
Could not find file 'D:\Projects\Funeral.Core\Funeral.Core\Funeral.Core\bin\Debug\netcoreapp3.1\Funeral.Core.xml'.
--------------------------------
