2020-06-30 09:28:24,454| ERROR 
Repository.dll和service.dll 丢失，因为项目解耦了，所以需要先F6编译，再F5运行，请检查 bin 文件夹，并拷贝。
--------------------------------
2020-06-30 10:28:04,216| ERROR 
Repository.dll和service.dll 丢失，因为项目解耦了，所以需要先F6编译，再F5运行，请检查 bin 文件夹，并拷贝。
--------------------------------
2020-06-30 10:29:07,794| ERROR 
Repository.dll和service.dll 丢失，因为项目解耦了，所以需要先F6编译，再F5运行，请检查 bin 文件夹，并拷贝。
--------------------------------
2020-06-30 10:30:44,421| ERROR 
Repository.dll和service.dll 丢失，因为项目解耦了，所以需要先F6编译，再F5运行，请检查 bin 文件夹，并拷贝。
--------------------------------
2020-06-30 10:33:50,667| ERROR 
English Message : Expression parsing does not support the current function ObjToBool. There are many functions available in the SqlFunc class, for example, it=>SqlFunc.HasValue(it.Id)
Chinese Message : 拉姆达解析不支持当前函数ObjToBool，SqlFunc这个类里面有大量函数可用,也许有你想要的，例如： it=>SqlFunc.HasValue(it.Id)
【自定义错误】：English Message : Expression parsing does not support the current function ObjToBool. There are many functions available in the SqlFunc class, for example, it=>SqlFunc.HasValue(it.Id)
Chinese Message : 拉姆达解析不支持当前函数ObjToBool，SqlFunc这个类里面有大量函数可用,也许有你想要的，例如： it=>SqlFunc.HasValue(it.Id) 
【异常类型】：SqlSugarException 
【异常信息】：English Message : Expression parsing does not support the current function ObjToBool. There are many functions available in the SqlFunc class, for example, it=>SqlFunc.HasValue(it.Id)
Chinese Message : 拉姆达解析不支持当前函数ObjToBool，SqlFunc这个类里面有大量函数可用,也许有你想要的，例如： it=>SqlFunc.HasValue(it.Id) 
【堆栈调用】：   at SqlSugar.Check.Exception(Boolean isException, String message, String[] args)
   at SqlSugar.MethodCallExpressionResolve.CusMethod(ExpressionParameter parameter, MethodCallExpression express, Nullable`1 isLeft)
   at SqlSugar.MethodCallExpressionResolve.SqlFuncMethod(ExpressionParameter parameter, MethodCallExpression express, Nullable`1 isLeft)
   at SqlSugar.MethodCallExpressionResolve..ctor(ExpressionParameter parameter)
   at SqlSugar.BaseResolve.Start()
   at SqlSugar.UnaryExpressionResolve.Append(ExpressionParameter parameter, ExpressionType nodeType)
   at SqlSugar.UnaryExpressionResolve..ctor(ExpressionParameter parameter)
   at SqlSugar.BaseResolve.Start()
   at SqlSugar.BaseResolve.ResolveNewExpressions(ExpressionParameter parameter, Expression item, String asName)
   at SqlSugar.MemberInitExpressionResolve.Select(MemberInitExpression expression, ExpressionParameter parameter, Boolean isSingle)
   at SqlSugar.MemberInitExpressionResolve..ctor(ExpressionParameter parameter)
   at SqlSugar.BaseResolve.Start()
   at SqlSugar.LambdaExpressionResolve..ctor(ExpressionParameter parameter)
   at SqlSugar.BaseResolve.Start()
   at SqlSugar.ExpressionContext.Resolve(Expression expression, ResolveExpressType resolveType)
   at SqlSugar.QueryBuilder.GetExpressionValue(Expression expression, ResolveExpressType resolveType)
   at SqlSugar.QueryBuilder.GetSelectValueByExpression()
   at SqlSugar.MySqlQueryBuilder.get_GetSelectValue()
   at SqlSugar.MySqlQueryBuilder.ToSqlString()
   at SqlSugar.QueryableProvider`1.ToSql()
   at SqlSugar.QueryableProvider`1._ToListAsync[TResult]()
   at Funeral.Core.Repository.Base.BaseRepository`1.QueryMuch[T,T2,TResult](Expression`1 joinExpression, Expression`1 selectExpression, Expression`1 whereLambda) in D:\Projects\Funeral.Core\Funeral.Core\Funeral.Core.Repository\BASE\BaseRepository.cs:line 481
   at Funeral.Core.Repository.PermissionRepository.QueryMuchTable(Expression`1 whereExpression) in D:\Projects\Funeral.Core\Funeral.Core\Funeral.Core.Repository\PermissionRepository.cs:line 22
   at Funeral.Core.Services.PermissionServices.QueryMuchTable(Expression`1 whereExpression) in D:\Projects\Funeral.Core\Funeral.Core\Funeral.Core.Services\PermissionServices.cs:line 27
   at Funeral.Core.AOP.InternalAsyncHelper.AwaitTaskWithPostActionAndFinallyAndGetResult[T](Task`1 actualReturnValue, Func`2 postAction, Action`1 finalAction) in D:\Projects\Funeral.Core\Funeral.Core\Funeral.Core\AOP\FuneralLogAOP.cs:line 195
   at Funeral.Core.Controllers.PermissionController.GetNavigationBar(Int32 uid) in D:\Projects\Funeral.Core\Funeral.Core\Funeral.Core\Controllers\PermissionController.cs:line 701
   at lambda_method(Closure , Object )
   at Microsoft.Extensions.Internal.ObjectMethodExecutorAwaitable.Awaiter.GetResult()
   at Microsoft.AspNetCore.Mvc.Infrastructure.ActionMethodExecutor.AwaitableObjectResultExecutor.Execute(IActionResultTypeMapper mapper, ObjectMethodExecutor executor, Object controller, Object[] arguments)
   at Microsoft.AspNetCore.Mvc.Infrastructure.ControllerActionInvoker.<InvokeActionMethodAsync>g__Awaited|12_0(ControllerActionInvoker invoker, ValueTask`1 actionResultValueTask)
   at Microsoft.AspNetCore.Mvc.Infrastructure.ControllerActionInvoker.<InvokeNextActionFilterAsync>g__Awaited|10_0(ControllerActionInvoker invoker, Task lastTask, State next, Scope scope, Object state, Boolean isCompleted)
   at Microsoft.AspNetCore.Mvc.Infrastructure.ControllerActionInvoker.Rethrow(ActionExecutedContextSealed context)
   at Microsoft.AspNetCore.Mvc.Infrastructure.ControllerActionInvoker.Next(State& next, Scope& scope, Object& state, Boolean& isCompleted)
   at Microsoft.AspNetCore.Mvc.Infrastructure.ControllerActionInvoker.InvokeInnerFilterAsync()
--- End of stack trace from previous location where exception was thrown ---
   at Microsoft.AspNetCore.Mvc.Infrastructure.ResourceInvoker.<InvokeNextExceptionFilterAsync>g__Awaited|25_0(ResourceInvoker invoker, Task lastTask, State next, Scope scope, Object state, Boolean isCompleted)
--------------------------------
2020-06-30 10:35:23,603| ERROR 
English Message : Expression parsing does not support the current function ObjToBool. There are many functions available in the SqlFunc class, for example, it=>SqlFunc.HasValue(it.Id)
Chinese Message : 拉姆达解析不支持当前函数ObjToBool，SqlFunc这个类里面有大量函数可用,也许有你想要的，例如： it=>SqlFunc.HasValue(it.Id)
【自定义错误】：English Message : Expression parsing does not support the current function ObjToBool. There are many functions available in the SqlFunc class, for example, it=>SqlFunc.HasValue(it.Id)
Chinese Message : 拉姆达解析不支持当前函数ObjToBool，SqlFunc这个类里面有大量函数可用,也许有你想要的，例如： it=>SqlFunc.HasValue(it.Id) 
【异常类型】：SqlSugarException 
【异常信息】：English Message : Expression parsing does not support the current function ObjToBool. There are many functions available in the SqlFunc class, for example, it=>SqlFunc.HasValue(it.Id)
Chinese Message : 拉姆达解析不支持当前函数ObjToBool，SqlFunc这个类里面有大量函数可用,也许有你想要的，例如： it=>SqlFunc.HasValue(it.Id) 
【堆栈调用】：   at SqlSugar.Check.Exception(Boolean isException, String message, String[] args)
   at SqlSugar.MethodCallExpressionResolve.CusMethod(ExpressionParameter parameter, MethodCallExpression express, Nullable`1 isLeft)
   at SqlSugar.MethodCallExpressionResolve.SqlFuncMethod(ExpressionParameter parameter, MethodCallExpression express, Nullable`1 isLeft)
   at SqlSugar.MethodCallExpressionResolve..ctor(ExpressionParameter parameter)
   at SqlSugar.BaseResolve.Start()
   at SqlSugar.UnaryExpressionResolve.Append(ExpressionParameter parameter, ExpressionType nodeType)
   at SqlSugar.UnaryExpressionResolve..ctor(ExpressionParameter parameter)
   at SqlSugar.BaseResolve.Start()
   at SqlSugar.BaseResolve.ResolveNewExpressions(ExpressionParameter parameter, Expression item, String asName)
   at SqlSugar.MemberInitExpressionResolve.Select(MemberInitExpression expression, ExpressionParameter parameter, Boolean isSingle)
   at SqlSugar.MemberInitExpressionResolve..ctor(ExpressionParameter parameter)
   at SqlSugar.BaseResolve.Start()
   at SqlSugar.LambdaExpressionResolve..ctor(ExpressionParameter parameter)
   at SqlSugar.BaseResolve.Start()
   at SqlSugar.ExpressionContext.Resolve(Expression expression, ResolveExpressType resolveType)
   at SqlSugar.QueryBuilder.GetExpressionValue(Expression expression, ResolveExpressType resolveType)
   at SqlSugar.QueryBuilder.GetSelectValueByExpression()
   at SqlSugar.MySqlQueryBuilder.get_GetSelectValue()
   at SqlSugar.MySqlQueryBuilder.ToSqlString()
   at SqlSugar.QueryableProvider`1.ToSql()
   at SqlSugar.QueryableProvider`1._ToListAsync[TResult]()
   at Funeral.Core.Repository.Base.BaseRepository`1.QueryMuch[T,T2,TResult](Expression`1 joinExpression, Expression`1 selectExpression, Expression`1 whereLambda) in D:\Projects\Funeral.Core\Funeral.Core\Funeral.Core.Repository\BASE\BaseRepository.cs:line 481
   at Funeral.Core.Repository.PermissionRepository.QueryMuchTable(Expression`1 whereExpression) in D:\Projects\Funeral.Core\Funeral.Core\Funeral.Core.Repository\PermissionRepository.cs:line 22
   at Funeral.Core.Services.PermissionServices.QueryMuchTable(Expression`1 whereExpression) in D:\Projects\Funeral.Core\Funeral.Core\Funeral.Core.Services\PermissionServices.cs:line 27
   at Funeral.Core.AOP.InternalAsyncHelper.AwaitTaskWithPostActionAndFinallyAndGetResult[T](Task`1 actualReturnValue, Func`2 postAction, Action`1 finalAction) in D:\Projects\Funeral.Core\Funeral.Core\Funeral.Core\AOP\FuneralLogAOP.cs:line 195
   at Funeral.Core.Controllers.PermissionController.GetNavigationBar(Int32 uid) in D:\Projects\Funeral.Core\Funeral.Core\Funeral.Core\Controllers\PermissionController.cs:line 701
   at lambda_method(Closure , Object )
   at Microsoft.Extensions.Internal.ObjectMethodExecutorAwaitable.Awaiter.GetResult()
   at Microsoft.AspNetCore.Mvc.Infrastructure.ActionMethodExecutor.AwaitableObjectResultExecutor.Execute(IActionResultTypeMapper mapper, ObjectMethodExecutor executor, Object controller, Object[] arguments)
   at Microsoft.AspNetCore.Mvc.Infrastructure.ControllerActionInvoker.<InvokeActionMethodAsync>g__Awaited|12_0(ControllerActionInvoker invoker, ValueTask`1 actionResultValueTask)
   at Microsoft.AspNetCore.Mvc.Infrastructure.ControllerActionInvoker.<InvokeNextActionFilterAsync>g__Awaited|10_0(ControllerActionInvoker invoker, Task lastTask, State next, Scope scope, Object state, Boolean isCompleted)
   at Microsoft.AspNetCore.Mvc.Infrastructure.ControllerActionInvoker.Rethrow(ActionExecutedContextSealed context)
   at Microsoft.AspNetCore.Mvc.Infrastructure.ControllerActionInvoker.Next(State& next, Scope& scope, Object& state, Boolean& isCompleted)
   at Microsoft.AspNetCore.Mvc.Infrastructure.ControllerActionInvoker.InvokeInnerFilterAsync()
--- End of stack trace from previous location where exception was thrown ---
   at Microsoft.AspNetCore.Mvc.Infrastructure.ResourceInvoker.<InvokeNextExceptionFilterAsync>g__Awaited|25_0(ResourceInvoker invoker, Task lastTask, State next, Scope scope, Object state, Boolean isCompleted)
--------------------------------
2020-06-30 10:37:14,798| ERROR 
English Message : Expression parsing does not support the current function ObjToBool. There are many functions available in the SqlFunc class, for example, it=>SqlFunc.HasValue(it.Id)
Chinese Message : 拉姆达解析不支持当前函数ObjToBool，SqlFunc这个类里面有大量函数可用,也许有你想要的，例如： it=>SqlFunc.HasValue(it.Id)
【自定义错误】：English Message : Expression parsing does not support the current function ObjToBool. There are many functions available in the SqlFunc class, for example, it=>SqlFunc.HasValue(it.Id)
Chinese Message : 拉姆达解析不支持当前函数ObjToBool，SqlFunc这个类里面有大量函数可用,也许有你想要的，例如： it=>SqlFunc.HasValue(it.Id) 
【异常类型】：SqlSugarException 
【异常信息】：English Message : Expression parsing does not support the current function ObjToBool. There are many functions available in the SqlFunc class, for example, it=>SqlFunc.HasValue(it.Id)
Chinese Message : 拉姆达解析不支持当前函数ObjToBool，SqlFunc这个类里面有大量函数可用,也许有你想要的，例如： it=>SqlFunc.HasValue(it.Id) 
【堆栈调用】：   at SqlSugar.Check.Exception(Boolean isException, String message, String[] args)
   at SqlSugar.MethodCallExpressionResolve.CusMethod(ExpressionParameter parameter, MethodCallExpression express, Nullable`1 isLeft)
   at SqlSugar.MethodCallExpressionResolve.SqlFuncMethod(ExpressionParameter parameter, MethodCallExpression express, Nullable`1 isLeft)
   at SqlSugar.MethodCallExpressionResolve..ctor(ExpressionParameter parameter)
   at SqlSugar.BaseResolve.Start()
   at SqlSugar.UnaryExpressionResolve.Append(ExpressionParameter parameter, ExpressionType nodeType)
   at SqlSugar.UnaryExpressionResolve..ctor(ExpressionParameter parameter)
   at SqlSugar.BaseResolve.Start()
   at SqlSugar.BaseResolve.ResolveNewExpressions(ExpressionParameter parameter, Expression item, String asName)
   at SqlSugar.MemberInitExpressionResolve.Select(MemberInitExpression expression, ExpressionParameter parameter, Boolean isSingle)
   at SqlSugar.MemberInitExpressionResolve..ctor(ExpressionParameter parameter)
   at SqlSugar.BaseResolve.Start()
   at SqlSugar.LambdaExpressionResolve..ctor(ExpressionParameter parameter)
   at SqlSugar.BaseResolve.Start()
   at SqlSugar.ExpressionContext.Resolve(Expression expression, ResolveExpressType resolveType)
   at SqlSugar.QueryBuilder.GetExpressionValue(Expression expression, ResolveExpressType resolveType)
   at SqlSugar.QueryBuilder.GetSelectValueByExpression()
   at SqlSugar.MySqlQueryBuilder.get_GetSelectValue()
   at SqlSugar.MySqlQueryBuilder.ToSqlString()
   at SqlSugar.QueryableProvider`1.ToSql()
   at SqlSugar.QueryableProvider`1._ToListAsync[TResult]()
   at Funeral.Core.Repository.Base.BaseRepository`1.QueryMuch[T,T2,TResult](Expression`1 joinExpression, Expression`1 selectExpression, Expression`1 whereLambda) in D:\Projects\Funeral.Core\Funeral.Core\Funeral.Core.Repository\BASE\BaseRepository.cs:line 481
   at Funeral.Core.Repository.PermissionRepository.QueryMuchTable(Expression`1 whereExpression) in D:\Projects\Funeral.Core\Funeral.Core\Funeral.Core.Repository\PermissionRepository.cs:line 22
   at Funeral.Core.Services.PermissionServices.QueryMuchTable(Expression`1 whereExpression) in D:\Projects\Funeral.Core\Funeral.Core\Funeral.Core.Services\PermissionServices.cs:line 27
   at Funeral.Core.AOP.InternalAsyncHelper.AwaitTaskWithPostActionAndFinallyAndGetResult[T](Task`1 actualReturnValue, Func`2 postAction, Action`1 finalAction) in D:\Projects\Funeral.Core\Funeral.Core\Funeral.Core\AOP\FuneralLogAOP.cs:line 195
   at Funeral.Core.Controllers.PermissionController.GetNavigationBar(Int32 uid) in D:\Projects\Funeral.Core\Funeral.Core\Funeral.Core\Controllers\PermissionController.cs:line 701
   at lambda_method(Closure , Object )
   at Microsoft.Extensions.Internal.ObjectMethodExecutorAwaitable.Awaiter.GetResult()
   at Microsoft.AspNetCore.Mvc.Infrastructure.ActionMethodExecutor.AwaitableObjectResultExecutor.Execute(IActionResultTypeMapper mapper, ObjectMethodExecutor executor, Object controller, Object[] arguments)
   at Microsoft.AspNetCore.Mvc.Infrastructure.ControllerActionInvoker.<InvokeActionMethodAsync>g__Awaited|12_0(ControllerActionInvoker invoker, ValueTask`1 actionResultValueTask)
   at Microsoft.AspNetCore.Mvc.Infrastructure.ControllerActionInvoker.<InvokeNextActionFilterAsync>g__Awaited|10_0(ControllerActionInvoker invoker, Task lastTask, State next, Scope scope, Object state, Boolean isCompleted)
   at Microsoft.AspNetCore.Mvc.Infrastructure.ControllerActionInvoker.Rethrow(ActionExecutedContextSealed context)
   at Microsoft.AspNetCore.Mvc.Infrastructure.ControllerActionInvoker.Next(State& next, Scope& scope, Object& state, Boolean& isCompleted)
   at Microsoft.AspNetCore.Mvc.Infrastructure.ControllerActionInvoker.InvokeInnerFilterAsync()
--- End of stack trace from previous location where exception was thrown ---
   at Microsoft.AspNetCore.Mvc.Infrastructure.ResourceInvoker.<InvokeNextExceptionFilterAsync>g__Awaited|25_0(ResourceInvoker invoker, Task lastTask, State next, Scope scope, Object state, Boolean isCompleted)
--------------------------------
2020-06-30 10:38:53,838| FATAL 
Application startup exception
Method 'QueryMuchTable' in type 'Funeral.Core.Repository.PermissionRepository' from assembly 'Funeral.Core.Repository, Version=1.0.0.0, Culture=neutral, PublicKeyToken=null' does not have an implementation.
--------------------------------
System.Reflection.ReflectionTypeLoadException: Unable to load one or more of the requested types.
Method 'QueryMuchTable' in type 'Funeral.Core.Repository.PermissionRepository' from assembly 'Funeral.Core.Repository, Version=1.0.0.0, Culture=neutral, PublicKeyToken=null' does not have an implementation.
   at System.Reflection.RuntimeModule.GetTypes(RuntimeModule module)
   at System.Reflection.RuntimeModule.GetTypes()
   at System.Reflection.Assembly.GetTypes()
   at Funeral.Core.Extensions.AllServicesMildd.UseAllServicesMildd(IApplicationBuilder app, IServiceCollection _services) in D:\Projects\Funeral.Core\Funeral.Core\Funeral.Core\Middlewares\AllServicesMildd.cs:line 23
   at Funeral.Core.Startup.Configure(IApplicationBuilder app, IWebHostEnvironment env, MyContext myContext, ITasksQzServices tasksQzServices, ISchedulerCenter schedulerCenter, IHostApplicationLifetime lifetime) in D:\Projects\Funeral.Core\Funeral.Core\Funeral.Core\Startup.cs:line 120
   at System.RuntimeMethodHandle.InvokeMethod(Object target, Object[] arguments, Signature sig, Boolean constructor, Boolean wrapExceptions)
   at System.Reflection.RuntimeMethodInfo.Invoke(Object obj, BindingFlags invokeAttr, Binder binder, Object[] parameters, CultureInfo culture)
   at Microsoft.AspNetCore.Hosting.ConfigureBuilder.Invoke(Object instance, IApplicationBuilder builder)
   at Microsoft.AspNetCore.Hosting.ConfigureBuilder.<>c__DisplayClass4_0.<Build>b__0(IApplicationBuilder builder)
   at Microsoft.AspNetCore.Hosting.GenericWebHostBuilder.<>c__DisplayClass13_0.<UseStartup>b__2(IApplicationBuilder app)
   at Microsoft.AspNetCore.Mvc.Filters.MiddlewareFilterBuilderStartupFilter.<>c__DisplayClass0_0.<Configure>g__MiddlewareFilterBuilder|0(IApplicationBuilder builder)
   at Microsoft.AspNetCore.HostFilteringStartupFilter.<>c__DisplayClass0_0.<Configure>b__0(IApplicationBuilder app)
   at Microsoft.AspNetCore.Hosting.GenericWebHostService.StartAsync(CancellationToken cancellationToken)
System.TypeLoadException: Method 'QueryMuchTable' in type 'Funeral.Core.Repository.PermissionRepository' from assembly 'Funeral.Core.Repository, Version=1.0.0.0, Culture=neutral, PublicKeyToken=null' does not have an implementation.
