2020-07-06 08:49:43,635| ERROR 
English Message : Connection open error . Unable to connect to any of the specified MySQL hosts.
Chinese Message :  连接数据库过程中发生错误，检查服务器是否正常连接字符串是否正确，实在找不到原因请先Google错误信息：Unable to connect to any of the specified MySQL hosts..
【自定义错误】：English Message : Connection open error . Unable to connect to any of the specified MySQL hosts.
Chinese Message :  连接数据库过程中发生错误，检查服务器是否正常连接字符串是否正确，实在找不到原因请先Google错误信息：Unable to connect to any of the specified MySQL hosts.. 
【异常类型】：SqlSugarException 
【异常信息】：English Message : Connection open error . Unable to connect to any of the specified MySQL hosts.
Chinese Message :  连接数据库过程中发生错误，检查服务器是否正常连接字符串是否正确，实在找不到原因请先Google错误信息：Unable to connect to any of the specified MySQL hosts.. 
【堆栈调用】：   at SqlSugar.AdoProvider.GetDataReaderAsync(String sql, SugarParameter[] parameters)
   at SqlSugar.QueryableProvider`1.GetDataAsync[TResult](KeyValuePair`2 sqlObj)
   at SqlSugar.QueryableProvider`1._ToListAsync[TResult]()
   at Funeral.Core.Repository.Base.BaseRepository`1.Query(Expression`1 whereExpression) in D:\Projects\Funeral.Core\Funeral.Core\Funeral.Core.Repository\BASE\BaseRepository.cs:line 276
   at Funeral.Core.Services.BASE.BaseServices`1.Query(Expression`1 whereExpression) in D:\Projects\Funeral.Core\Funeral.Core\Funeral.Core.Services\BASE\BaseServices.cs:line 161
   at Funeral.Core.AOP.InternalAsyncHelper.AwaitTaskWithPostActionAndFinallyAndGetResult[T](Task`1 actualReturnValue, Func`2 postAction, Action`1 finalAction) in D:\Projects\Funeral.Core\Funeral.Core\Funeral.Core\AOP\FuneralLogAOP.cs:line 195
   at Funeral.Core.Controllers.PermissionController.GetNavigationBar(Int32 uid) in D:\Projects\Funeral.Core\Funeral.Core\Funeral.Core\Controllers\PermissionController.cs:line 724
   at lambda_method(Closure , Object )
   at Microsoft.Extensions.Internal.ObjectMethodExecutorAwaitable.Awaiter.GetResult()
   at Microsoft.AspNetCore.Mvc.Infrastructure.ActionMethodExecutor.AwaitableObjectResultExecutor.Execute(IActionResultTypeMapper mapper, ObjectMethodExecutor executor, Object controller, Object[] arguments)
   at Microsoft.AspNetCore.Mvc.Infrastructure.ControllerActionInvoker.<InvokeActionMethodAsync>g__Awaited|12_0(ControllerActionInvoker invoker, ValueTask`1 actionResultValueTask)
   at Microsoft.AspNetCore.Mvc.Infrastructure.ControllerActionInvoker.<InvokeNextActionFilterAsync>g__Awaited|10_0(ControllerActionInvoker invoker, Task lastTask, State next, Scope scope, Object state, Boolean isCompleted)
   at Microsoft.AspNetCore.Mvc.Infrastructure.ControllerActionInvoker.Rethrow(ActionExecutedContextSealed context)
   at Microsoft.AspNetCore.Mvc.Infrastructure.ControllerActionInvoker.Next(State& next, Scope& scope, Object& state, Boolean& isCompleted)
   at Microsoft.AspNetCore.Mvc.Infrastructure.ControllerActionInvoker.InvokeInnerFilterAsync()
--- End of stack trace from previous location where exception was thrown ---
   at Microsoft.AspNetCore.Mvc.Infrastructure.ResourceInvoker.<InvokeNextExceptionFilterAsync>g__Awaited|25_0(ResourceInvoker invoker, Task lastTask, State next, Scope scope, Object state, Boolean isCompleted)
--------------------------------
2020-07-06 10:15:02,352| ERROR 
An exception was thrown while activating Funeral.Core.Services.AchBtnServices.
【自定义错误】：An exception was thrown while activating Funeral.Core.Services.AchBtnServices. 
【异常类型】：DependencyResolutionException 
【异常信息】：An exception was thrown while activating Funeral.Core.Services.AchBtnServices. 
【堆栈调用】：   at Autofac.Core.Resolving.InstanceLookup.CreateInstance(IEnumerable`1 parameters)
   at Autofac.Core.Resolving.InstanceLookup.Execute()
   at Autofac.Core.Resolving.ResolveOperation.GetOrCreateInstance(ISharingLifetimeScope currentOperationScope, ResolveRequest request)
   at Autofac.Core.Resolving.ResolveOperation.Execute(ResolveRequest request)
   at Autofac.ResolutionExtensions.TryResolveService(IComponentContext context, Service service, IEnumerable`1 parameters, Object& instance)
   at Autofac.ResolutionExtensions.ResolveOptionalService(IComponentContext context, Service service, IEnumerable`1 parameters)
   at Microsoft.Extensions.DependencyInjection.ActivatorUtilities.GetService(IServiceProvider sp, Type type, Type requiredBy, Boolean isDefaultParameterRequired)
   at lambda_method(Closure , IServiceProvider , Object[] )
   at Microsoft.AspNetCore.Mvc.Controllers.ControllerActivatorProvider.<>c__DisplayClass4_0.<CreateActivator>b__0(ControllerContext controllerContext)
   at Microsoft.AspNetCore.Mvc.Controllers.ControllerFactoryProvider.<>c__DisplayClass5_0.<CreateControllerFactory>g__CreateController|0(ControllerContext controllerContext)
   at Microsoft.AspNetCore.Mvc.Infrastructure.ControllerActionInvoker.Next(State& next, Scope& scope, Object& state, Boolean& isCompleted)
   at Microsoft.AspNetCore.Mvc.Infrastructure.ControllerActionInvoker.InvokeInnerFilterAsync()
--- End of stack trace from previous location where exception was thrown ---
   at Microsoft.AspNetCore.Mvc.Infrastructure.ResourceInvoker.<InvokeNextExceptionFilterAsync>g__Awaited|25_0(ResourceInvoker invoker, Task lastTask, State next, Scope scope, Object state, Boolean isCompleted)
--------------------------------
2020-07-06 10:22:21,477| ERROR 
Unknown column 'BtnFunId' in 'field list'
【自定义错误】：Unknown column 'BtnFunId' in 'field list' 
【异常类型】：MySqlException 
【异常信息】：Unknown column 'BtnFunId' in 'field list' 
【堆栈调用】：   at SqlSugar.AdoProvider.GetDataReaderAsync(String sql, SugarParameter[] parameters)
   at SqlSugar.QueryableProvider`1.GetDataAsync[TResult](KeyValuePair`2 sqlObj)
   at SqlSugar.QueryableProvider`1._ToListAsync[TResult]()
   at Funeral.Core.Repository.Base.BaseRepository`1.Query(Expression`1 whereExpression) in D:\Projects\Funeral.Core\Funeral.Core\Funeral.Core.Repository\BASE\BaseRepository.cs:line 276
   at Funeral.Core.Services.BASE.BaseServices`1.Query(Expression`1 whereExpression) in D:\Projects\Funeral.Core\Funeral.Core\Funeral.Core.Services\BASE\BaseServices.cs:line 161
   at Funeral.Core.AOP.InternalAsyncHelper.AwaitTaskWithPostActionAndFinallyAndGetResult[T](Task`1 actualReturnValue, Func`2 postAction, Action`1 finalAction) in D:\Projects\Funeral.Core\Funeral.Core\Funeral.Core\AOP\FuneralLogAOP.cs:line 195
   at Funeral.Core.Controllers.AchPermissionController.GetNavigationBarConfiguar(Int32 id) in D:\Projects\Funeral.Core\Funeral.Core\Funeral.Core\Controllers\Ach\AchPermissionController.cs:line 81
   at lambda_method(Closure , Object )
   at Microsoft.Extensions.Internal.ObjectMethodExecutorAwaitable.Awaiter.GetResult()
   at Microsoft.AspNetCore.Mvc.Infrastructure.ActionMethodExecutor.AwaitableObjectResultExecutor.Execute(IActionResultTypeMapper mapper, ObjectMethodExecutor executor, Object controller, Object[] arguments)
   at Microsoft.AspNetCore.Mvc.Infrastructure.ControllerActionInvoker.<InvokeActionMethodAsync>g__Awaited|12_0(ControllerActionInvoker invoker, ValueTask`1 actionResultValueTask)
   at Microsoft.AspNetCore.Mvc.Infrastructure.ControllerActionInvoker.<InvokeNextActionFilterAsync>g__Awaited|10_0(ControllerActionInvoker invoker, Task lastTask, State next, Scope scope, Object state, Boolean isCompleted)
   at Microsoft.AspNetCore.Mvc.Infrastructure.ControllerActionInvoker.Rethrow(ActionExecutedContextSealed context)
   at Microsoft.AspNetCore.Mvc.Infrastructure.ControllerActionInvoker.Next(State& next, Scope& scope, Object& state, Boolean& isCompleted)
   at Microsoft.AspNetCore.Mvc.Infrastructure.ControllerActionInvoker.InvokeInnerFilterAsync()
--- End of stack trace from previous location where exception was thrown ---
   at Microsoft.AspNetCore.Mvc.Infrastructure.ResourceInvoker.<InvokeNextExceptionFilterAsync>g__Awaited|25_0(ResourceInvoker invoker, Task lastTask, State next, Scope scope, Object state, Boolean isCompleted)
--------------------------------
