2020-06-19 09:08:01,957| ERROR 
An error was reported when starting the job service.
One or more errors occurred. (Could not load file or assembly 'Blog.Core.Tasks, Culture=neutral, PublicKeyToken=null'. 系统找不到指定的文件。)
--------------------------------
2020-06-19 09:08:02,061| FATAL 
Application startup exception
--------------------------------
System.AggregateException: One or more errors occurred. (Could not load file or assembly 'Blog.Core.Tasks, Culture=neutral, PublicKeyToken=null'. 系统找不到指定的文件。)
 ---> System.IO.FileNotFoundException: Could not load file or assembly 'Blog.Core.Tasks, Culture=neutral, PublicKeyToken=null'. 系统找不到指定的文件。
File name: 'Blog.Core.Tasks, Culture=neutral, PublicKeyToken=null'
   at Blog.Core.Tasks.SchedulerCenterServer.AddScheduleJobAsync(TasksQz tasksQz) in D:\旧文件\TestPro\新建文件夹\Blog.Core-master\Blog.Core.Tasks\QuartzNet\SchedulerCenterServer.cs:line 188


   --- End of inner exception stack trace ---
   at System.Threading.Tasks.Task.ThrowIfExceptional(Boolean includeTaskCanceledExceptions)
   at System.Threading.Tasks.Task`1.GetResultCore(Boolean waitCompletionNotification)
   at System.Threading.Tasks.Task`1.get_Result()
   at Blog.Core.Extensions.QuartzJobMildd.UseQuartzJobMildd(IApplicationBuilder app, ITasksQzServices tasksQzServices, ISchedulerCenter schedulerCenter) in D:\旧文件\TestPro\新建文件夹\Blog.Core-master\Blog.Core\Middlewares\QuartzJobMildd.cs:line 30
   at Blog.Core.Startup.Configure(IApplicationBuilder app, IWebHostEnvironment env, MyContext myContext, ITasksQzServices tasksQzServices, ISchedulerCenter schedulerCenter, IHostApplicationLifetime lifetime) in D:\旧文件\TestPro\新建文件夹\Blog.Core-master\Blog.Core\Startup.cs:line 172
   at System.RuntimeMethodHandle.InvokeMethod(Object target, Object[] arguments, Signature sig, Boolean constructor, Boolean wrapExceptions)
   at System.Reflection.RuntimeMethodInfo.Invoke(Object obj, BindingFlags invokeAttr, Binder binder, Object[] parameters, CultureInfo culture)
   at Microsoft.AspNetCore.Hosting.ConfigureBuilder.Invoke(Object instance, IApplicationBuilder builder)
   at Microsoft.AspNetCore.Hosting.ConfigureBuilder.<>c__DisplayClass4_0.<Build>b__0(IApplicationBuilder builder)
   at Microsoft.AspNetCore.Hosting.GenericWebHostBuilder.<>c__DisplayClass13_0.<UseStartup>b__2(IApplicationBuilder app)
   at Microsoft.AspNetCore.Mvc.Filters.MiddlewareFilterBuilderStartupFilter.<>c__DisplayClass0_0.<Configure>g__MiddlewareFilterBuilder|0(IApplicationBuilder builder)
   at Microsoft.AspNetCore.HostFilteringStartupFilter.<>c__DisplayClass0_0.<Configure>b__0(IApplicationBuilder app)
   at Microsoft.AspNetCore.Hosting.GenericWebHostService.StartAsync(CancellationToken cancellationToken)
2020-06-19 09:44:53,605| ERROR 
An error was reported when starting the job service.
One or more errors occurred. (Could not load file or assembly 'Blog.Core.Tasks, Culture=neutral, PublicKeyToken=null'. 系统找不到指定的文件。)
--------------------------------
2020-06-19 09:44:53,695| FATAL 
Application startup exception
--------------------------------
System.AggregateException: One or more errors occurred. (Could not load file or assembly 'Blog.Core.Tasks, Culture=neutral, PublicKeyToken=null'. 系统找不到指定的文件。)
 ---> System.IO.FileNotFoundException: Could not load file or assembly 'Blog.Core.Tasks, Culture=neutral, PublicKeyToken=null'. 系统找不到指定的文件。
File name: 'Blog.Core.Tasks, Culture=neutral, PublicKeyToken=null'
   at Blog.Core.Tasks.SchedulerCenterServer.AddScheduleJobAsync(TasksQz tasksQz) in D:\旧文件\TestPro\新建文件夹\Blog.Core-master\Blog.Core.Tasks\QuartzNet\SchedulerCenterServer.cs:line 188


   --- End of inner exception stack trace ---
   at System.Threading.Tasks.Task.ThrowIfExceptional(Boolean includeTaskCanceledExceptions)
   at System.Threading.Tasks.Task`1.GetResultCore(Boolean waitCompletionNotification)
   at System.Threading.Tasks.Task`1.get_Result()
   at Blog.Core.Extensions.QuartzJobMildd.UseQuartzJobMildd(IApplicationBuilder app, ITasksQzServices tasksQzServices, ISchedulerCenter schedulerCenter) in D:\旧文件\TestPro\新建文件夹\Blog.Core-master\Blog.Core\Middlewares\QuartzJobMildd.cs:line 31
   at Blog.Core.Startup.Configure(IApplicationBuilder app, IWebHostEnvironment env, MyContext myContext, ITasksQzServices tasksQzServices, ISchedulerCenter schedulerCenter, IHostApplicationLifetime lifetime) in D:\旧文件\TestPro\新建文件夹\Blog.Core-master\Blog.Core\Startup.cs:line 173
   at System.RuntimeMethodHandle.InvokeMethod(Object target, Object[] arguments, Signature sig, Boolean constructor, Boolean wrapExceptions)
   at System.Reflection.RuntimeMethodInfo.Invoke(Object obj, BindingFlags invokeAttr, Binder binder, Object[] parameters, CultureInfo culture)
   at Microsoft.AspNetCore.Hosting.ConfigureBuilder.Invoke(Object instance, IApplicationBuilder builder)
   at Microsoft.AspNetCore.Hosting.ConfigureBuilder.<>c__DisplayClass4_0.<Build>b__0(IApplicationBuilder builder)
   at Microsoft.AspNetCore.Hosting.GenericWebHostBuilder.<>c__DisplayClass13_0.<UseStartup>b__2(IApplicationBuilder app)
   at Microsoft.AspNetCore.Mvc.Filters.MiddlewareFilterBuilderStartupFilter.<>c__DisplayClass0_0.<Configure>g__MiddlewareFilterBuilder|0(IApplicationBuilder builder)
   at Microsoft.AspNetCore.HostFilteringStartupFilter.<>c__DisplayClass0_0.<Configure>b__0(IApplicationBuilder app)
   at Microsoft.AspNetCore.Hosting.GenericWebHostService.StartAsync(CancellationToken cancellationToken)
2020-06-19 10:16:14,867| ERROR 
An error was reported when starting the job service.
One or more errors occurred. (Could not load file or assembly 'Blog.Core.Tasks, Culture=neutral, PublicKeyToken=null'. 系统找不到指定的文件。)
--------------------------------
2020-06-19 10:16:14,948| FATAL 
Application startup exception
--------------------------------
System.AggregateException: One or more errors occurred. (Could not load file or assembly 'Blog.Core.Tasks, Culture=neutral, PublicKeyToken=null'. 系统找不到指定的文件。)
 ---> System.IO.FileNotFoundException: Could not load file or assembly 'Blog.Core.Tasks, Culture=neutral, PublicKeyToken=null'. 系统找不到指定的文件。
File name: 'Blog.Core.Tasks, Culture=neutral, PublicKeyToken=null'
   at Funeral.Core.Tasks.SchedulerCenterServer.AddScheduleJobAsync(TasksQz tasksQz) in D:\旧文件\TestPro\新建文件夹\Blog.Core-master\Funeral.Core.Tasks\QuartzNet\SchedulerCenterServer.cs:line 188


   --- End of inner exception stack trace ---
   at System.Threading.Tasks.Task.ThrowIfExceptional(Boolean includeTaskCanceledExceptions)
   at System.Threading.Tasks.Task`1.GetResultCore(Boolean waitCompletionNotification)
   at System.Threading.Tasks.Task`1.get_Result()
   at Blog.Core.Extensions.QuartzJobMildd.UseQuartzJobMildd(IApplicationBuilder app, ITasksQzServices tasksQzServices, ISchedulerCenter schedulerCenter) in D:\旧文件\TestPro\新建文件夹\Blog.Core-master\Blog.Core\Middlewares\QuartzJobMildd.cs:line 31
   at Blog.Core.Startup.Configure(IApplicationBuilder app, IWebHostEnvironment env, MyContext myContext, ITasksQzServices tasksQzServices, ISchedulerCenter schedulerCenter, IHostApplicationLifetime lifetime) in D:\旧文件\TestPro\新建文件夹\Blog.Core-master\Blog.Core\Startup.cs:line 173
   at System.RuntimeMethodHandle.InvokeMethod(Object target, Object[] arguments, Signature sig, Boolean constructor, Boolean wrapExceptions)
   at System.Reflection.RuntimeMethodInfo.Invoke(Object obj, BindingFlags invokeAttr, Binder binder, Object[] parameters, CultureInfo culture)
   at Microsoft.AspNetCore.Hosting.ConfigureBuilder.Invoke(Object instance, IApplicationBuilder builder)
   at Microsoft.AspNetCore.Hosting.ConfigureBuilder.<>c__DisplayClass4_0.<Build>b__0(IApplicationBuilder builder)
   at Microsoft.AspNetCore.Hosting.GenericWebHostBuilder.<>c__DisplayClass13_0.<UseStartup>b__2(IApplicationBuilder app)
   at Microsoft.AspNetCore.Mvc.Filters.MiddlewareFilterBuilderStartupFilter.<>c__DisplayClass0_0.<Configure>g__MiddlewareFilterBuilder|0(IApplicationBuilder builder)
   at Microsoft.AspNetCore.HostFilteringStartupFilter.<>c__DisplayClass0_0.<Configure>b__0(IApplicationBuilder app)
   at Microsoft.AspNetCore.Hosting.GenericWebHostService.StartAsync(CancellationToken cancellationToken)
2020-06-19 10:17:27,479| ERROR 
An error was reported when starting the job service.
One or more errors occurred. (Could not load file or assembly 'Blog.Core.Tasks, Culture=neutral, PublicKeyToken=null'. 系统找不到指定的文件。)
--------------------------------
2020-06-19 10:17:27,556| FATAL 
Application startup exception
--------------------------------
System.AggregateException: One or more errors occurred. (Could not load file or assembly 'Blog.Core.Tasks, Culture=neutral, PublicKeyToken=null'. 系统找不到指定的文件。)
 ---> System.IO.FileNotFoundException: Could not load file or assembly 'Blog.Core.Tasks, Culture=neutral, PublicKeyToken=null'. 系统找不到指定的文件。
File name: 'Blog.Core.Tasks, Culture=neutral, PublicKeyToken=null'
   at Funeral.Core.Tasks.SchedulerCenterServer.AddScheduleJobAsync(TasksQz tasksQz) in D:\旧文件\TestPro\新建文件夹\Blog.Core-master\Funeral.Core.Tasks\QuartzNet\SchedulerCenterServer.cs:line 188


   --- End of inner exception stack trace ---
   at System.Threading.Tasks.Task.ThrowIfExceptional(Boolean includeTaskCanceledExceptions)
   at System.Threading.Tasks.Task`1.GetResultCore(Boolean waitCompletionNotification)
   at System.Threading.Tasks.Task`1.get_Result()
   at Blog.Core.Extensions.QuartzJobMildd.UseQuartzJobMildd(IApplicationBuilder app, ITasksQzServices tasksQzServices, ISchedulerCenter schedulerCenter) in D:\旧文件\TestPro\新建文件夹\Blog.Core-master\Blog.Core\Middlewares\QuartzJobMildd.cs:line 31
   at Blog.Core.Startup.Configure(IApplicationBuilder app, IWebHostEnvironment env, MyContext myContext, ITasksQzServices tasksQzServices, ISchedulerCenter schedulerCenter, IHostApplicationLifetime lifetime) in D:\旧文件\TestPro\新建文件夹\Blog.Core-master\Blog.Core\Startup.cs:line 173
   at System.RuntimeMethodHandle.InvokeMethod(Object target, Object[] arguments, Signature sig, Boolean constructor, Boolean wrapExceptions)
   at System.Reflection.RuntimeMethodInfo.Invoke(Object obj, BindingFlags invokeAttr, Binder binder, Object[] parameters, CultureInfo culture)
   at Microsoft.AspNetCore.Hosting.ConfigureBuilder.Invoke(Object instance, IApplicationBuilder builder)
   at Microsoft.AspNetCore.Hosting.ConfigureBuilder.<>c__DisplayClass4_0.<Build>b__0(IApplicationBuilder builder)
   at Microsoft.AspNetCore.Hosting.GenericWebHostBuilder.<>c__DisplayClass13_0.<UseStartup>b__2(IApplicationBuilder app)
   at Microsoft.AspNetCore.Mvc.Filters.MiddlewareFilterBuilderStartupFilter.<>c__DisplayClass0_0.<Configure>g__MiddlewareFilterBuilder|0(IApplicationBuilder builder)
   at Microsoft.AspNetCore.HostFilteringStartupFilter.<>c__DisplayClass0_0.<Configure>b__0(IApplicationBuilder app)
   at Microsoft.AspNetCore.Hosting.GenericWebHostService.StartAsync(CancellationToken cancellationToken)
2020-06-19 10:19:00,713| ERROR 
An error was reported when starting the job service.
One or more errors occurred. (Could not load file or assembly 'Blog.Core.Tasks, Culture=neutral, PublicKeyToken=null'. 系统找不到指定的文件。)
--------------------------------
2020-06-19 10:19:00,792| FATAL 
Application startup exception
--------------------------------
System.AggregateException: One or more errors occurred. (Could not load file or assembly 'Blog.Core.Tasks, Culture=neutral, PublicKeyToken=null'. 系统找不到指定的文件。)
 ---> System.IO.FileNotFoundException: Could not load file or assembly 'Blog.Core.Tasks, Culture=neutral, PublicKeyToken=null'. 系统找不到指定的文件。
File name: 'Blog.Core.Tasks, Culture=neutral, PublicKeyToken=null'
   at Funeral.Core.Tasks.SchedulerCenterServer.AddScheduleJobAsync(TasksQz tasksQz) in D:\旧文件\TestPro\新建文件夹\Blog.Core-master\Funeral.Core.Tasks\QuartzNet\SchedulerCenterServer.cs:line 188


   --- End of inner exception stack trace ---
   at System.Threading.Tasks.Task.ThrowIfExceptional(Boolean includeTaskCanceledExceptions)
   at System.Threading.Tasks.Task`1.GetResultCore(Boolean waitCompletionNotification)
   at System.Threading.Tasks.Task`1.get_Result()
   at Blog.Core.Extensions.QuartzJobMildd.UseQuartzJobMildd(IApplicationBuilder app, ITasksQzServices tasksQzServices, ISchedulerCenter schedulerCenter) in D:\旧文件\TestPro\新建文件夹\Blog.Core-master\Blog.Core\Middlewares\QuartzJobMildd.cs:line 31
   at Blog.Core.Startup.Configure(IApplicationBuilder app, IWebHostEnvironment env, MyContext myContext, ITasksQzServices tasksQzServices, ISchedulerCenter schedulerCenter, IHostApplicationLifetime lifetime) in D:\旧文件\TestPro\新建文件夹\Blog.Core-master\Blog.Core\Startup.cs:line 173
   at System.RuntimeMethodHandle.InvokeMethod(Object target, Object[] arguments, Signature sig, Boolean constructor, Boolean wrapExceptions)
   at System.Reflection.RuntimeMethodInfo.Invoke(Object obj, BindingFlags invokeAttr, Binder binder, Object[] parameters, CultureInfo culture)
   at Microsoft.AspNetCore.Hosting.ConfigureBuilder.Invoke(Object instance, IApplicationBuilder builder)
   at Microsoft.AspNetCore.Hosting.ConfigureBuilder.<>c__DisplayClass4_0.<Build>b__0(IApplicationBuilder builder)
   at Microsoft.AspNetCore.Hosting.GenericWebHostBuilder.<>c__DisplayClass13_0.<UseStartup>b__2(IApplicationBuilder app)
   at Microsoft.AspNetCore.Mvc.Filters.MiddlewareFilterBuilderStartupFilter.<>c__DisplayClass0_0.<Configure>g__MiddlewareFilterBuilder|0(IApplicationBuilder builder)
   at Microsoft.AspNetCore.HostFilteringStartupFilter.<>c__DisplayClass0_0.<Configure>b__0(IApplicationBuilder app)
   at Microsoft.AspNetCore.Hosting.GenericWebHostService.StartAsync(CancellationToken cancellationToken)
2020-06-19 10:20:35,619| ERROR 
An error was reported when starting the job service.
One or more errors occurred. (Could not load file or assembly 'Blog.Core.Tasks, Culture=neutral, PublicKeyToken=null'. 系统找不到指定的文件。)
--------------------------------
2020-06-19 10:20:35,700| FATAL 
Application startup exception
--------------------------------
System.AggregateException: One or more errors occurred. (Could not load file or assembly 'Blog.Core.Tasks, Culture=neutral, PublicKeyToken=null'. 系统找不到指定的文件。)
 ---> System.IO.FileNotFoundException: Could not load file or assembly 'Blog.Core.Tasks, Culture=neutral, PublicKeyToken=null'. 系统找不到指定的文件。
File name: 'Blog.Core.Tasks, Culture=neutral, PublicKeyToken=null'
   at Funeral.Core.Tasks.SchedulerCenterServer.AddScheduleJobAsync(TasksQz tasksQz) in D:\旧文件\TestPro\新建文件夹\Blog.Core-master\Funeral.Core.Tasks\QuartzNet\SchedulerCenterServer.cs:line 188


   --- End of inner exception stack trace ---
   at System.Threading.Tasks.Task.ThrowIfExceptional(Boolean includeTaskCanceledExceptions)
   at System.Threading.Tasks.Task`1.GetResultCore(Boolean waitCompletionNotification)
   at System.Threading.Tasks.Task`1.get_Result()
   at Blog.Core.Extensions.QuartzJobMildd.UseQuartzJobMildd(IApplicationBuilder app, ITasksQzServices tasksQzServices, ISchedulerCenter schedulerCenter) in D:\旧文件\TestPro\新建文件夹\Blog.Core-master\Blog.Core\Middlewares\QuartzJobMildd.cs:line 31
   at Blog.Core.Startup.Configure(IApplicationBuilder app, IWebHostEnvironment env, MyContext myContext, ITasksQzServices tasksQzServices, ISchedulerCenter schedulerCenter, IHostApplicationLifetime lifetime) in D:\旧文件\TestPro\新建文件夹\Blog.Core-master\Blog.Core\Startup.cs:line 173
   at System.RuntimeMethodHandle.InvokeMethod(Object target, Object[] arguments, Signature sig, Boolean constructor, Boolean wrapExceptions)
   at System.Reflection.RuntimeMethodInfo.Invoke(Object obj, BindingFlags invokeAttr, Binder binder, Object[] parameters, CultureInfo culture)
   at Microsoft.AspNetCore.Hosting.ConfigureBuilder.Invoke(Object instance, IApplicationBuilder builder)
   at Microsoft.AspNetCore.Hosting.ConfigureBuilder.<>c__DisplayClass4_0.<Build>b__0(IApplicationBuilder builder)
   at Microsoft.AspNetCore.Hosting.GenericWebHostBuilder.<>c__DisplayClass13_0.<UseStartup>b__2(IApplicationBuilder app)
   at Microsoft.AspNetCore.Mvc.Filters.MiddlewareFilterBuilderStartupFilter.<>c__DisplayClass0_0.<Configure>g__MiddlewareFilterBuilder|0(IApplicationBuilder builder)
   at Microsoft.AspNetCore.HostFilteringStartupFilter.<>c__DisplayClass0_0.<Configure>b__0(IApplicationBuilder app)
   at Microsoft.AspNetCore.Hosting.GenericWebHostService.StartAsync(CancellationToken cancellationToken)
2020-06-19 10:49:01,562| ERROR 
index.html的属性，必须设置为嵌入的资源
--------------------------------
2020-06-19 10:49:01,670| FATAL 
Application startup exception
--------------------------------
System.Exception: index.html的属性，必须设置为嵌入的资源
   at Funeral.Core.Extensions.SwaggerMildd.<>c__DisplayClass1_0.<UseSwaggerMildd>b__0(SwaggerUIOptions c) in D:\旧文件\TestPro\新建文件夹\Blog.Core-master\Funeral.Core\Middlewares\SwaggerMildd.cs:line 38
   at Microsoft.AspNetCore.Builder.SwaggerUIBuilderExtensions.UseSwaggerUI(IApplicationBuilder app, Action`1 setupAction)
   at Funeral.Core.Extensions.SwaggerMildd.UseSwaggerMildd(IApplicationBuilder app, Func`1 streamHtml) in D:\旧文件\TestPro\新建文件夹\Blog.Core-master\Funeral.Core\Middlewares\SwaggerMildd.cs:line 22
   at Funeral.Core.Startup.Configure(IApplicationBuilder app, IWebHostEnvironment env, MyContext myContext, ITasksQzServices tasksQzServices, ISchedulerCenter schedulerCenter, IHostApplicationLifetime lifetime) in D:\旧文件\TestPro\新建文件夹\Blog.Core-master\Funeral.Core\Startup.cs:line 134
   at System.RuntimeMethodHandle.InvokeMethod(Object target, Object[] arguments, Signature sig, Boolean constructor, Boolean wrapExceptions)
   at System.Reflection.RuntimeMethodInfo.Invoke(Object obj, BindingFlags invokeAttr, Binder binder, Object[] parameters, CultureInfo culture)
   at Microsoft.AspNetCore.Hosting.ConfigureBuilder.Invoke(Object instance, IApplicationBuilder builder)
   at Microsoft.AspNetCore.Hosting.ConfigureBuilder.<>c__DisplayClass4_0.<Build>b__0(IApplicationBuilder builder)
   at Microsoft.AspNetCore.Hosting.GenericWebHostBuilder.<>c__DisplayClass13_0.<UseStartup>b__2(IApplicationBuilder app)
   at Microsoft.AspNetCore.Mvc.Filters.MiddlewareFilterBuilderStartupFilter.<>c__DisplayClass0_0.<Configure>g__MiddlewareFilterBuilder|0(IApplicationBuilder builder)
   at Microsoft.AspNetCore.HostFilteringStartupFilter.<>c__DisplayClass0_0.<Configure>b__0(IApplicationBuilder app)
   at Microsoft.AspNetCore.Hosting.GenericWebHostService.StartAsync(CancellationToken cancellationToken)
2020-06-19 10:49:55,235| ERROR 
index.html的属性，必须设置为嵌入的资源
--------------------------------
2020-06-19 10:49:55,356| FATAL 
Application startup exception
--------------------------------
System.Exception: index.html的属性，必须设置为嵌入的资源
   at Funeral.Core.Extensions.SwaggerMildd.<>c__DisplayClass1_0.<UseSwaggerMildd>b__0(SwaggerUIOptions c) in D:\旧文件\TestPro\新建文件夹\Blog.Core-master\Funeral.Core\Middlewares\SwaggerMildd.cs:line 38
   at Microsoft.AspNetCore.Builder.SwaggerUIBuilderExtensions.UseSwaggerUI(IApplicationBuilder app, Action`1 setupAction)
   at Funeral.Core.Extensions.SwaggerMildd.UseSwaggerMildd(IApplicationBuilder app, Func`1 streamHtml) in D:\旧文件\TestPro\新建文件夹\Blog.Core-master\Funeral.Core\Middlewares\SwaggerMildd.cs:line 22
   at Funeral.Core.Startup.Configure(IApplicationBuilder app, IWebHostEnvironment env, MyContext myContext, ITasksQzServices tasksQzServices, ISchedulerCenter schedulerCenter, IHostApplicationLifetime lifetime) in D:\旧文件\TestPro\新建文件夹\Blog.Core-master\Funeral.Core\Startup.cs:line 134
   at System.RuntimeMethodHandle.InvokeMethod(Object target, Object[] arguments, Signature sig, Boolean constructor, Boolean wrapExceptions)
   at System.Reflection.RuntimeMethodInfo.Invoke(Object obj, BindingFlags invokeAttr, Binder binder, Object[] parameters, CultureInfo culture)
   at Microsoft.AspNetCore.Hosting.ConfigureBuilder.Invoke(Object instance, IApplicationBuilder builder)
   at Microsoft.AspNetCore.Hosting.ConfigureBuilder.<>c__DisplayClass4_0.<Build>b__0(IApplicationBuilder builder)
   at Microsoft.AspNetCore.Hosting.GenericWebHostBuilder.<>c__DisplayClass13_0.<UseStartup>b__2(IApplicationBuilder app)
   at Microsoft.AspNetCore.Mvc.Filters.MiddlewareFilterBuilderStartupFilter.<>c__DisplayClass0_0.<Configure>g__MiddlewareFilterBuilder|0(IApplicationBuilder builder)
   at Microsoft.AspNetCore.HostFilteringStartupFilter.<>c__DisplayClass0_0.<Configure>b__0(IApplicationBuilder app)
   at Microsoft.AspNetCore.Hosting.GenericWebHostService.StartAsync(CancellationToken cancellationToken)
2020-06-19 10:50:49,712| ERROR 
Funeral.Core.xml和Funeral.Core.Model.xml 丢失，请检查并拷贝。
Could not find file 'D:\旧文件\TestPro\新建文件夹\Blog.Core-master\Funeral.Core\bin\Debug\netcoreapp3.1\Funeral.Core.xml'.
--------------------------------
