2020-06-20 08:58:58,215| ERROR 
An error was reported when starting the job service.
One or more errors occurred. (English Message : Connection open error . Unable to connect to any of the specified MySQL hosts.
Chinese Message :  连接数据库过程中发生错误，检查服务器是否正常连接字符串是否正确，实在找不到原因请先Google错误信息：Unable to connect to any of the specified MySQL hosts..)
--------------------------------
2020-06-20 08:58:58,314| FATAL 
Application startup exception
--------------------------------
System.AggregateException: One or more errors occurred. (English Message : Connection open error . Unable to connect to any of the specified MySQL hosts.
Chinese Message :  连接数据库过程中发生错误，检查服务器是否正常连接字符串是否正确，实在找不到原因请先Google错误信息：Unable to connect to any of the specified MySQL hosts..)
 ---> SqlSugar.SqlSugarException: English Message : Connection open error . Unable to connect to any of the specified MySQL hosts.
Chinese Message :  连接数据库过程中发生错误，检查服务器是否正常连接字符串是否正确，实在找不到原因请先Google错误信息：Unable to connect to any of the specified MySQL hosts..
   at SqlSugar.AdoProvider.GetDataReaderAsync(String sql, SugarParameter[] parameters)
   at SqlSugar.QueryableProvider`1.GetDataAsync[TResult](KeyValuePair`2 sqlObj)
   at SqlSugar.QueryableProvider`1._ToListAsync[TResult]()
   at Funeral.Core.Repository.Base.BaseRepository`1.Query() in D:\旧文件\TestPro\新建文件夹\Blog.Core-master\Funeral.Core.Repository\BASE\BaseRepository.cs:line 247
   at Funeral.Core.Services.BASE.BaseServices`1.Query() in D:\旧文件\TestPro\新建文件夹\Blog.Core-master\Funeral.Core.Services\BASE\BaseServices.cs:line 133
   --- End of inner exception stack trace ---
   at System.Threading.Tasks.Task.ThrowIfExceptional(Boolean includeTaskCanceledExceptions)
   at System.Threading.Tasks.Task`1.GetResultCore(Boolean waitCompletionNotification)
   at System.Threading.Tasks.Task`1.get_Result()
   at Funeral.Core.Extensions.QuartzJobMildd.UseQuartzJobMildd(IApplicationBuilder app, ITasksQzServices tasksQzServices, ISchedulerCenter schedulerCenter) in D:\旧文件\TestPro\新建文件夹\Blog.Core-master\Funeral.Core\Middlewares\QuartzJobMildd.cs:line 26
   at Funeral.Core.Startup.Configure(IApplicationBuilder app, IWebHostEnvironment env, MyContext myContext, ITasksQzServices tasksQzServices, ISchedulerCenter schedulerCenter, IHostApplicationLifetime lifetime) in D:\旧文件\TestPro\新建文件夹\Blog.Core-master\Funeral.Core\Startup.cs:line 172
   at System.RuntimeMethodHandle.InvokeMethod(Object target, Object[] arguments, Signature sig, Boolean constructor, Boolean wrapExceptions)
   at System.Reflection.RuntimeMethodInfo.Invoke(Object obj, BindingFlags invokeAttr, Binder binder, Object[] parameters, CultureInfo culture)
   at Microsoft.AspNetCore.Hosting.ConfigureBuilder.Invoke(Object instance, IApplicationBuilder builder)
   at Microsoft.AspNetCore.Hosting.ConfigureBuilder.<>c__DisplayClass4_0.<Build>b__0(IApplicationBuilder builder)
   at Microsoft.AspNetCore.Hosting.GenericWebHostBuilder.<>c__DisplayClass13_0.<UseStartup>b__2(IApplicationBuilder app)
   at Microsoft.AspNetCore.Mvc.Filters.MiddlewareFilterBuilderStartupFilter.<>c__DisplayClass0_0.<Configure>g__MiddlewareFilterBuilder|0(IApplicationBuilder builder)
   at Microsoft.AspNetCore.HostFilteringStartupFilter.<>c__DisplayClass0_0.<Configure>b__0(IApplicationBuilder app)
   at Microsoft.AspNetCore.Hosting.GenericWebHostService.StartAsync(CancellationToken cancellationToken)
