2020-07-10 09:37:28,795| ERROR 
Funeral.Core.xmlºÍFuneral.Core.Model.xml ¶ªÊ§£¬Çë¼ì²é²¢¿½±´¡£
Could not find file 'D:\Projects\Funeral.Core\Funeral.Core\Funeral.Core\bin\Debug\netcoreapp3.1\Funeral.Core.xml'.
--------------------------------
2020-07-10 09:50:42,801| ERROR 
Funeral.Core.xmlºÍFuneral.Core.Model.xml ¶ªÊ§£¬Çë¼ì²é²¢¿½±´¡£
Could not find file 'D:\Projects\Funeral.Core\Funeral.Core\Funeral.Core\bin\Debug\netcoreapp3.1\Funeral.Core.xml'.
--------------------------------
2020-07-10 10:01:15,351| ERROR 
Funeral.Core.xmlºÍFuneral.Core.Model.xml ¶ªÊ§£¬Çë¼ì²é²¢¿½±´¡£
Could not find file 'D:\Projects\Funeral.Core\Funeral.Core\Funeral.Core\bin\Debug\netcoreapp3.1\Funeral.Core.xml'.
--------------------------------
2020-07-10 13:09:21,344| ERROR 
Funeral.Core.xmlºÍFuneral.Core.Model.xml ¶ªÊ§£¬Çë¼ì²é²¢¿½±´¡£
Could not find file 'D:\Projects\Funeral.Core\Funeral.Core\Funeral.Core\bin\Debug\netcoreapp3.1\Funeral.Core.xml'.
--------------------------------
2020-07-10 17:04:33,903| ERROR 
Funeral.Core.xmlºÍFuneral.Core.Model.xml ¶ªÊ§£¬Çë¼ì²é²¢¿½±´¡£
Could not find file 'D:\Projects\Funeral.Core\Funeral.Core\Funeral.Core\bin\Debug\netcoreapp3.1\Funeral.Core.xml'.
--------------------------------
2020-07-10 17:04:34,431| ERROR 
An unhandled exception has occurred while executing the request.
--------------------------------
System.NotSupportedException: Ambiguous HTTP method for action - Funeral.Core.Controllers.UserController.GetUserId (Funeral.Core). Actions require an explicit HttpMethod binding for Swagger/OpenAPI 3.0
   at Swashbuckle.AspNetCore.SwaggerGen.SwaggerGenerator.GenerateOperations(IEnumerable`1 apiDescriptions, SchemaRepository schemaRepository)
   at Swashbuckle.AspNetCore.SwaggerGen.SwaggerGenerator.GeneratePaths(IEnumerable`1 apiDescriptions, SchemaRepository schemaRepository)
   at Swashbuckle.AspNetCore.SwaggerGen.SwaggerGenerator.GetSwagger(String documentName, String host, String basePath)
   at Swashbuckle.AspNetCore.Swagger.SwaggerMiddleware.Invoke(HttpContext httpContext, ISwaggerProvider swaggerProvider)
   at Microsoft.AspNetCore.Diagnostics.DeveloperExceptionPageMiddleware.Invoke(HttpContext context)
2020-07-10 17:05:42,281| ERROR 
Funeral.Core.xmlºÍFuneral.Core.Model.xml ¶ªÊ§£¬Çë¼ì²é²¢¿½±´¡£
Could not find file 'D:\Projects\Funeral.Core\Funeral.Core\Funeral.Core\bin\Debug\netcoreapp3.1\Funeral.Core.xml'.
--------------------------------
2020-07-10 17:07:11,821| ERROR 
Funeral.Core.xmlºÍFuneral.Core.Model.xml ¶ªÊ§£¬Çë¼ì²é²¢¿½±´¡£
Could not find file 'D:\Projects\Funeral.Core\Funeral.Core\Funeral.Core\bin\Debug\netcoreapp3.1\Funeral.Core.xml'.
--------------------------------
2020-07-10 17:09:30,592| ERROR 
Funeral.Core.xmlºÍFuneral.Core.Model.xml ¶ªÊ§£¬Çë¼ì²é²¢¿½±´¡£
Could not find file 'D:\Projects\Funeral.Core\Funeral.Core\Funeral.Core\bin\Debug\netcoreapp3.1\Funeral.Core.xml'.
--------------------------------
