--------------------------------
2020/7/3 17:55:43|
【当前操作用户】： 
【当前执行方法】：Query 
【携带的参数有】： d => ((d.IsDeleted == Convert(False, Nullable`1)) AndAlso (d.UserId == value(Funeral.Core.Controllers.PermissionController+<>c__DisplayClass20_0).uid)) 
【执行完成结果】：[]
--------------------------------
2020/7/3 17:55:43|
【当前操作用户】： 
【当前执行方法】：Query 
【携带的参数有】：  
【执行完成结果】：[{"Code":"/User","Name":"用户角色管理","IsButton":false,"IsHide":false,"IskeepAlive":false,"Func":"handleSee","Pid":0,"Mid":0,"OrderSort":0,"Icon":null,"Description":null,"Enabled":true,"CreateId":null,"CreateBy":null,"CreateTime":"2020-07-02T09:52:48","ModifyId":null,"ModifyBy":null,"ModifyTime":"2020-07-02T09:52:48","IsDeleted":false,"PidArr":null,"PnameArr":[],"PCodeArr":[],"MName":null,"HasChildren":true,"Id":2},{"Code":"/User/Roles","Name":"角色管理","IsButton":false,"IsHide":false,"IskeepAlive":false,"Func":"handleSee","Pid":2,"Mid":0,"OrderSort":0,"Icon":null,"Description":null,"Enabled":true,"CreateId":null,"CreateBy":null,"CreateTime":"2020-07-02T09:52:54","ModifyId":null,"ModifyBy":null,"ModifyTime":"2020-07-02T09:52:54","IsDeleted":false,"PidArr":null,"PnameArr":[],"PCodeArr":[],"MName":null,"HasChildren":true,"Id":3},{"Code":"/User/Users","Name":"用户管理","IsButton":false,"IsHide":false,"IskeepAlive":false,"Func":"handleSee","Pid":2,"Mid":0,"OrderSort":0,"Icon":null,"Description":null,"Enabled":true,"CreateId":null,"CreateBy":null,"CreateTime":"2020-07-02T09:53:08","ModifyId":null,"ModifyBy":null,"ModifyTime":"2020-07-02T09:53:08","IsDeleted":false,"PidArr":null,"PnameArr":[],"PCodeArr":[],"MName":null,"HasChildren":true,"Id":4},{"Code":"/Permission","Name":"菜单权限管理","IsButton":false,"IsHide":false,"IskeepAlive":false,"Func":null,"Pid":0,"Mid":0,"OrderSort":0,"Icon":"fa-sitemap","Description":null,"Enabled":true,"CreateId":18,"CreateBy":"提bug账号","CreateTime":"2019-01-01T00:00:00","ModifyId":null,"ModifyBy":null,"ModifyTime":"2019-01-01T00:00:00","IsDeleted":false,"PidArr":null,"PnameArr":[],"PCodeArr":[],"MName":null,"HasChildren":true,"Id":5},{"Code":"/Permission/Module","Name":"接口管理","IsButton":false,"IsHide":false,"IskeepAlive":false,"Func":null,"Pid":5,"Mid":13,"OrderSort":0,"Icon":null,"Description":null,"Enabled":true,"CreateId":18,"CreateBy":"提bug账号","CreateTime":"2019-01-01T00:00:00","ModifyId":null,"ModifyBy":null,"ModifyTime":"2019-01-01T00:00:00","IsDeleted":false,"PidArr":null,"PnameArr":[],"PCodeArr":[],"MName":null,"HasChildren":true,"Id":6},{"Code":"/Permission/Permission","Name":"菜单管理","IsButton":false,"IsHide":false,"IskeepAlive":false,"Func":null,"Pid":5,"Mid":17,"OrderSort":0,"Icon":null,"Description":null,"Enabled":true,"CreateId":18,"CreateBy":"提bug账号","CreateTime":"2019-01-01T00:00:00","ModifyId":null,"ModifyBy":null,"ModifyTime":"2019-01-01T00:00:00","IsDeleted":false,"PidArr":null,"PnameArr":[],"PCodeArr":[],"MName":null,"HasChildren":true,"Id":7},{"Code":" ","Name":"查询","IsButton":true,"IsHide":false,"IskeepAlive":false,"Func":"handleSee","Pid":4,"Mid":0,"OrderSort":0,"Icon":null,"Description":null,"Enabled":true,"CreateId":null,"CreateBy":null,"CreateTime":"2020-07-02T09:53:30","ModifyId":null,"ModifyBy":null,"ModifyTime":"2020-07-02T09:53:30","IsDeleted":false,"PidArr":null,"PnameArr":[],"PCodeArr":[],"MName":null,"HasChildren":true,"Id":9},{"Code":" ","Name":"编辑","IsButton":true,"IsHide":false,"IskeepAlive":false,"Func":"handleEdit","Pid":4,"Mid":12,"OrderSort":0,"Icon":null,"Description":"编辑用户","Enabled":true,"CreateId":18,"CreateBy":"提bug账号","CreateTime":"2019-01-01T00:00:00","ModifyId":null,"ModifyBy":null,"ModifyTime":"2019-01-01T00:00:00","IsDeleted":false,"PidArr":null,"PnameArr":[],"PCodeArr":[],"MName":null,"HasChildren":true,"Id":14},{"Code":" ","Name":"删除","IsButton":true,"IsHide":false,"IskeepAlive":false,"Func":"handleDel","Pid":4,"Mid":11,"OrderSort":0,"Icon":null,"Description":"删除用户","Enabled":true,"CreateId":18,"CreateBy":"提bug账号","CreateTime":"2019-01-01T00:00:00","ModifyId":null,"ModifyBy":null,"ModifyTime":"2019-01-01T00:00:00","IsDeleted":false,"PidArr":null,"PnameArr":[],"PCodeArr":[],"MName":null,"HasChildren":true,"Id":15},{"Code":" ","Name":"查询","IsButton":true,"IsHide":false,"IskeepAlive":false,"Func":"handleSee","Pid":3,"Mid":0,"OrderSort":0,"Icon":null,"Description":null,"Enabled":true,"CreateId":null,"CreateBy":null,"CreateTime":"2020-07-02T09:53:40","ModifyId":null,"ModifyBy":null,"ModifyTime":"2020-07-02T09:53:40","IsDeleted":false,"PidArr":null,"PnameArr":[],"PCodeArr":[],"MName":null,"HasChildren":true,"Id":16},{"Code":" ","Name":"新增","IsButton":true,"IsHide":false,"IskeepAlive":false,"Func":"handleAdd","Pid":3,"Mid":25,"OrderSort":0,"Icon":null,"Description":"新增 角色","Enabled":true,"CreateId":18,"CreateBy":"提bug账号","CreateTime":"2019-01-01T00:00:00","ModifyId":null,"ModifyBy":null,"ModifyTime":"2019-01-01T00:00:00","IsDeleted":false,"PidArr":null,"PnameArr":[],"PCodeArr":[],"MName":null,"HasChildren":true,"Id":17},{"Code":" ","Name":"编辑","IsButton":true,"IsHide":false,"IskeepAlive":false,"Func":"handleEdit","Pid":3,"Mid":24,"OrderSort":0,"Icon":null,"Description":"编辑角色","Enabled":true,"CreateId":18,"CreateBy":"提bug账号","CreateTime":"2019-01-01T00:00:00","ModifyId":null,"ModifyBy":null,"ModifyTime":"2019-01-01T00:00:00","IsDeleted":false,"PidArr":null,"PnameArr":[],"PCodeArr":[],"MName":null,"HasChildren":true,"Id":18},{"Code":" ","Name":"删除","IsButton":true,"IsHide":false,"IskeepAlive":false,"Func":"handleDel","Pid":3,"Mid":23,"OrderSort":0,"Icon":null,"Description":"删除角色","Enabled":true,"CreateId":18,"CreateBy":"提bug账号","CreateTime":"2019-01-01T00:00:00","ModifyId":null,"ModifyBy":null,"ModifyTime":"2019-01-01T00:00:00","IsDeleted":false,"PidArr":null,"PnameArr":[],"PCodeArr":[],"MName":null,"HasChildren":true,"Id":19},{"Code":" ","Name":"查询","IsButton":true,"IsHide":false,"IskeepAlive":false,"Func":"handleSee","Pid":6,"Mid":0,"OrderSort":0,"Icon":null,"Description":null,"Enabled":true,"CreateId":null,"CreateBy":null,"CreateTime":"2020-07-02T09:53:55","ModifyId":null,"ModifyBy":null,"ModifyTime":"2020-07-02T09:53:55","IsDeleted":false,"PidArr":null,"PnameArr":[],"PCodeArr":[],"MName":null,"HasChildren":true,"Id":20},{"Code":" ","Name":"新增","IsButton":true,"IsHide":false,"IskeepAlive":false,"Func":"handleAdd","Pid":6,"Mid":16,"OrderSort":0,"Icon":null,"Description":"新增 接口","Enabled":true,"CreateId":18,"CreateBy":"提bug账号","CreateTime":"2019-01-01T00:00:00","ModifyId":null,"ModifyBy":null,"ModifyTime":"2019-01-01T00:00:00","IsDeleted":false,"PidArr":null,"PnameArr":[],"PCodeArr":[],"MName":null,"HasChildren":true,"Id":21},{"Code":" ","Name":"编辑","IsButton":true,"IsHide":false,"IskeepAlive":false,"Func":"handleAdd","Pid":6,"Mid":0,"OrderSort":0,"Icon":null,"Description":null,"Enabled":true,"CreateId":null,"CreateBy":null,"CreateTime":"2020-07-02T09:54:06","ModifyId":null,"ModifyBy":null,"ModifyTime":"2020-07-02T09:54:06","IsDeleted":false,"PidArr":null,"PnameArr":[],"PCodeArr":[],"MName":null,"HasChildren":true,"Id":22},{"Code":" ","Name":"删除","IsButton":true,"IsHide":false,"IskeepAlive":false,"Func":"handleDel","Pid":6,"Mid":14,"OrderSort":0,"Icon":null,"Description":"删除接口","Enabled":true,"CreateId":18,"CreateBy":"提bug账号","CreateTime":"2019-01-01T00:00:00","ModifyId":null,"ModifyBy":null,"ModifyTime":"2019-01-01T00:00:00","IsDeleted":false,"PidArr":null,"PnameArr":[],"PCodeArr":[],"MName":null,"HasChildren":true,"Id":23},{"Code":" ","Name":"查询","IsButton":true,"IsHide":false,"IskeepAlive":false,"Func":"handleSee","Pid":7,"Mid":0,"OrderSort":0,"Icon":null,"Description":null,"Enabled":true,"CreateId":null,"CreateBy":null,"CreateTime":"2020-07-02T09:54:17","ModifyId":null,"ModifyBy":null,"ModifyTime":"2020-07-02T09:54:17","IsDeleted":false,"PidArr":null,"PnameArr":[],"PCodeArr":[],"MName":null,"HasChildren":true,"Id":24},{"Code":" ","Name":"新增","IsButton":true,"IsHide":false,"IskeepAlive":false,"Func":"handleAdd","Pid":7,"Mid":20,"OrderSort":0,"Icon":null,"Description":"新增菜单","Enabled":true,"CreateId":18,"CreateBy":"提bug账号","CreateTime":"2019-01-01T00:00:00","ModifyId":null,"ModifyBy":null,"ModifyTime":"2019-01-01T00:00:00","IsDeleted":false,"PidArr":null,"PnameArr":[],"PCodeArr":[],"MName":null,"HasChildren":true,"Id":25},{"Code":" ","Name":"编辑","IsButton":true,"IsHide":false,"IskeepAlive":false,"Func":"handleEdit","Pid":7,"Mid":19,"OrderSort":0,"Icon":null,"Description":"编辑菜单","Enabled":true,"CreateId":18,"CreateBy":"提bug账号","CreateTime":"2019-01-01T00:00:00","ModifyId":null,"ModifyBy":null,"ModifyTime":"2019-01-01T00:00:00","IsDeleted":false,"PidArr":null,"PnameArr":[],"PCodeArr":[],"MName":null,"HasChildren":true,"Id":26},{"Code":" ","Name":"删除","IsButton":true,"IsHide":false,"IskeepAlive":false,"Func":"handleDel","Pid":7,"Mid":18,"OrderSort":0,"Icon":null,"Description":"删除 菜单","Enabled":true,"CreateId":18,"CreateBy":"提bug账号","CreateTime":"2019-01-01T00:00:00","ModifyId":null,"ModifyBy":null,"ModifyTime":"2019-01-01T00:00:00","IsDeleted":false,"PidArr":null,"PnameArr":[],"PCodeArr":[],"MName":null,"HasChildren":true,"Id":27},{"Code":" ","Name":"菜单树","IsButton":true,"IsHide":true,"IskeepAlive":false,"Func":null,"Pid":7,"Mid":21,"OrderSort":0,"Icon":null,"Description":null,"Enabled":true,"CreateId":23,"CreateBy":"后台总管理员","CreateTime":"2019-01-01T00:00:00","ModifyId":null,"ModifyBy":null,"ModifyTime":"2019-01-01T00:00:00","IsDeleted":false,"PidArr":null,"PnameArr":[],"PCodeArr":[],"MName":null,"HasChildren":true,"Id":33},{"Code":"/Permission/Assign","Name":"权限分配","IsButton":false,"IsHide":true,"IskeepAlive":false,"Func":"handleSee","Pid":5,"Mid":0,"OrderSort":0,"Icon":null,"Description":null,"Enabled":true,"CreateId":null,"CreateBy":null,"CreateTime":"2020-07-02T10:16:37","ModifyId":null,"ModifyBy":null,"ModifyTime":"2020-07-02T10:16:37","IsDeleted":false,"PidArr":null,"PnameArr":[],"PCodeArr":[],"MName":null,"HasChildren":true,"Id":34},{"Code":" ","Name":"保存权限","IsButton":true,"IsHide":false,"IskeepAlive":false,"Func":null,"Pid":34,"Mid":28,"OrderSort":0,"Icon":null,"Description":null,"Enabled":true,"CreateId":23,"CreateBy":"后台总管理员","CreateTime":"2019-01-01T00:00:00","ModifyId":null,"ModifyBy":null,"ModifyTime":"2019-01-01T00:00:00","IsDeleted":false,"PidArr":null,"PnameArr":[],"PCodeArr":[],"MName":null,"HasChildren":true,"Id":35},{"Code":"/User/Tenans","Name":"客户管理","IsButton":false,"IsHide":false,"IskeepAlive":false,"Func":null,"Pid":2,"Mid":0,"OrderSort":0,"Icon":"","Description":"","Enabled":true,"CreateId":12,"CreateBy":"blogadmin","CreateTime":"2020-06-18T00:00:00","ModifyId":null,"ModifyBy":null,"ModifyTime":"2020-06-19T00:00:00","IsDeleted":false,"PidArr":null,"PnameArr":[],"PCodeArr":[],"MName":null,"HasChildren":true,"Id":128},{"Code":"/Permission/Tenan","Name":"菜单分配","IsButton":false,"IsHide":false,"IskeepAlive":false,"Func":null,"Pid":5,"Mid":0,"OrderSort":0,"Icon":null,"Description":null,"Enabled":true,"CreateId":23,"CreateBy":"后台总管理员","CreateTime":"2019-01-01T00:00:00","ModifyId":null,"ModifyBy":null,"ModifyTime":"2019-01-01T00:00:00","IsDeleted":false,"PidArr":null,"PnameArr":[],"PCodeArr":[],"MName":null,"HasChildren":true,"Id":129},{"Code":"/Configure","Name":"配置管理","IsButton":false,"IsHide":false,"IskeepAlive":false,"Func":"","Pid":0,"Mid":0,"OrderSort":3,"Icon":null,"Description":null,"Enabled":true,"CreateId":null,"CreateBy":null,"CreateTime":"2020-07-01T10:31:06","ModifyId":null,"ModifyBy":null,"ModifyTime":"2020-07-01T10:31:06","IsDeleted":false,"PidArr":null,"PnameArr":[],"PCodeArr":[],"MName":null,"HasChildren":true,"Id":135},{"Code":"/Configure/Dept","Name":"部门配置","IsButton":false,"IsHide":false,"IskeepAlive":false,"Func":"","Pid":135,"Mid":0,"OrderSort":1,"Icon":null,"Description":"部门配置脚本","Enabled":true,"CreateId":null,"CreateBy":null,"CreateTime":"2020-06-30T09:55:51","ModifyId":null,"ModifyBy":null,"ModifyTime":"2020-06-30T09:55:51","IsDeleted":false,"PidArr":null,"PnameArr":[],"PCodeArr":[],"MName":null,"HasChildren":true,"Id":136},{"Code":"/api/AchDpt/GetAchDptListByPage","Name":"查询","IsButton":true,"IsHide":false,"IskeepAlive":false,"Func":"","Pid":136,"Mid":43,"OrderSort":0,"Icon":null,"Description":"列表查询","Enabled":true,"CreateId":4,"CreateBy":"admin","CreateTime":"2020-06-30T08:46:33","ModifyId":null,"ModifyBy":null,"ModifyTime":"2020-06-30T08:46:33","IsDeleted":false,"PidArr":null,"PnameArr":[],"PCodeArr":[],"MName":null,"HasChildren":true,"Id":137},{"Code":"/Configure/Org","Name":"机构配置","IsButton":false,"IsHide":false,"IskeepAlive":false,"Func":"","Pid":135,"Mid":0,"OrderSort":2,"Icon":null,"Description":null,"Enabled":true,"CreateId":null,"CreateBy":null,"CreateTime":"2020-06-30T15:33:08","ModifyId":null,"ModifyBy":null,"ModifyTime":"2020-06-30T15:33:08","IsDeleted":false,"PidArr":null,"PnameArr":[],"PCodeArr":[],"MName":null,"HasChildren":true,"Id":138},{"Code":"/api/AchOrg/GetAchOrgListByPage","Name":"查询","IsButton":true,"IsHide":false,"IskeepAlive":false,"Func":"","Pid":138,"Mid":44,"OrderSort":0,"Icon":null,"Description":"","Enabled":true,"CreateId":4,"CreateBy":"admin","CreateTime":"2020-06-30T08:53:44","ModifyId":null,"ModifyBy":null,"ModifyTime":"2020-06-30T08:53:44","IsDeleted":false,"PidArr":null,"PnameArr":[],"PCodeArr":[],"MName":null,"HasChildren":true,"Id":139},{"Code":"/Configure/Role","Name":"角色配置","IsButton":false,"IsHide":false,"IskeepAlive":false,"Func":"","Pid":135,"Mid":0,"OrderSort":0,"Icon":null,"Description":"角色配置列表","Enabled":true,"CreateId":4,"CreateBy":"admin","CreateTime":"2020-06-30T15:34:20","ModifyId":null,"ModifyBy":null,"ModifyTime":"2020-06-30T15:34:20","IsDeleted":false,"PidArr":null,"PnameArr":[],"PCodeArr":[],"MName":null,"HasChildren":true,"Id":140},{"Code":"/Configure/User","Name":"用户配置","IsButton":false,"IsHide":false,"IskeepAlive":false,"Func":"handleSee","Pid":135,"Mid":0,"OrderSort":0,"Icon":null,"Description":null,"Enabled":true,"CreateId":null,"CreateBy":null,"CreateTime":"2020-07-02T10:16:59","ModifyId":null,"ModifyBy":null,"ModifyTime":"2020-07-02T10:16:59","IsDeleted":false,"PidArr":null,"PnameArr":[],"PCodeArr":[],"MName":null,"HasChildren":true,"Id":141},{"Code":"/Configure/Vdr","Name":"厂家配置","IsButton":false,"IsHide":false,"IskeepAlive":false,"Func":"","Pid":135,"Mid":0,"OrderSort":0,"Icon":null,"Description":"厂家配置列表","Enabled":true,"CreateId":4,"CreateBy":"admin","CreateTime":"2020-06-30T15:39:28","ModifyId":null,"ModifyBy":null,"ModifyTime":"2020-06-30T15:39:28","IsDeleted":false,"PidArr":null,"PnameArr":[],"PCodeArr":[],"MName":null,"HasChildren":true,"Id":142},{"Code":"1","Name":"测试菜单","IsButton":false,"IsHide":false,"IskeepAlive":false,"Func":"","Pid":135,"Mid":6,"OrderSort":0,"Icon":null,"Description":"2","Enabled":true,"CreateId":4,"CreateBy":"admin","CreateTime":"2020-07-01T11:15:06","ModifyId":null,"ModifyBy":null,"ModifyTime":"2020-07-01T11:15:06","IsDeleted":false,"PidArr":null,"PnameArr":[],"PCodeArr":[],"MName":null,"HasChildren":true,"Id":143},{"Code":"/Configure/Sic","Name":"服务种类配置","IsButton":false,"IsHide":false,"IskeepAlive":false,"Func":"","Pid":135,"Mid":0,"OrderSort":0,"Icon":null,"Description":"","Enabled":true,"CreateId":null,"CreateBy":null,"CreateTime":"2020-07-02T09:06:11","ModifyId":null,"ModifyBy":null,"ModifyTime":"2020-07-02T09:06:11","IsDeleted":false,"PidArr":null,"PnameArr":[],"PCodeArr":[],"MName":null,"HasChildren":true,"Id":144},{"Code":"/Configure/Sit","Name":"服务项目配置","IsButton":false,"IsHide":false,"IskeepAlive":false,"Func":"","Pid":135,"Mid":0,"OrderSort":0,"Icon":null,"Description":null,"Enabled":true,"CreateId":null,"CreateBy":null,"CreateTime":"2020-07-02T09:07:15","ModifyId":null,"ModifyBy":null,"ModifyTime":"2020-07-02T09:07:15","IsDeleted":false,"PidArr":null,"PnameArr":[],"PCodeArr":[],"MName":null,"HasChildren":true,"Id":145}]
--------------------------------
2020/7/3 17:55:43|
【当前操作用户】： 
【当前执行方法】：QueryById 
【携带的参数有】： 0 
【执行完成结果】：null
--------------------------------
2020/7/3 17:55:43|
【当前操作用户】： 
【当前执行方法】：QueryById 
【携带的参数有】： 12 
【执行完成结果】：{"IsDeleted":false,"ParentId":null,"Name":"修改用户","LinkUrl":"/api/user/put","Area":null,"Controller":null,"Action":null,"Icon":null,"Code":null,"OrderSort":0,"Description":null,"IsMenu":false,"Enabled":true,"CreateId":18,"CreateBy":"提bug账号","CreateTime":"2019-01-01T00:00:00","ModifyId":null,"ModifyBy":null,"ModifyTime":"2019-01-01T00:00:00","Id":12}
--------------------------------
2020/7/3 17:55:43|
【当前操作用户】： 
【当前执行方法】：QueryById 
【携带的参数有】： 11 
【执行完成结果】：{"IsDeleted":false,"ParentId":null,"Name":"删除用户","LinkUrl":"/api/user/delete","Area":null,"Controller":null,"Action":null,"Icon":null,"Code":null,"OrderSort":0,"Description":null,"IsMenu":false,"Enabled":true,"CreateId":18,"CreateBy":"提bug账号","CreateTime":"2019-01-01T00:00:00","ModifyId":null,"ModifyBy":null,"ModifyTime":"2019-01-01T00:00:00","Id":11}
--------------------------------
2020/7/3 17:55:43|
【当前操作用户】： 
【当前执行方法】：QueryById 
【携带的参数有】： 25 
【执行完成结果】：{"IsDeleted":false,"ParentId":null,"Name":"添加角色","LinkUrl":"/api/role/post","Area":null,"Controller":null,"Action":null,"Icon":null,"Code":null,"OrderSort":0,"Description":null,"IsMenu":false,"Enabled":true,"CreateId":18,"CreateBy":"提bug账号","CreateTime":"2019-01-01T00:00:00","ModifyId":null,"ModifyBy":null,"ModifyTime":"2019-01-01T00:00:00","Id":25}
--------------------------------
2020/7/3 17:55:43|
【当前操作用户】： 
【当前执行方法】：QueryById 
【携带的参数有】： 24 
【执行完成结果】：{"IsDeleted":false,"ParentId":null,"Name":"修改角色","LinkUrl":"/api/role/put","Area":null,"Controller":null,"Action":null,"Icon":null,"Code":null,"OrderSort":0,"Description":null,"IsMenu":false,"Enabled":true,"CreateId":18,"CreateBy":"提bug账号","CreateTime":"2019-01-01T00:00:00","ModifyId":null,"ModifyBy":null,"ModifyTime":"2019-01-01T00:00:00","Id":24}
--------------------------------
2020/7/3 17:55:43|
【当前操作用户】： 
【当前执行方法】：QueryById 
【携带的参数有】： 23 
【执行完成结果】：{"IsDeleted":false,"ParentId":null,"Name":"删除角色","LinkUrl":"/api/role/delete","Area":null,"Controller":null,"Action":null,"Icon":null,"Code":null,"OrderSort":0,"Description":null,"IsMenu":false,"Enabled":true,"CreateId":18,"CreateBy":"提bug账号","CreateTime":"2019-01-01T00:00:00","ModifyId":null,"ModifyBy":null,"ModifyTime":"2019-01-01T00:00:00","Id":23}
--------------------------------
2020/7/3 17:55:43|
【当前操作用户】： 
【当前执行方法】：QueryById 
【携带的参数有】： 16 
【执行完成结果】：{"IsDeleted":false,"ParentId":null,"Name":"添加api接口","LinkUrl":"/api/module/post","Area":null,"Controller":null,"Action":null,"Icon":null,"Code":null,"OrderSort":0,"Description":null,"IsMenu":false,"Enabled":true,"CreateId":18,"CreateBy":"提bug账号","CreateTime":"2019-01-01T00:00:00","ModifyId":null,"ModifyBy":null,"ModifyTime":"2019-01-01T00:00:00","Id":16}
--------------------------------
2020/7/3 17:55:43|
【当前操作用户】： 
【当前执行方法】：QueryById 
【携带的参数有】： 14 
【执行完成结果】：{"IsDeleted":false,"ParentId":null,"Name":"删除api接口","LinkUrl":"/api/module/delete","Area":null,"Controller":null,"Action":null,"Icon":null,"Code":null,"OrderSort":0,"Description":null,"IsMenu":false,"Enabled":true,"CreateId":18,"CreateBy":"提bug账号","CreateTime":"2019-01-01T00:00:00","ModifyId":null,"ModifyBy":null,"ModifyTime":"2019-01-01T00:00:00","Id":14}
--------------------------------
2020/7/3 17:55:43|
【当前操作用户】： 
【当前执行方法】：QueryById 
【携带的参数有】： 20 
【执行完成结果】：{"IsDeleted":false,"ParentId":null,"Name":"添加菜单","LinkUrl":"/api/permission/post","Area":null,"Controller":null,"Action":null,"Icon":null,"Code":null,"OrderSort":0,"Description":null,"IsMenu":false,"Enabled":true,"CreateId":18,"CreateBy":"提bug账号","CreateTime":"2019-01-01T00:00:00","ModifyId":null,"ModifyBy":null,"ModifyTime":"2019-01-01T00:00:00","Id":20}
--------------------------------
2020/7/3 17:55:43|
【当前操作用户】： 
【当前执行方法】：QueryById 
【携带的参数有】： 19 
【执行完成结果】：{"IsDeleted":false,"ParentId":null,"Name":"修改菜单","LinkUrl":"/api/permission/put","Area":null,"Controller":null,"Action":null,"Icon":null,"Code":null,"OrderSort":0,"Description":null,"IsMenu":false,"Enabled":true,"CreateId":18,"CreateBy":"提bug账号","CreateTime":"2019-01-01T00:00:00","ModifyId":null,"ModifyBy":null,"ModifyTime":"2019-01-01T00:00:00","Id":19}
--------------------------------
2020/7/3 17:55:43|
【当前操作用户】： 
【当前执行方法】：QueryById 
【携带的参数有】： 18 
【执行完成结果】：{"IsDeleted":false,"ParentId":null,"Name":"删除菜单","LinkUrl":"/api/permission/delete","Area":null,"Controller":null,"Action":null,"Icon":null,"Code":null,"OrderSort":0,"Description":null,"IsMenu":false,"Enabled":true,"CreateId":18,"CreateBy":"提bug账号","CreateTime":"2019-01-01T00:00:00","ModifyId":null,"ModifyBy":null,"ModifyTime":"2019-01-01T00:00:00","Id":18}
--------------------------------
2020/7/3 17:55:43|
【当前操作用户】： 
【当前执行方法】：QueryById 
【携带的参数有】： 21 
【执行完成结果】：{"IsDeleted":false,"ParentId":null,"Name":"获取菜单树","LinkUrl":"/api/permission/getpermissiontree","Area":null,"Controller":null,"Action":null,"Icon":null,"Code":null,"OrderSort":0,"Description":null,"IsMenu":false,"Enabled":true,"CreateId":18,"CreateBy":"提bug账号","CreateTime":"2019-01-01T00:00:00","ModifyId":null,"ModifyBy":null,"ModifyTime":"2019-01-01T00:00:00","Id":21}
--------------------------------
2020/7/3 17:55:43|
【当前操作用户】： 
【当前执行方法】：QueryById 
【携带的参数有】： 28 
【执行完成结果】：{"IsDeleted":false,"ParentId":null,"Name":"保存分配","LinkUrl":"/api/permission/Assign","Area":null,"Controller":null,"Action":null,"Icon":null,"Code":null,"OrderSort":0,"Description":null,"IsMenu":false,"Enabled":true,"CreateId":23,"CreateBy":"后台总管理员","CreateTime":"2019-01-01T00:00:00","ModifyId":null,"ModifyBy":null,"ModifyTime":"2019-01-01T00:00:00","Id":28}
--------------------------------
2020/7/3 17:55:43|
【当前操作用户】： 
【当前执行方法】：QueryById 
【携带的参数有】： 43 
【执行完成结果】：{"IsDeleted":false,"ParentId":null,"Name":"部门列表查询","LinkUrl":"/api/AchDpt/GetAchDptListByPage","Area":null,"Controller":null,"Action":null,"Icon":null,"Code":null,"OrderSort":1,"Description":"","IsMenu":false,"Enabled":true,"CreateId":4,"CreateBy":"admin","CreateTime":"2020-06-30T08:45:46","ModifyId":null,"ModifyBy":null,"ModifyTime":"2020-06-30T08:45:46","Id":43}
--------------------------------
2020/7/3 17:55:43|
【当前操作用户】： 
【当前执行方法】：QueryById 
【携带的参数有】： 44 
【执行完成结果】：{"IsDeleted":false,"ParentId":null,"Name":"机构列表查询","LinkUrl":"/api/AchOrg/GetAchOrgListByPage","Area":null,"Controller":null,"Action":null,"Icon":null,"Code":null,"OrderSort":1,"Description":"","IsMenu":false,"Enabled":true,"CreateId":4,"CreateBy":"admin","CreateTime":"2020-06-30T08:53:09","ModifyId":null,"ModifyBy":null,"ModifyTime":"2020-06-30T08:53:09","Id":44}
