2020-07-03 17:52:44,044| ERROR 
Error occured seeding the Database.
One or more errors occurred. (获取wwwroot路径时，异常！)
--------------------------------
2020-07-03 17:52:44,106| FATAL 
Application startup exception
--------------------------------
System.AggregateException: One or more errors occurred. (获取wwwroot路径时，异常！)
 ---> System.Exception: 获取wwwroot路径时，异常！
   at Funeral.Core.Model.Seed.DBSeed.SeedAsync(MyContext myContext, String WebRootPath) in D:\Projects\Funeral.Core\Funeral.Core\Funeral.Core.Model\Seed\DBSeed.cs:line 255
   --- End of inner exception stack trace ---
   at System.Threading.Tasks.Task.ThrowIfExceptional(Boolean includeTaskCanceledExceptions)
   at System.Threading.Tasks.Task.Wait(Int32 millisecondsTimeout, CancellationToken cancellationToken)
   at System.Threading.Tasks.Task.Wait()
   at Funeral.Core.Extensions.SeedDataMildd.UseSeedDataMildd(IApplicationBuilder app, MyContext myContext, String webRootPath) in D:\Projects\Funeral.Core\Funeral.Core\Funeral.Core\Middlewares\SeedDataMildd.cs:line 24
   at Funeral.Core.Startup.Configure(IApplicationBuilder app, IWebHostEnvironment env, MyContext myContext, ITasksQzServices tasksQzServices, ISchedulerCenter schedulerCenter, IHostApplicationLifetime lifetime) in D:\Projects\Funeral.Core\Funeral.Core\Funeral.Core\Startup.cs:line 172
   at System.RuntimeMethodHandle.InvokeMethod(Object target, Object[] arguments, Signature sig, Boolean constructor, Boolean wrapExceptions)
   at System.Reflection.RuntimeMethodInfo.Invoke(Object obj, BindingFlags invokeAttr, Binder binder, Object[] parameters, CultureInfo culture)
   at Microsoft.AspNetCore.Hosting.ConfigureBuilder.Invoke(Object instance, IApplicationBuilder builder)
   at Microsoft.AspNetCore.Hosting.ConfigureBuilder.<>c__DisplayClass4_0.<Build>b__0(IApplicationBuilder builder)
   at Microsoft.AspNetCore.Hosting.GenericWebHostBuilder.<>c__DisplayClass13_0.<UseStartup>b__2(IApplicationBuilder app)
   at Microsoft.AspNetCore.Mvc.Filters.MiddlewareFilterBuilderStartupFilter.<>c__DisplayClass0_0.<Configure>g__MiddlewareFilterBuilder|0(IApplicationBuilder builder)
   at Microsoft.AspNetCore.HostFilteringStartupFilter.<>c__DisplayClass0_0.<Configure>b__0(IApplicationBuilder app)
   at Microsoft.AspNetCore.Hosting.GenericWebHostService.StartAsync(CancellationToken cancellationToken)
2020-07-03 17:53:21,253| ERROR 
Error occured seeding the Database.
One or more errors occurred. (获取wwwroot路径时，异常！)
--------------------------------
2020-07-03 17:53:21,321| FATAL 
Application startup exception
--------------------------------
System.AggregateException: One or more errors occurred. (获取wwwroot路径时，异常！)
 ---> System.Exception: 获取wwwroot路径时，异常！
   at Funeral.Core.Model.Seed.DBSeed.SeedAsync(MyContext myContext, String WebRootPath) in D:\Projects\Funeral.Core\Funeral.Core\Funeral.Core.Model\Seed\DBSeed.cs:line 255
   --- End of inner exception stack trace ---
   at System.Threading.Tasks.Task.ThrowIfExceptional(Boolean includeTaskCanceledExceptions)
   at System.Threading.Tasks.Task.Wait(Int32 millisecondsTimeout, CancellationToken cancellationToken)
   at System.Threading.Tasks.Task.Wait()
   at Funeral.Core.Extensions.SeedDataMildd.UseSeedDataMildd(IApplicationBuilder app, MyContext myContext, String webRootPath) in D:\Projects\Funeral.Core\Funeral.Core\Funeral.Core\Middlewares\SeedDataMildd.cs:line 24
   at Funeral.Core.Startup.Configure(IApplicationBuilder app, IWebHostEnvironment env, MyContext myContext, ITasksQzServices tasksQzServices, ISchedulerCenter schedulerCenter, IHostApplicationLifetime lifetime) in D:\Projects\Funeral.Core\Funeral.Core\Funeral.Core\Startup.cs:line 172
   at System.RuntimeMethodHandle.InvokeMethod(Object target, Object[] arguments, Signature sig, Boolean constructor, Boolean wrapExceptions)
   at System.Reflection.RuntimeMethodInfo.Invoke(Object obj, BindingFlags invokeAttr, Binder binder, Object[] parameters, CultureInfo culture)
   at Microsoft.AspNetCore.Hosting.ConfigureBuilder.Invoke(Object instance, IApplicationBuilder builder)
   at Microsoft.AspNetCore.Hosting.ConfigureBuilder.<>c__DisplayClass4_0.<Build>b__0(IApplicationBuilder builder)
   at Microsoft.AspNetCore.Hosting.GenericWebHostBuilder.<>c__DisplayClass13_0.<UseStartup>b__2(IApplicationBuilder app)
   at Microsoft.AspNetCore.Mvc.Filters.MiddlewareFilterBuilderStartupFilter.<>c__DisplayClass0_0.<Configure>g__MiddlewareFilterBuilder|0(IApplicationBuilder builder)
   at Microsoft.AspNetCore.HostFilteringStartupFilter.<>c__DisplayClass0_0.<Configure>b__0(IApplicationBuilder app)
   at Microsoft.AspNetCore.Hosting.GenericWebHostService.StartAsync(CancellationToken cancellationToken)
2020-07-03 17:54:17,953| ERROR 
Error occured seeding the Database.
One or more errors occurred. (获取wwwroot路径时，异常！)
--------------------------------
2020-07-03 17:54:18,018| FATAL 
Application startup exception
--------------------------------
System.AggregateException: One or more errors occurred. (获取wwwroot路径时，异常！)
 ---> System.Exception: 获取wwwroot路径时，异常！
   at Funeral.Core.Model.Seed.DBSeed.SeedAsync(MyContext myContext, String WebRootPath) in D:\Projects\Funeral.Core\Funeral.Core\Funeral.Core.Model\Seed\DBSeed.cs:line 255
   --- End of inner exception stack trace ---
   at System.Threading.Tasks.Task.ThrowIfExceptional(Boolean includeTaskCanceledExceptions)
   at System.Threading.Tasks.Task.Wait(Int32 millisecondsTimeout, CancellationToken cancellationToken)
   at System.Threading.Tasks.Task.Wait()
   at Funeral.Core.Extensions.SeedDataMildd.UseSeedDataMildd(IApplicationBuilder app, MyContext myContext, String webRootPath) in D:\Projects\Funeral.Core\Funeral.Core\Funeral.Core\Middlewares\SeedDataMildd.cs:line 24
   at Funeral.Core.Startup.Configure(IApplicationBuilder app, IWebHostEnvironment env, MyContext myContext, ITasksQzServices tasksQzServices, ISchedulerCenter schedulerCenter, IHostApplicationLifetime lifetime) in D:\Projects\Funeral.Core\Funeral.Core\Funeral.Core\Startup.cs:line 172
   at System.RuntimeMethodHandle.InvokeMethod(Object target, Object[] arguments, Signature sig, Boolean constructor, Boolean wrapExceptions)
   at System.Reflection.RuntimeMethodInfo.Invoke(Object obj, BindingFlags invokeAttr, Binder binder, Object[] parameters, CultureInfo culture)
   at Microsoft.AspNetCore.Hosting.ConfigureBuilder.Invoke(Object instance, IApplicationBuilder builder)
   at Microsoft.AspNetCore.Hosting.ConfigureBuilder.<>c__DisplayClass4_0.<Build>b__0(IApplicationBuilder builder)
   at Microsoft.AspNetCore.Hosting.GenericWebHostBuilder.<>c__DisplayClass13_0.<UseStartup>b__2(IApplicationBuilder app)
   at Microsoft.AspNetCore.Mvc.Filters.MiddlewareFilterBuilderStartupFilter.<>c__DisplayClass0_0.<Configure>g__MiddlewareFilterBuilder|0(IApplicationBuilder builder)
   at Microsoft.AspNetCore.HostFilteringStartupFilter.<>c__DisplayClass0_0.<Configure>b__0(IApplicationBuilder app)
   at Microsoft.AspNetCore.Hosting.GenericWebHostService.StartAsync(CancellationToken cancellationToken)
